Using an excessive number of cores has a diminishing return! It is recommended not to exceed 8 cores per trimming process (you asked for 16 cores). Please consider re-specifying
Path to Cutadapt set as: 'cutadapt' (default)
Cutadapt seems to be working fine (tested command 'cutadapt --version')
Cutadapt version: 4.9
Could not detect version of Python used by Cutadapt from the first line of Cutadapt (but found this: >>>#!/bin/sh<<<)
Letting the (modified) Cutadapt deal with the Python version instead
pigz 2.8
Parallel gzip (pigz) detected. Proceeding with multicore (de)compression using 16 cores

igzip command line interface 2.31.0
igzip detected. Using igzip for decompressing

No quality encoding type selected. Assuming that the data provided uses Sanger encoded Phred scores (default)

Output will be written into the directory: /beegfs/scratch/ric.broccoli/kubacki.michal/MIRKO_DATA/Custom_pipeline/results/trimmed/


AUTO-DETECTING ADAPTER TYPE
===========================
Attempting to auto-detect adapter type from the first 1 million sequences of the first file (>> DATA/POL2/2G1_R1_001.fastq.gz <<)

Found perfect matches for the following adapter sequences:
Adapter type	Count	Sequence	Sequences analysed	Percentage
Nextera	702202	CTGTCTCTTATA	1000000	70.22
Illumina	3	AGATCGGAAGAGC	1000000	0.00
smallRNA	0	TGGAATTCTCGG	1000000	0.00
Using Nextera adapter for trimming (count: 702202). Second best hit was Illumina (count: 3)

Writing report to '/beegfs/scratch/ric.broccoli/kubacki.michal/MIRKO_DATA/Custom_pipeline/results/trimmed/2G1_R1_001.fastq.gz_trimming_report.txt'

SUMMARISING RUN PARAMETERS
==========================
Input filename: DATA/POL2/2G1_R1_001.fastq.gz
Trimming mode: paired-end
Trim Galore version: 0.6.10
Cutadapt version: 4.9
Python version: could not detect
Number of cores used for trimming: 16
Quality Phred score cutoff: 20
Quality encoding type selected: ASCII+33
Adapter sequence: 'CTGTCTCTTATA' (Nextera Transposase sequence; auto-detected)
Maximum trimming error rate: 0.1 (default)
Minimum required adapter overlap (stringency): 1 bp
Minimum required sequence length for both reads before a sequence pair gets removed: 20 bp
Running FastQC on the data once trimming has completed
Output file(s) will be GZIP compressed

Cutadapt seems to be fairly up-to-date (version 4.9). Setting -j 16
Writing final adapter and quality trimmed output to 2G1_R1_001_trimmed.fq.gz


  >>> Now performing quality (cutoff '-q 20') and adapter trimming in a single pass for the adapter sequence: 'CTGTCTCTTATA' from file DATA/POL2/2G1_R1_001.fastq.gz <<< 
10000000 sequences processed
20000000 sequences processed
30000000 sequences processed
40000000 sequences processed
50000000 sequences processed
60000000 sequences processed
70000000 sequences processed
This is cutadapt 4.9 with Python 3.11.8
Command line parameters: -j 16 -e 0.1 -q 20 -O 1 -a CTGTCTCTTATA DATA/POL2/2G1_R1_001.fastq.gz
Processing single-end reads on 16 cores ...
Finished in 148.880 s (2.030 µs/read; 29.56 M reads/minute).

=== Summary ===

Total reads processed:              73,352,670
Reads with adapters:                60,557,662 (82.6%)
Reads written (passing filters):    73,352,670 (100.0%)

Total basepairs processed: 11,002,900,500 bp
Quality-trimmed:              81,540,628 bp (0.7%)
Total written (filtered):  7,470,734,519 bp (67.9%)

=== Adapter 1 ===

Sequence: CTGTCTCTTATA; Type: regular 3'; Length: 12; Trimmed: 60557662 times

Minimum overlap: 1
No. of allowed errors:
1-9 bp: 0; 10-12 bp: 1

Bases preceding removed adapters:
  A: 11.5%
  C: 42.8%
  G: 25.3%
  T: 20.4%
  none/other: 0.0%

Overview of removed sequences
length	count	expect	max.err	error counts
1	4921898	18338167.5	0	4921898
2	1357737	4584541.9	0	1357737
3	639667	1146135.5	0	639667
4	349675	286533.9	0	349675
5	291637	71633.5	0	291637
6	289134	17908.4	0	289134
7	268232	4477.1	0	268232
8	283401	1119.3	0	283401
9	287498	279.8	0	287241 257
10	277788	70.0	1	272787 5001
11	302395	17.5	1	295476 6919
12	289798	4.4	1	284657 5141
13	301021	4.4	1	291760 9261
14	304806	4.4	1	298058 6748
15	327109	4.4	1	315205 11904
16	365514	4.4	1	351775 13739
17	274137	4.4	1	270005 4132
18	329515	4.4	1	319792 9723
19	324618	4.4	1	317173 7445
20	309472	4.4	1	301095 8377
21	416015	4.4	1	400225 15790
22	267024	4.4	1	261509 5515
23	374469	4.4	1	364988 9481
24	313730	4.4	1	308467 5263
25	353440	4.4	1	344235 9205
26	359849	4.4	1	349324 10525
27	399924	4.4	1	381117 18807
28	429948	4.4	1	413726 16222
29	337370	4.4	1	326523 10847
30	320501	4.4	1	314282 6219
31	398039	4.4	1	386104 11935
32	368941	4.4	1	360406 8535
33	385191	4.4	1	375275 9916
34	381172	4.4	1	372243 8929
35	402415	4.4	1	392116 10299
36	409871	4.4	1	397530 12341
37	412243	4.4	1	397742 14501
38	445936	4.4	1	429443 16493
39	401343	4.4	1	388632 12711
40	439124	4.4	1	424264 14860
41	415405	4.4	1	406338 9067
42	461006	4.4	1	445590 15416
43	474838	4.4	1	459139 15699
44	833083	4.4	1	794264 38819
45	394236	4.4	1	382207 12029
46	1341378	4.4	1	1306943 34435
47	74063	4.4	1	68205 5858
48	1022659	4.4	1	1001937 20722
49	444397	4.4	1	432465 11932
50	135200	4.4	1	129104 6096
51	1198235	4.4	1	1184774 13461
52	213638	4.4	1	205612 8026
53	619539	4.4	1	609958 9581
54	155594	4.4	1	150908 4686
55	214314	4.4	1	209647 4667
56	755479	4.4	1	746105 9374
57	173608	4.4	1	167451 6157
58	435658	4.4	1	426919 8739
59	1006131	4.4	1	991148 14983
60	184888	4.4	1	177534 7354
61	575599	4.4	1	562916 12683
62	609795	4.4	1	599330 10465
63	253938	4.4	1	245953 7985
64	513093	4.4	1	501615 11478
65	1377891	4.4	1	1349637 28254
66	1077991	4.4	1	1057551 20440
67	2044710	4.4	1	2017781 26929
68	382856	4.4	1	374828 8028
69	66757	4.4	1	63620 3137
70	41479	4.4	1	38569 2910
71	25425	4.4	1	22804 2621
72	19178	4.4	1	16717 2461
73	63433	4.4	1	59237 4196
74	260937	4.4	1	253368 7569
75	439028	4.4	1	429457 9571
76	546617	4.4	1	535701 10916
77	569359	4.4	1	557666 11693
78	596618	4.4	1	584943 11675
79	630523	4.4	1	618247 12276
80	630737	4.4	1	619261 11476
81	654459	4.4	1	641920 12539
82	641225	4.4	1	630771 10454
83	634636	4.4	1	624543 10093
84	643347	4.4	1	634225 9122
85	656328	4.4	1	646229 10099
86	648914	4.4	1	638827 10087
87	644403	4.4	1	634140 10263
88	643337	4.4	1	634048 9289
89	666549	4.4	1	656636 9913
90	667764	4.4	1	657665 10099
91	703034	4.4	1	692079 10955
92	719170	4.4	1	707145 12025
93	696159	4.4	1	683915 12244
94	683872	4.4	1	672951 10921
95	672244	4.4	1	659378 12866
96	658255	4.4	1	644600 13655
97	654760	4.4	1	641241 13519
98	636525	4.4	1	622866 13659
99	645107	4.4	1	631056 14051
100	642132	4.4	1	627991 14141
101	638830	4.4	1	624944 13886
102	677713	4.4	1	663582 14131
103	660803	4.4	1	647510 13293
104	664268	4.4	1	651495 12773
105	605647	4.4	1	593652 11995
106	535696	4.4	1	525237 10459
107	500296	4.4	1	491571 8725
108	445945	4.4	1	439387 6558
109	392021	4.4	1	385856 6165
110	324774	4.4	1	320186 4588
111	270852	4.4	1	266929 3923
112	214326	4.4	1	211237 3089
113	151561	4.4	1	149257 2304
114	104324	4.4	1	102162 2162
115	45165	4.4	1	44388 777
116	25256	4.4	1	24781 475
117	21258	4.4	1	20724 534
118	18011	4.4	1	17324 687
119	13360	4.4	1	12745 615
120	9482	4.4	1	8971 511
121	8784	4.4	1	8321 463
122	5351	4.4	1	5195 156
123	3893	4.4	1	3452 441
124	2171	4.4	1	1891 280
125	941	4.4	1	156 785
126	270	4.4	1	84 186
127	610	4.4	1	52 558
128	291	4.4	1	20 271
129	529	4.4	1	45 484
130	317	4.4	1	45 272
131	509	4.4	1	25 484
132	275	4.4	1	107 168
133	323	4.4	1	14 309
134	113	4.4	1	13 100
135	166	4.4	1	20 146
136	441	4.4	1	13 428
137	1368	4.4	1	20 1348
138	438	4.4	1	60 378
139	120	4.4	1	9 111
140	411	4.4	1	13 398
141	383	4.4	1	17 366
142	1239	4.4	1	55 1184
143	277	4.4	1	151 126
144	56	4.4	1	12 44
145	189	4.4	1	32 157
146	377	4.4	1	342 35
147	804	4.4	1	146 658
148	168	4.4	1	23 145
149	321	4.4	1	162 159
150	3809	4.4	1	3702 107

RUN STATISTICS FOR INPUT FILE: DATA/POL2/2G1_R1_001.fastq.gz
=============================================
73352670 sequences processed in total
The length threshold of paired-end sequences gets evaluated later on (in the validation step)

Writing report to '/beegfs/scratch/ric.broccoli/kubacki.michal/MIRKO_DATA/Custom_pipeline/results/trimmed/2G1_R2_001.fastq.gz_trimming_report.txt'

SUMMARISING RUN PARAMETERS
==========================
Input filename: DATA/POL2/2G1_R2_001.fastq.gz
Trimming mode: paired-end
Trim Galore version: 0.6.10
Cutadapt version: 4.9
Python version: could not detect
Number of cores used for trimming: 16
Quality Phred score cutoff: 20
Quality encoding type selected: ASCII+33
Adapter sequence: 'CTGTCTCTTATA' (Nextera Transposase sequence; auto-detected)
Maximum trimming error rate: 0.1 (default)
Minimum required adapter overlap (stringency): 1 bp
Minimum required sequence length for both reads before a sequence pair gets removed: 20 bp
Running FastQC on the data once trimming has completed
Output file(s) will be GZIP compressed

Cutadapt seems to be fairly up-to-date (version 4.9). Setting -j -j 16
Writing final adapter and quality trimmed output to 2G1_R2_001_trimmed.fq.gz


  >>> Now performing quality (cutoff '-q 20') and adapter trimming in a single pass for the adapter sequence: 'CTGTCTCTTATA' from file DATA/POL2/2G1_R2_001.fastq.gz <<< 
10000000 sequences processed
20000000 sequences processed
30000000 sequences processed
40000000 sequences processed
50000000 sequences processed
60000000 sequences processed
70000000 sequences processed
This is cutadapt 4.9 with Python 3.11.8
Command line parameters: -j 16 -e 0.1 -q 20 -O 1 -a CTGTCTCTTATA DATA/POL2/2G1_R2_001.fastq.gz
Processing single-end reads on 16 cores ...
Finished in 147.458 s (2.010 µs/read; 29.85 M reads/minute).

=== Summary ===

Total reads processed:              73,352,670
Reads with adapters:                60,295,243 (82.2%)
Reads written (passing filters):    73,352,670 (100.0%)

Total basepairs processed: 11,002,900,500 bp
Quality-trimmed:              35,784,013 bp (0.3%)
Total written (filtered):  7,486,280,858 bp (68.0%)

=== Adapter 1 ===

Sequence: CTGTCTCTTATA; Type: regular 3'; Length: 12; Trimmed: 60295243 times

Minimum overlap: 1
No. of allowed errors:
1-9 bp: 0; 10-12 bp: 1

Bases preceding removed adapters:
  A: 11.4%
  C: 42.9%
  G: 25.5%
  T: 20.2%
  none/other: 0.0%

Overview of removed sequences
length	count	expect	max.err	error counts
1	4956712	18338167.5	0	4956712
2	1355725	4584541.9	0	1355725
3	647345	1146135.5	0	647345
4	346598	286533.9	0	346598
5	289590	71633.5	0	289590
6	281729	17908.4	0	281729
7	270688	4477.1	0	270688
8	278600	1119.3	0	278600
9	290166	279.8	0	289818 348
10	270119	70.0	1	265604 4515
11	308822	17.5	1	298902 9920
12	288676	4.4	1	283331 5345
13	296610	4.4	1	287747 8863
14	299632	4.4	1	293617 6015
15	315362	4.4	1	305482 9880
16	310627	4.4	1	303295 7332
17	311156	4.4	1	303907 7249
18	313006	4.4	1	303887 9119
19	330077	4.4	1	319037 11040
20	323980	4.4	1	316396 7584
21	316405	4.4	1	309017 7388
22	340842	4.4	1	330508 10334
23	348713	4.4	1	341656 7057
24	353402	4.4	1	344433 8969
25	359444	4.4	1	348656 10788
26	346528	4.4	1	339406 7122
27	361438	4.4	1	352657 8781
28	353952	4.4	1	342042 11910
29	359489	4.4	1	350716 8773
30	359438	4.4	1	350361 9077
31	383326	4.4	1	372069 11257
32	375080	4.4	1	366514 8566
33	375971	4.4	1	365858 10113
34	383072	4.4	1	374632 8440
35	405009	4.4	1	394265 10744
36	391070	4.4	1	381937 9133
37	401775	4.4	1	389814 11961
38	405722	4.4	1	395350 10372
39	392865	4.4	1	383583 9282
40	390707	4.4	1	381994 8713
41	435453	4.4	1	424786 10667
42	432068	4.4	1	422212 9856
43	451722	4.4	1	439546 12176
44	451247	4.4	1	437685 13562
45	441691	4.4	1	432034 9657
46	448472	4.4	1	439711 8761
47	467081	4.4	1	455269 11812
48	465053	4.4	1	454617 10436
49	468991	4.4	1	458475 10516
50	481776	4.4	1	468178 13598
51	461951	4.4	1	450860 11091
52	490993	4.4	1	480379 10614
53	522712	4.4	1	511109 11603
54	458598	4.4	1	448449 10149
55	497207	4.4	1	487504 9703
56	520443	4.4	1	508566 11877
57	512048	4.4	1	501592 10456
58	509769	4.4	1	498209 11560
59	531483	4.4	1	518942 12541
60	511168	4.4	1	501557 9611
61	530123	4.4	1	519732 10391
62	572854	4.4	1	558511 14343
63	561851	4.4	1	549349 12502
64	565753	4.4	1	553602 12151
65	638526	4.4	1	623385 15141
66	667486	4.4	1	655215 12271
67	917385	4.4	1	907529 9856
68	180284	4.4	1	175715 4569
69	470790	4.4	1	464489 6301
70	566419	4.4	1	558837 7582
71	580817	4.4	1	572737 8080
72	573899	4.4	1	565755 8144
73	585302	4.4	1	576798 8504
74	604234	4.4	1	595724 8510
75	589791	4.4	1	580974 8817
76	614659	4.4	1	605289 9370
77	602178	4.4	1	593077 9101
78	615943	4.4	1	606260 9683
79	643218	4.4	1	633698 9520
80	637914	4.4	1	628423 9491
81	659432	4.4	1	649514 9918
82	643767	4.4	1	634499 9268
83	636064	4.4	1	627389 8675
84	644149	4.4	1	635355 8794
85	655760	4.4	1	647419 8341
86	648274	4.4	1	638993 9281
87	643331	4.4	1	634500 8831
88	641475	4.4	1	632673 8802
89	663908	4.4	1	654594 9314
90	664576	4.4	1	655619 8957
91	700133	4.4	1	690091 10042
92	716546	4.4	1	705823 10723
93	693215	4.4	1	682320 10895
94	681356	4.4	1	670614 10742
95	669584	4.4	1	659365 10219
96	655082	4.4	1	644547 10535
97	652204	4.4	1	642530 9674
98	634396	4.4	1	625157 9239
99	642155	4.4	1	632392 9763
100	639969	4.4	1	631654 8315
101	636245	4.4	1	627463 8782
102	674919	4.4	1	666048 8871
103	658978	4.4	1	650134 8844
104	660429	4.4	1	651511 8918
105	603263	4.4	1	595528 7735
106	534338	4.4	1	526752 7586
107	499050	4.4	1	492416 6634
108	444935	4.4	1	439241 5694
109	391573	4.4	1	385959 5614
110	324872	4.4	1	320172 4700
111	271176	4.4	1	267619 3557
112	215160	4.4	1	211800 3360
113	152345	4.4	1	149991 2354
114	105088	4.4	1	102907 2181
115	45411	4.4	1	44699 712
116	25413	4.4	1	24874 539
117	21501	4.4	1	21071 430
118	18055	4.4	1	17538 517
119	13594	4.4	1	12737 857
120	9592	4.4	1	9159 433
121	8764	4.4	1	8427 337
122	5688	4.4	1	5284 404
123	4227	4.4	1	3567 660
124	2199	4.4	1	1987 212
125	483	4.4	1	157 326
126	365	4.4	1	78 287
127	439	4.4	1	56 383
128	262	4.4	1	19 243
129	205	4.4	1	46 159
130	599	4.4	1	21 578
131	500	4.4	1	21 479
132	430	4.4	1	78 352
133	428	4.4	1	16 412
134	293	4.4	1	10 283
135	36	4.4	1	21 15
136	148	4.4	1	11 137
137	1304	4.4	1	10 1294
138	208	4.4	1	5 203
139	111	4.4	1	6 105
140	424	4.4	1	10 414
141	479	4.4	1	10 469
142	582	4.4	1	14 568
143	474	4.4	1	152 322
144	287	4.4	1	4 283
145	248	4.4	1	1 247
146	398	4.4	1	354 44
147	1226	4.4	1	142 1084
148	189	4.4	1	7 182
149	88	4.4	1	40 48
150	4026	4.4	1	3926 100

RUN STATISTICS FOR INPUT FILE: DATA/POL2/2G1_R2_001.fastq.gz
=============================================
73352670 sequences processed in total
The length threshold of paired-end sequences gets evaluated later on (in the validation step)

Validate paired-end files 2G1_R1_001_trimmed.fq.gz and 2G1_R2_001_trimmed.fq.gz
file_1: 2G1_R1_001_trimmed.fq.gz, file_2: 2G1_R2_001_trimmed.fq.gz


>>>>> Now validing the length of the 2 paired-end infiles: 2G1_R1_001_trimmed.fq.gz and 2G1_R2_001_trimmed.fq.gz <<<<<
Writing validated paired-end Read 1 reads to 2G1_R1_001_val_1.fq.gz
Writing validated paired-end Read 2 reads to 2G1_R2_001_val_2.fq.gz

Total number of sequences analysed: 73352670

Number of sequence pairs removed because at least one read was shorter than the length cutoff (20 bp): 34640 (0.05%)


  >>> Now running FastQC on the validated data 2G1_R1_001_val_1.fq.gz<<<

application/gzip
Started analysis of 2G1_R1_001_val_1.fq.gz
Approx 5% complete for 2G1_R1_001_val_1.fq.gz
Approx 10% complete for 2G1_R1_001_val_1.fq.gz
Approx 15% complete for 2G1_R1_001_val_1.fq.gz
Approx 20% complete for 2G1_R1_001_val_1.fq.gz
Approx 25% complete for 2G1_R1_001_val_1.fq.gz
Approx 30% complete for 2G1_R1_001_val_1.fq.gz
Approx 35% complete for 2G1_R1_001_val_1.fq.gz
Approx 40% complete for 2G1_R1_001_val_1.fq.gz
Approx 45% complete for 2G1_R1_001_val_1.fq.gz
Approx 50% complete for 2G1_R1_001_val_1.fq.gz
Approx 55% complete for 2G1_R1_001_val_1.fq.gz
Approx 60% complete for 2G1_R1_001_val_1.fq.gz
Approx 65% complete for 2G1_R1_001_val_1.fq.gz
Approx 70% complete for 2G1_R1_001_val_1.fq.gz
Approx 75% complete for 2G1_R1_001_val_1.fq.gz
Approx 80% complete for 2G1_R1_001_val_1.fq.gz
Approx 85% complete for 2G1_R1_001_val_1.fq.gz
Approx 90% complete for 2G1_R1_001_val_1.fq.gz
Approx 95% complete for 2G1_R1_001_val_1.fq.gz
Approx 100% complete for 2G1_R1_001_val_1.fq.gz
Analysis complete for 2G1_R1_001_val_1.fq.gz

  >>> Now running FastQC on the validated data 2G1_R2_001_val_2.fq.gz<<<

application/gzip
Started analysis of 2G1_R2_001_val_2.fq.gz
Approx 5% complete for 2G1_R2_001_val_2.fq.gz
Approx 10% complete for 2G1_R2_001_val_2.fq.gz
Approx 15% complete for 2G1_R2_001_val_2.fq.gz
Approx 20% complete for 2G1_R2_001_val_2.fq.gz
Approx 25% complete for 2G1_R2_001_val_2.fq.gz
Approx 30% complete for 2G1_R2_001_val_2.fq.gz
Approx 35% complete for 2G1_R2_001_val_2.fq.gz
Approx 40% complete for 2G1_R2_001_val_2.fq.gz
Approx 45% complete for 2G1_R2_001_val_2.fq.gz
Approx 50% complete for 2G1_R2_001_val_2.fq.gz
Approx 55% complete for 2G1_R2_001_val_2.fq.gz
Approx 60% complete for 2G1_R2_001_val_2.fq.gz
Approx 65% complete for 2G1_R2_001_val_2.fq.gz
Approx 70% complete for 2G1_R2_001_val_2.fq.gz
Approx 75% complete for 2G1_R2_001_val_2.fq.gz
Approx 80% complete for 2G1_R2_001_val_2.fq.gz
Approx 85% complete for 2G1_R2_001_val_2.fq.gz
Approx 90% complete for 2G1_R2_001_val_2.fq.gz
Approx 95% complete for 2G1_R2_001_val_2.fq.gz
Approx 100% complete for 2G1_R2_001_val_2.fq.gz
Analysis complete for 2G1_R2_001_val_2.fq.gz
Deleting both intermediate output files 2G1_R1_001_trimmed.fq.gz and 2G1_R2_001_trimmed.fq.gz

====================================================================================================

