Using an excessive number of cores has a diminishing return! It is recommended not to exceed 8 cores per trimming process (you asked for 16 cores). Please consider re-specifying
Path to Cutadapt set as: 'cutadapt' (default)
Cutadapt seems to be working fine (tested command 'cutadapt --version')
Cutadapt version: 4.9
Could not detect version of Python used by Cutadapt from the first line of Cutadapt (but found this: >>>#!/bin/sh<<<)
Letting the (modified) Cutadapt deal with the Python version instead
pigz 2.8
Parallel gzip (pigz) detected. Proceeding with multicore (de)compression using 16 cores

igzip command line interface 2.31.0
igzip detected. Using igzip for decompressing

No quality encoding type selected. Assuming that the data provided uses Sanger encoded Phred scores (default)

Output will be written into the directory: /beegfs/scratch/ric.broccoli/kubacki.michal/MIRKO_DATA/Custom_pipeline/results/trimmed/


AUTO-DETECTING ADAPTER TYPE
===========================
Attempting to auto-detect adapter type from the first 1 million sequences of the first file (>> DATA/POL2/2G3_R1_001.fastq.gz <<)

Found perfect matches for the following adapter sequences:
Adapter type	Count	Sequence	Sequences analysed	Percentage
Nextera	600130	CTGTCTCTTATA	1000000	60.01
Illumina	1	AGATCGGAAGAGC	1000000	0.00
smallRNA	0	TGGAATTCTCGG	1000000	0.00
Using Nextera adapter for trimming (count: 600130). Second best hit was Illumina (count: 1)

Writing report to '/beegfs/scratch/ric.broccoli/kubacki.michal/MIRKO_DATA/Custom_pipeline/results/trimmed/2G3_R1_001.fastq.gz_trimming_report.txt'

SUMMARISING RUN PARAMETERS
==========================
Input filename: DATA/POL2/2G3_R1_001.fastq.gz
Trimming mode: paired-end
Trim Galore version: 0.6.10
Cutadapt version: 4.9
Python version: could not detect
Number of cores used for trimming: 16
Quality Phred score cutoff: 20
Quality encoding type selected: ASCII+33
Adapter sequence: 'CTGTCTCTTATA' (Nextera Transposase sequence; auto-detected)
Maximum trimming error rate: 0.1 (default)
Minimum required adapter overlap (stringency): 1 bp
Minimum required sequence length for both reads before a sequence pair gets removed: 20 bp
Running FastQC on the data once trimming has completed
Output file(s) will be GZIP compressed

Cutadapt seems to be fairly up-to-date (version 4.9). Setting -j 16
Writing final adapter and quality trimmed output to 2G3_R1_001_trimmed.fq.gz


  >>> Now performing quality (cutoff '-q 20') and adapter trimming in a single pass for the adapter sequence: 'CTGTCTCTTATA' from file DATA/POL2/2G3_R1_001.fastq.gz <<< 
10000000 sequences processed
20000000 sequences processed
30000000 sequences processed
40000000 sequences processed
50000000 sequences processed
60000000 sequences processed
70000000 sequences processed
80000000 sequences processed
90000000 sequences processed
100000000 sequences processed
This is cutadapt 4.9 with Python 3.11.8
Command line parameters: -j 16 -e 0.1 -q 20 -O 1 -a CTGTCTCTTATA DATA/POL2/2G3_R1_001.fastq.gz
Processing single-end reads on 16 cores ...
Finished in 320.645 s (2.998 µs/read; 20.01 M reads/minute).

=== Summary ===

Total reads processed:             106,941,040
Reads with adapters:                79,569,691 (74.4%)
Reads written (passing filters):   106,941,040 (100.0%)

Total basepairs processed: 16,041,156,000 bp
Quality-trimmed:             152,974,174 bp (1.0%)
Total written (filtered):  11,849,035,693 bp (73.9%)

=== Adapter 1 ===

Sequence: CTGTCTCTTATA; Type: regular 3'; Length: 12; Trimmed: 79569691 times

Minimum overlap: 1
No. of allowed errors:
1-9 bp: 0; 10-12 bp: 1

Bases preceding removed adapters:
  A: 14.3%
  C: 40.1%
  G: 23.8%
  T: 21.8%
  none/other: 0.1%

Overview of removed sequences
length	count	expect	max.err	error counts
1	9633121	26735260.0	0	9633121
2	3263641	6683815.0	0	3263641
3	1180757	1670953.8	0	1180757
4	609263	417738.4	0	609263
5	372636	104434.6	0	372636
6	298981	26108.7	0	298981
7	244646	6527.2	0	244646
8	218048	1631.8	0	218048
9	273205	407.9	0	272433 772
10	298997	102.0	1	289541 9456
11	395579	25.5	1	383062 12517
12	443472	6.4	1	431860 11612
13	502652	6.4	1	481770 20882
14	487723	6.4	1	472456 15267
15	436346	6.4	1	415279 21067
16	433518	6.4	1	411576 21942
17	214472	6.4	1	209950 4522
18	274154	6.4	1	263127 11027
19	240427	6.4	1	231776 8651
20	299694	6.4	1	288762 10932
21	613922	6.4	1	584390 29532
22	382135	6.4	1	371649 10486
23	685419	6.4	1	664761 20658
24	517248	6.4	1	507117 10131
25	570181	6.4	1	551380 18801
26	440189	6.4	1	424235 15954
27	397732	6.4	1	368156 29576
28	414029	6.4	1	388523 25506
29	204276	6.4	1	193827 10449
30	277094	6.4	1	269782 7312
31	470900	6.4	1	450481 20419
32	614318	6.4	1	595405 18913
33	707029	6.4	1	682687 24342
34	697410	6.4	1	678043 19367
35	688071	6.4	1	666934 21137
36	630785	6.4	1	606146 24639
37	434273	6.4	1	420276 13997
38	334988	6.4	1	321753 13235
39	304424	6.4	1	292582 11842
40	343824	6.4	1	320021 23803
41	410960	6.4	1	398211 12749
42	625173	6.4	1	599014 26159
43	759004	6.4	1	734493 24511
44	1653067	6.4	1	1583785 69282
45	664130	6.4	1	646215 17915
46	1999263	6.4	1	1948454 50809
47	131668	6.4	1	122905 8763
48	1160008	6.4	1	1133582 26426
49	464335	6.4	1	449483 14852
50	124655	6.4	1	117924 6731
51	2091154	6.4	1	2069126 22028
52	306090	6.4	1	293431 12659
53	637688	6.4	1	620785 16903
54	286595	6.4	1	277080 9515
55	300757	6.4	1	289748 11009
56	1333368	6.4	1	1312922 20446
57	190619	6.4	1	181246 9373
58	435704	6.4	1	423466 12238
59	984107	6.4	1	966565 17542
60	116931	6.4	1	110268 6663
61	378114	6.4	1	365154 12960
62	832512	6.4	1	814741 17771
63	277734	6.4	1	263716 14018
64	888330	6.4	1	863976 24354
65	2142788	6.4	1	2093449 49339
66	2040519	6.4	1	1999817 40702
67	1781095	6.4	1	1745935 35160
68	192232	6.4	1	183310 8922
69	58809	6.4	1	54402 4407
70	45983	6.4	1	42688 3295
71	31127	6.4	1	25029 6098
72	22538	6.4	1	18511 4027
73	66907	6.4	1	58312 8595
74	377903	6.4	1	363207 14696
75	925009	6.4	1	901275 23734
76	1366383	6.4	1	1335218 31165
77	1302778	6.4	1	1274950 27828
78	1029230	6.4	1	1005491 23739
79	698859	6.4	1	684146 14713
80	389992	6.4	1	381991 8001
81	334174	6.4	1	327143 7031
82	373963	6.4	1	365084 8879
83	595798	6.4	1	581270 14528
84	985213	6.4	1	964153 21060
85	1287854	6.4	1	1263844 24010
86	1618740	6.4	1	1590545 28195
87	1489967	6.4	1	1463003 26964
88	1251506	6.4	1	1229111 22395
89	798040	6.4	1	783668 14372
90	517308	6.4	1	507478 9830
91	304254	6.4	1	294791 9463
92	258384	6.4	1	250672 7712
93	431983	6.4	1	421890 10093
94	648238	6.4	1	634057 14181
95	917382	6.4	1	896084 21298
96	1194114	6.4	1	1164583 29531
97	1211337	6.4	1	1182470 28867
98	1059592	6.4	1	1032453 27139
99	785186	6.4	1	760674 24512
100	429616	6.4	1	416329 13287
101	237790	6.4	1	229688 8102
102	164224	6.4	1	155618 8606
103	170900	6.4	1	166168 4732
104	285567	6.4	1	278043 7524
105	470451	6.4	1	456886 13565
106	549929	6.4	1	534432 15497
107	506066	6.4	1	494683 11383
108	413709	6.4	1	405062 8647
109	328279	6.4	1	315662 12617
110	177171	6.4	1	171877 5294
111	97547	6.4	1	94111 3436
112	37667	6.4	1	35039 2628
113	27536	6.4	1	25990 1546
114	35802	6.4	1	32635 3167
115	29793	6.4	1	28309 1484
116	24243	6.4	1	23461 782
117	27166	6.4	1	26131 1035
118	17598	6.4	1	12985 4613
119	13158	6.4	1	10964 2194
120	5289	6.4	1	4678 611
121	6560	6.4	1	5699 861
122	976	6.4	1	250 726
123	5908	6.4	1	1161 4747
124	4420	6.4	1	156 4264
125	2615	6.4	1	923 1692
126	621	6.4	1	113 508
127	1611	6.4	1	132 1479
128	1654	6.4	1	121 1533
129	2546	6.4	1	197 2349
130	7038	6.4	1	107 6931
131	3484	6.4	1	119 3365
132	4252	6.4	1	68 4184
133	3782	6.4	1	117 3665
134	198	6.4	1	90 108
135	155	6.4	1	98 57
136	926	6.4	1	84 842
137	636	6.4	1	78 558
138	848	6.4	1	80 768
139	938	6.4	1	298 640
140	1051	6.4	1	222 829
141	1181	6.4	1	83 1098
142	2665	6.4	1	167 2498
143	883	6.4	1	66 817
144	1503	6.4	1	84 1419
145	96	6.4	1	67 29
146	522	6.4	1	83 439
147	1803	6.4	1	186 1617
148	1007	6.4	1	145 862
149	1090	6.4	1	1006 84
150	22491	6.4	1	21927 564

RUN STATISTICS FOR INPUT FILE: DATA/POL2/2G3_R1_001.fastq.gz
=============================================
106941040 sequences processed in total
The length threshold of paired-end sequences gets evaluated later on (in the validation step)

Writing report to '/beegfs/scratch/ric.broccoli/kubacki.michal/MIRKO_DATA/Custom_pipeline/results/trimmed/2G3_R2_001.fastq.gz_trimming_report.txt'

SUMMARISING RUN PARAMETERS
==========================
Input filename: DATA/POL2/2G3_R2_001.fastq.gz
Trimming mode: paired-end
Trim Galore version: 0.6.10
Cutadapt version: 4.9
Python version: could not detect
Number of cores used for trimming: 16
Quality Phred score cutoff: 20
Quality encoding type selected: ASCII+33
Adapter sequence: 'CTGTCTCTTATA' (Nextera Transposase sequence; auto-detected)
Maximum trimming error rate: 0.1 (default)
Minimum required adapter overlap (stringency): 1 bp
Minimum required sequence length for both reads before a sequence pair gets removed: 20 bp
Running FastQC on the data once trimming has completed
Output file(s) will be GZIP compressed

Cutadapt seems to be fairly up-to-date (version 4.9). Setting -j -j 16
Writing final adapter and quality trimmed output to 2G3_R2_001_trimmed.fq.gz


  >>> Now performing quality (cutoff '-q 20') and adapter trimming in a single pass for the adapter sequence: 'CTGTCTCTTATA' from file DATA/POL2/2G3_R2_001.fastq.gz <<< 
10000000 sequences processed
20000000 sequences processed
30000000 sequences processed
40000000 sequences processed
50000000 sequences processed
60000000 sequences processed
70000000 sequences processed
80000000 sequences processed
90000000 sequences processed
100000000 sequences processed
This is cutadapt 4.9 with Python 3.11.8
Command line parameters: -j 16 -e 0.1 -q 20 -O 1 -a CTGTCTCTTATA DATA/POL2/2G3_R2_001.fastq.gz
Processing single-end reads on 16 cores ...
Finished in 316.428 s (2.959 µs/read; 20.28 M reads/minute).

=== Summary ===

Total reads processed:             106,941,040
Reads with adapters:                79,301,410 (74.2%)
Reads written (passing filters):   106,941,040 (100.0%)

Total basepairs processed: 16,041,156,000 bp
Quality-trimmed:              68,760,736 bp (0.4%)
Total written (filtered):  11,864,113,664 bp (74.0%)

=== Adapter 1 ===

Sequence: CTGTCTCTTATA; Type: regular 3'; Length: 12; Trimmed: 79301410 times

Minimum overlap: 1
No. of allowed errors:
1-9 bp: 0; 10-12 bp: 1

Bases preceding removed adapters:
  A: 13.9%
  C: 40.9%
  G: 23.2%
  T: 22.0%
  none/other: 0.1%

Overview of removed sequences
length	count	expect	max.err	error counts
1	9672410	26735260.0	0	9672410
2	3266872	6683815.0	0	3266872
3	1201486	1670953.8	0	1201486
4	607775	417738.4	0	607775
5	382804	104434.6	0	382804
6	298412	26108.7	0	298412
7	252857	6527.2	0	252857
8	210552	1631.8	0	210552
9	273272	407.9	0	271433 1839
10	287941	102.0	1	278686 9255
11	405194	25.5	1	389220 15974
12	438723	6.4	1	428651 10072
13	497434	6.4	1	479486 17948
14	478997	6.4	1	466009 12988
15	419496	6.4	1	402597 16899
16	354327	6.4	1	343906 10421
17	261783	6.4	1	253528 8255
18	258823	6.4	1	245337 13486
19	247647	6.4	1	232782 14865
20	313682	6.4	1	304096 9586
21	431669	6.4	1	418987 12682
22	522182	6.4	1	501919 20263
23	635709	6.4	1	621227 14482
24	605220	6.4	1	585771 19449
25	578810	6.4	1	559646 19164
26	423101	6.4	1	413107 9994
27	332834	6.4	1	322862 9972
28	272425	6.4	1	258118 14307
29	257721	6.4	1	249652 8069
30	317788	6.4	1	307262 10526
31	426606	6.4	1	409207 17399
32	604237	6.4	1	587528 16709
33	646004	6.4	1	624785 21219
34	708086	6.4	1	690368 17718
35	699636	6.4	1	678412 21224
36	575383	6.4	1	561210 14173
37	477107	6.4	1	460024 17083
38	323132	6.4	1	312620 10512
39	284431	6.4	1	276082 8349
40	269437	6.4	1	261081 8356
41	416380	6.4	1	399622 16758
42	549816	6.4	1	533956 15860
43	721566	6.4	1	699040 22526
44	830031	6.4	1	801124 28907
45	830881	6.4	1	810651 20230
46	766522	6.4	1	750417 16105
47	579378	6.4	1	561903 17475
48	406972	6.4	1	396625 10347
49	293544	6.4	1	285187 8357
50	295805	6.4	1	284723 11082
51	366397	6.4	1	355131 11266
52	541260	6.4	1	525169 16091
53	734714	6.4	1	713202 21512
54	960331	6.4	1	934853 25478
55	1033296	6.4	1	1012684 20612
56	993799	6.4	1	969303 24496
57	798680	6.4	1	781413 17267
58	574166	6.4	1	559403 14763
59	384469	6.4	1	372930 11539
60	297727	6.4	1	288122 9605
61	345603	6.4	1	336118 9485
62	569268	6.4	1	549465 19803
63	785681	6.4	1	765977 19704
64	1101650	6.4	1	1077099 24551
65	1337089	6.4	1	1305637 31452
66	1459218	6.4	1	1432345 26873
67	1520591	6.4	1	1501732 18859
68	245059	6.4	1	237221 7838
69	390988	6.4	1	382980 8008
70	326773	6.4	1	320629 6144
71	321618	6.4	1	311757 9861
72	440887	6.4	1	430886 10001
73	695444	6.4	1	680189 15255
74	1064716	6.4	1	1045369 19347
75	1382448	6.4	1	1359238 23210
76	1624492	6.4	1	1598157 26335
77	1413538	6.4	1	1390847 22691
78	1086848	6.4	1	1069606 17242
79	723253	6.4	1	711016 12237
80	395125	6.4	1	388224 6901
81	336885	6.4	1	331077 5808
82	374036	6.4	1	365714 8322
83	593969	6.4	1	578678 15291
84	981889	6.4	1	967582 14307
85	1284492	6.4	1	1264512 19980
86	1622459	6.4	1	1597850 24609
87	1494617	6.4	1	1469385 25232
88	1255518	6.4	1	1232642 22876
89	797490	6.4	1	784238 13252
90	517587	6.4	1	506908 10679
91	300090	6.4	1	292779 7311
92	253195	6.4	1	248322 4873
93	431646	6.4	1	420948 10698
94	644009	6.4	1	628426 15583
95	911844	6.4	1	896909 14935
96	1193328	6.4	1	1168942 24386
97	1213238	6.4	1	1188745 24493
98	1057211	6.4	1	1038795 18416
99	779412	6.4	1	765538 13874
100	429176	6.4	1	419291 9885
101	235735	6.4	1	229168 6567
102	161133	6.4	1	157818 3315
103	170317	6.4	1	164718 5599
104	282105	6.4	1	273866 8239
105	466076	6.4	1	455550 10526
106	548322	6.4	1	538005 10317
107	508737	6.4	1	496798 11939
108	415841	6.4	1	409356 6485
109	327524	6.4	1	318573 8951
110	178805	6.4	1	173963 4842
111	96482	6.4	1	94300 2182
112	40549	6.4	1	35688 4861
113	30052	6.4	1	25889 4163
114	39476	6.4	1	32892 6584
115	29960	6.4	1	27842 2118
116	23882	6.4	1	23073 809
117	28021	6.4	1	26560 1461
118	18032	6.4	1	13274 4758
119	13648	6.4	1	10955 2693
120	5037	6.4	1	4868 169
121	6383	6.4	1	5842 541
122	696	6.4	1	245 451
123	9499	6.4	1	1241 8258
124	1293	6.4	1	162 1131
125	1032	6.4	1	965 67
126	1193	6.4	1	127 1066
127	204	6.4	1	156 48
128	195	6.4	1	114 81
129	2794	6.4	1	223 2571
130	6929	6.4	1	96 6833
131	1745	6.4	1	149 1596
132	4733	6.4	1	59 4674
133	2425	6.4	1	123 2302
134	1588	6.4	1	78 1510
135	610	6.4	1	82 528
136	960	6.4	1	78 882
137	185	6.4	1	66 119
138	1578	6.4	1	50 1528
139	332	6.4	1	297 35
140	2094	6.4	1	206 1888
141	208	6.4	1	50 158
142	4198	6.4	1	101 4097
143	156	6.4	1	20 136
144	3574	6.4	1	21 3553
145	245	6.4	1	13 232
146	80	6.4	1	22 58
147	1728	6.4	1	26 1702
148	194	6.4	1	31 163
149	273	6.4	1	245 28
150	24433	6.4	1	22830 1603

RUN STATISTICS FOR INPUT FILE: DATA/POL2/2G3_R2_001.fastq.gz
=============================================
106941040 sequences processed in total
The length threshold of paired-end sequences gets evaluated later on (in the validation step)

Validate paired-end files 2G3_R1_001_trimmed.fq.gz and 2G3_R2_001_trimmed.fq.gz
file_1: 2G3_R1_001_trimmed.fq.gz, file_2: 2G3_R2_001_trimmed.fq.gz


>>>>> Now validing the length of the 2 paired-end infiles: 2G3_R1_001_trimmed.fq.gz and 2G3_R2_001_trimmed.fq.gz <<<<<
Writing validated paired-end Read 1 reads to 2G3_R1_001_val_1.fq.gz
Writing validated paired-end Read 2 reads to 2G3_R2_001_val_2.fq.gz

Total number of sequences analysed: 106941040

Number of sequence pairs removed because at least one read was shorter than the length cutoff (20 bp): 111723 (0.10%)


  >>> Now running FastQC on the validated data 2G3_R1_001_val_1.fq.gz<<<

application/gzip
Started analysis of 2G3_R1_001_val_1.fq.gz
Approx 5% complete for 2G3_R1_001_val_1.fq.gz
Approx 10% complete for 2G3_R1_001_val_1.fq.gz
Approx 15% complete for 2G3_R1_001_val_1.fq.gz
Approx 20% complete for 2G3_R1_001_val_1.fq.gz
Approx 25% complete for 2G3_R1_001_val_1.fq.gz
Approx 30% complete for 2G3_R1_001_val_1.fq.gz
Approx 35% complete for 2G3_R1_001_val_1.fq.gz
Approx 40% complete for 2G3_R1_001_val_1.fq.gz
Approx 45% complete for 2G3_R1_001_val_1.fq.gz
Approx 50% complete for 2G3_R1_001_val_1.fq.gz
Approx 55% complete for 2G3_R1_001_val_1.fq.gz
Approx 60% complete for 2G3_R1_001_val_1.fq.gz
Approx 65% complete for 2G3_R1_001_val_1.fq.gz
Approx 70% complete for 2G3_R1_001_val_1.fq.gz
Approx 75% complete for 2G3_R1_001_val_1.fq.gz
Approx 80% complete for 2G3_R1_001_val_1.fq.gz
Approx 85% complete for 2G3_R1_001_val_1.fq.gz
Approx 90% complete for 2G3_R1_001_val_1.fq.gz
Approx 95% complete for 2G3_R1_001_val_1.fq.gz
Analysis complete for 2G3_R1_001_val_1.fq.gz

  >>> Now running FastQC on the validated data 2G3_R2_001_val_2.fq.gz<<<

application/gzip
Started analysis of 2G3_R2_001_val_2.fq.gz
Approx 5% complete for 2G3_R2_001_val_2.fq.gz
Approx 10% complete for 2G3_R2_001_val_2.fq.gz
Approx 15% complete for 2G3_R2_001_val_2.fq.gz
Approx 20% complete for 2G3_R2_001_val_2.fq.gz
Approx 25% complete for 2G3_R2_001_val_2.fq.gz
Approx 30% complete for 2G3_R2_001_val_2.fq.gz
Approx 35% complete for 2G3_R2_001_val_2.fq.gz
Approx 40% complete for 2G3_R2_001_val_2.fq.gz
Approx 45% complete for 2G3_R2_001_val_2.fq.gz
Approx 50% complete for 2G3_R2_001_val_2.fq.gz
Approx 55% complete for 2G3_R2_001_val_2.fq.gz
Approx 60% complete for 2G3_R2_001_val_2.fq.gz
Approx 65% complete for 2G3_R2_001_val_2.fq.gz
Approx 70% complete for 2G3_R2_001_val_2.fq.gz
Approx 75% complete for 2G3_R2_001_val_2.fq.gz
Approx 80% complete for 2G3_R2_001_val_2.fq.gz
Approx 85% complete for 2G3_R2_001_val_2.fq.gz
Approx 90% complete for 2G3_R2_001_val_2.fq.gz
Approx 95% complete for 2G3_R2_001_val_2.fq.gz
Analysis complete for 2G3_R2_001_val_2.fq.gz
Deleting both intermediate output files 2G3_R1_001_trimmed.fq.gz and 2G3_R2_001_trimmed.fq.gz

====================================================================================================

