Using an excessive number of cores has a diminishing return! It is recommended not to exceed 8 cores per trimming process (you asked for 16 cores). Please consider re-specifying
Path to Cutadapt set as: 'cutadapt' (default)
Cutadapt seems to be working fine (tested command 'cutadapt --version')
Cutadapt version: 4.9
Could not detect version of Python used by Cutadapt from the first line of Cutadapt (but found this: >>>#!/bin/sh<<<)
Letting the (modified) Cutadapt deal with the Python version instead
pigz 2.8
Parallel gzip (pigz) detected. Proceeding with multicore (de)compression using 16 cores

igzip command line interface 2.31.0
igzip detected. Using igzip for decompressing

No quality encoding type selected. Assuming that the data provided uses Sanger encoded Phred scores (default)

Output will be written into the directory: /beegfs/scratch/ric.broccoli/kubacki.michal/MIRKO_DATA/Custom_pipeline/results/trimmed/


AUTO-DETECTING ADAPTER TYPE
===========================
Attempting to auto-detect adapter type from the first 1 million sequences of the first file (>> DATA/POL2/2M1_R1_001.fastq.gz <<)

Found perfect matches for the following adapter sequences:
Adapter type	Count	Sequence	Sequences analysed	Percentage
Nextera	607316	CTGTCTCTTATA	1000000	60.73
smallRNA	0	TGGAATTCTCGG	1000000	0.00
Illumina	0	AGATCGGAAGAGC	1000000	0.00
Using Nextera adapter for trimming (count: 607316). Second best hit was smallRNA (count: 0)

Writing report to '/beegfs/scratch/ric.broccoli/kubacki.michal/MIRKO_DATA/Custom_pipeline/results/trimmed/2M1_R1_001.fastq.gz_trimming_report.txt'

SUMMARISING RUN PARAMETERS
==========================
Input filename: DATA/POL2/2M1_R1_001.fastq.gz
Trimming mode: paired-end
Trim Galore version: 0.6.10
Cutadapt version: 4.9
Python version: could not detect
Number of cores used for trimming: 16
Quality Phred score cutoff: 20
Quality encoding type selected: ASCII+33
Adapter sequence: 'CTGTCTCTTATA' (Nextera Transposase sequence; auto-detected)
Maximum trimming error rate: 0.1 (default)
Minimum required adapter overlap (stringency): 1 bp
Minimum required sequence length for both reads before a sequence pair gets removed: 20 bp
Running FastQC on the data once trimming has completed
Output file(s) will be GZIP compressed

Cutadapt seems to be fairly up-to-date (version 4.9). Setting -j 16
Writing final adapter and quality trimmed output to 2M1_R1_001_trimmed.fq.gz


  >>> Now performing quality (cutoff '-q 20') and adapter trimming in a single pass for the adapter sequence: 'CTGTCTCTTATA' from file DATA/POL2/2M1_R1_001.fastq.gz <<< 
10000000 sequences processed
20000000 sequences processed
30000000 sequences processed
40000000 sequences processed
50000000 sequences processed
This is cutadapt 4.9 with Python 3.11.8
Command line parameters: -j 16 -e 0.1 -q 20 -O 1 -a CTGTCTCTTATA DATA/POL2/2M1_R1_001.fastq.gz
Processing single-end reads on 16 cores ...
Finished in 151.372 s (2.691 µs/read; 22.30 M reads/minute).

=== Summary ===

Total reads processed:              56,257,751
Reads with adapters:                42,532,325 (75.6%)
Reads written (passing filters):    56,257,751 (100.0%)

Total basepairs processed: 8,438,662,650 bp
Quality-trimmed:              65,489,014 bp (0.8%)
Total written (filtered):  6,188,016,416 bp (73.3%)

=== Adapter 1 ===

Sequence: CTGTCTCTTATA; Type: regular 3'; Length: 12; Trimmed: 42532325 times

Minimum overlap: 1
No. of allowed errors:
1-9 bp: 0; 10-12 bp: 1

Bases preceding removed adapters:
  A: 13.0%
  C: 41.4%
  G: 24.7%
  T: 20.9%
  none/other: 0.0%

Overview of removed sequences
length	count	expect	max.err	error counts
1	4893541	14064437.8	0	4893541
2	1768616	3516109.4	0	1768616
3	634036	879027.4	0	634036
4	336432	219756.8	0	336432
5	203604	54939.2	0	203604
6	155217	13734.8	0	155217
7	128754	3433.7	0	128754
8	126666	858.4	0	126666
9	159780	214.6	0	159102 678
10	184552	53.7	1	178941 5611
11	232312	13.4	1	224312 8000
12	252405	3.4	1	246398 6007
13	306415	3.4	1	294938 11477
14	263953	3.4	1	255572 8381
15	253604	3.4	1	241122 12482
16	234928	3.4	1	222698 12230
17	127076	3.4	1	124349 2727
18	149052	3.4	1	141408 7644
19	146204	3.4	1	141288 4916
20	169760	3.4	1	162682 7078
21	332717	3.4	1	315198 17519
22	218621	3.4	1	213013 5608
23	398993	3.4	1	387728 11265
24	290149	3.4	1	284406 5743
25	370390	3.4	1	357909 12481
26	250451	3.4	1	241720 8731
27	211692	3.4	1	198688 13004
28	144554	3.4	1	139730 4824
29	189844	3.4	1	176606 13238
30	162009	3.4	1	157015 4994
31	258486	3.4	1	246650 11836
32	288123	3.4	1	279152 8971
33	383777	3.4	1	370365 13412
34	401134	3.4	1	389657 11477
35	402097	3.4	1	388759 13338
36	292676	3.4	1	284332 8344
37	235025	3.4	1	227101 7924
38	189528	3.4	1	180752 8776
39	159625	3.4	1	153161 6464
40	174922	3.4	1	168903 6019
41	221159	3.4	1	211949 9210
42	324416	3.4	1	310631 13785
43	428467	3.4	1	414291 14176
44	927681	3.4	1	889768 37913
45	346742	3.4	1	336759 9983
46	873255	3.4	1	850712 22543
47	45333	3.4	1	41140 4193
48	692403	3.4	1	676837 15566
49	201805	3.4	1	194499 7306
50	60908	3.4	1	56213 4695
51	604416	3.4	1	595838 8578
52	121687	3.4	1	115049 6638
53	533468	3.4	1	524094 9374
54	121231	3.4	1	115735 5496
55	188406	3.4	1	183478 4928
56	580335	3.4	1	570293 10042
57	162057	3.4	1	155690 6367
58	233003	3.4	1	226780 6223
59	338764	3.4	1	331466 7298
60	77437	3.4	1	73538 3899
61	199169	3.4	1	192747 6422
62	395461	3.4	1	387300 8161
63	237090	3.4	1	229273 7817
64	483441	3.4	1	471343 12098
65	900611	3.4	1	876317 24294
66	899499	3.4	1	879118 20381
67	1569606	3.4	1	1544399 25207
68	443945	3.4	1	434053 9892
69	67452	3.4	1	64930 2522
70	20569	3.4	1	18837 1732
71	10337	3.4	1	8957 1380
72	10147	3.4	1	8179 1968
73	26731	3.4	1	23515 3216
74	154777	3.4	1	147544 7233
75	434400	3.4	1	422703 11697
76	617817	3.4	1	603321 14496
77	630094	3.4	1	616103 13991
78	514358	3.4	1	502539 11819
79	321276	3.4	1	313855 7421
80	204586	3.4	1	199957 4629
81	159202	3.4	1	154908 4294
82	186525	3.4	1	182064 4461
83	324284	3.4	1	317672 6612
84	472445	3.4	1	463867 8578
85	685169	3.4	1	672189 12980
86	780622	3.4	1	767403 13219
87	765689	3.4	1	752202 13487
88	632922	3.4	1	622836 10086
89	434551	3.4	1	426591 7960
90	267589	3.4	1	261996 5593
91	145665	3.4	1	140183 5482
92	127988	3.4	1	124061 3927
93	217519	3.4	1	210056 7463
94	372359	3.4	1	364931 7428
95	551745	3.4	1	539324 12421
96	716278	3.4	1	699531 16747
97	711465	3.4	1	694671 16794
98	593139	3.4	1	579596 13543
99	468177	3.4	1	456939 11238
100	248868	3.4	1	242320 6548
101	129143	3.4	1	124560 4583
102	88778	3.4	1	85730 3048
103	116293	3.4	1	112742 3551
104	187913	3.4	1	182976 4937
105	260367	3.4	1	254283 6084
106	349720	3.4	1	341584 8136
107	325378	3.4	1	318015 7363
108	296583	3.4	1	291204 5379
109	221419	3.4	1	216129 5290
110	121556	3.4	1	118709 2847
111	58490	3.4	1	56941 1549
112	28749	3.4	1	27460 1289
113	21827	3.4	1	20923 904
114	24318	3.4	1	22779 1539
115	23641	3.4	1	23052 589
116	22025	3.4	1	20851 1174
117	26115	3.4	1	25107 1008
118	15508	3.4	1	14468 1040
119	11577	3.4	1	10397 1180
120	5056	3.4	1	4026 1030
121	2027	3.4	1	1529 498
122	1321	3.4	1	1038 283
123	2867	3.4	1	818 2049
124	1336	3.4	1	153 1183
125	707	3.4	1	361 346
126	1086	3.4	1	86 1000
127	696	3.4	1	132 564
128	723	3.4	1	54 669
129	960	3.4	1	365 595
130	1791	3.4	1	49 1742
131	602	3.4	1	89 513
132	1128	3.4	1	44 1084
133	2510	3.4	1	38 2472
134	413	3.4	1	32 381
135	396	3.4	1	36 360
136	348	3.4	1	96 252
137	622	3.4	1	22 600
138	729	3.4	1	12 717
139	385	3.4	1	6 379
140	1309	3.4	1	13 1296
141	272	3.4	1	34 238
142	1875	3.4	1	14 1861
143	543	3.4	1	6 537
144	306	3.4	1	3 303
145	100	3.4	1	7 93
146	289	3.4	1	10 279
147	1132	3.4	1	26 1106
148	338	3.4	1	23 315
149	158	3.4	1	115 43
150	2640	3.4	1	1919 721

RUN STATISTICS FOR INPUT FILE: DATA/POL2/2M1_R1_001.fastq.gz
=============================================
56257751 sequences processed in total
The length threshold of paired-end sequences gets evaluated later on (in the validation step)

Writing report to '/beegfs/scratch/ric.broccoli/kubacki.michal/MIRKO_DATA/Custom_pipeline/results/trimmed/2M1_R2_001.fastq.gz_trimming_report.txt'

SUMMARISING RUN PARAMETERS
==========================
Input filename: DATA/POL2/2M1_R2_001.fastq.gz
Trimming mode: paired-end
Trim Galore version: 0.6.10
Cutadapt version: 4.9
Python version: could not detect
Number of cores used for trimming: 16
Quality Phred score cutoff: 20
Quality encoding type selected: ASCII+33
Adapter sequence: 'CTGTCTCTTATA' (Nextera Transposase sequence; auto-detected)
Maximum trimming error rate: 0.1 (default)
Minimum required adapter overlap (stringency): 1 bp
Minimum required sequence length for both reads before a sequence pair gets removed: 20 bp
Running FastQC on the data once trimming has completed
Output file(s) will be GZIP compressed

Cutadapt seems to be fairly up-to-date (version 4.9). Setting -j -j 16
Writing final adapter and quality trimmed output to 2M1_R2_001_trimmed.fq.gz


  >>> Now performing quality (cutoff '-q 20') and adapter trimming in a single pass for the adapter sequence: 'CTGTCTCTTATA' from file DATA/POL2/2M1_R2_001.fastq.gz <<< 
10000000 sequences processed
20000000 sequences processed
30000000 sequences processed
40000000 sequences processed
50000000 sequences processed
This is cutadapt 4.9 with Python 3.11.8
Command line parameters: -j 16 -e 0.1 -q 20 -O 1 -a CTGTCTCTTATA DATA/POL2/2M1_R2_001.fastq.gz
Processing single-end reads on 16 cores ...
Finished in 149.193 s (2.652 µs/read; 22.62 M reads/minute).

=== Summary ===

Total reads processed:              56,257,751
Reads with adapters:                42,343,910 (75.3%)
Reads written (passing filters):    56,257,751 (100.0%)

Total basepairs processed: 8,438,662,650 bp
Quality-trimmed:              35,225,085 bp (0.4%)
Total written (filtered):  6,196,738,517 bp (73.4%)

=== Adapter 1 ===

Sequence: CTGTCTCTTATA; Type: regular 3'; Length: 12; Trimmed: 42343910 times

Minimum overlap: 1
No. of allowed errors:
1-9 bp: 0; 10-12 bp: 1

Bases preceding removed adapters:
  A: 12.9%
  C: 41.6%
  G: 24.6%
  T: 20.9%
  none/other: 0.0%

Overview of removed sequences
length	count	expect	max.err	error counts
1	4902382	14064437.8	0	4902382
2	1759170	3516109.4	0	1759170
3	655239	879027.4	0	655239
4	340611	219756.8	0	340611
5	205680	54939.2	0	205680
6	150505	13734.8	0	150505
7	129843	3433.7	0	129843
8	124312	858.4	0	124312
9	159503	214.6	0	158933 570
10	179083	53.7	1	173734 5349
11	239350	13.4	1	228935 10415
12	252331	3.4	1	246817 5514
13	303047	3.4	1	292166 10881
14	258316	3.4	1	251491 6825
15	242614	3.4	1	233395 9219
16	191887	3.4	1	185663 6224
17	155831	3.4	1	150828 5003
18	136190	3.4	1	130413 5777
19	149889	3.4	1	142356 7533
20	177208	3.4	1	172080 5128
21	229374	3.4	1	223174 6200
22	299306	3.4	1	287319 11987
23	372167	3.4	1	363973 8194
24	336347	3.4	1	325743 10604
25	373620	3.4	1	360758 12862
26	245064	3.4	1	239503 5561
27	193387	3.4	1	187016 6371
28	151671	3.4	1	144190 7481
29	137419	3.4	1	132604 4815
30	180038	3.4	1	174049 5989
31	237226	3.4	1	227474 9752
32	291848	3.4	1	284069 7779
33	358086	3.4	1	346951 11135
34	409292	3.4	1	398673 10619
35	385823	3.4	1	373579 12244
36	298021	3.4	1	290299 7722
37	236682	3.4	1	228041 8641
38	170086	3.4	1	164627 5459
39	153544	3.4	1	148968 4576
40	167345	3.4	1	162602 4743
41	211761	3.4	1	205188 6573
42	293361	3.4	1	285366 7995
43	407889	3.4	1	395310 12579
44	467059	3.4	1	450718 16341
45	459364	3.4	1	448315 11049
46	396253	3.4	1	387641 8612
47	312263	3.4	1	303136 9127
48	212516	3.4	1	206475 6041
49	152018	3.4	1	147755 4263
50	164757	3.4	1	157841 6916
51	213620	3.4	1	205920 7700
52	300205	3.4	1	291927 8278
53	427275	3.4	1	415801 11474
54	490715	3.4	1	478739 11976
55	519910	3.4	1	509645 10265
56	495581	3.4	1	483294 12287
57	413819	3.4	1	404328 9491
58	273307	3.4	1	266283 7024
59	189129	3.4	1	182788 6341
60	156024	3.4	1	151508 4516
61	175669	3.4	1	170885 4784
62	290953	3.4	1	281670 9283
63	423337	3.4	1	411567 11770
64	537306	3.4	1	524882 12424
65	700784	3.4	1	684763 16021
66	706283	3.4	1	693537 12746
67	735135	3.4	1	726365 8770
68	117517	3.4	1	114257 3260
69	206064	3.4	1	202364 3700
70	156700	3.4	1	154284 2416
71	155350	3.4	1	152108 3242
72	242104	3.4	1	237568 4536
73	373534	3.4	1	366389 7145
74	563155	3.4	1	553315 9840
75	718815	3.4	1	706741 12074
76	758834	3.4	1	746726 12108
77	694252	3.4	1	683243 11009
78	544233	3.4	1	535840 8393
79	333202	3.4	1	327243 5959
80	208630	3.4	1	205091 3539
81	160663	3.4	1	157018 3645
82	186991	3.4	1	183146 3845
83	323980	3.4	1	318572 5408
84	472220	3.4	1	463928 8292
85	685535	3.4	1	674370 11165
86	779580	3.4	1	767568 12012
87	766827	3.4	1	756080 10747
88	634380	3.4	1	624652 9728
89	435455	3.4	1	428089 7366
90	267013	3.4	1	262124 4889
91	144214	3.4	1	139455 4759
92	125755	3.4	1	122829 2926
93	214685	3.4	1	208883 5802
94	370193	3.4	1	363807 6386
95	549316	3.4	1	539760 9556
96	714596	3.4	1	703307 11289
97	707778	3.4	1	696113 11665
98	591009	3.4	1	581380 9629
99	467211	3.4	1	457872 9339
100	248969	3.4	1	244427 4542
101	128274	3.4	1	124338 3936
102	88550	3.4	1	86346 2204
103	114511	3.4	1	112433 2078
104	187250	3.4	1	183591 3659
105	259154	3.4	1	254846 4308
106	349130	3.4	1	343557 5573
107	324056	3.4	1	318643 5413
108	296361	3.4	1	291602 4759
109	220946	3.4	1	216577 4369
110	121924	3.4	1	119148 2776
111	58760	3.4	1	56753 2007
112	28975	3.4	1	26938 2037
113	22301	3.4	1	20774 1527
114	25121	3.4	1	22882 2239
115	24149	3.4	1	22912 1237
116	21905	3.4	1	20324 1581
117	26459	3.4	1	25573 886
118	16141	3.4	1	14931 1210
119	11999	3.4	1	10768 1231
120	4420	3.4	1	4127 293
121	2365	3.4	1	1547 818
122	1413	3.4	1	963 450
123	2526	3.4	1	871 1655
124	359	3.4	1	117 242
125	970	3.4	1	373 597
126	1160	3.4	1	97 1063
127	899	3.4	1	143 756
128	408	3.4	1	66 342
129	1050	3.4	1	116 934
130	2158	3.4	1	50 2108
131	885	3.4	1	102 783
132	1026	3.4	1	37 989
133	1578	3.4	1	45 1533
134	515	3.4	1	35 480
135	521	3.4	1	77 444
136	613	3.4	1	310 303
137	43	3.4	1	16 27
138	1048	3.4	1	15 1033
139	217	3.4	1	8 209
140	959	3.4	1	11 948
141	402	3.4	1	33 369
142	1959	3.4	1	12 1947
143	1302	3.4	1	2 1300
144	836	3.4	1	3 833
145	11	3.4	1	1 10
146	212	3.4	1	5 207
147	578	3.4	1	9 569
148	560	3.4	1	4 556
149	136	3.4	1	23 113
150	2425	3.4	1	1817 608

RUN STATISTICS FOR INPUT FILE: DATA/POL2/2M1_R2_001.fastq.gz
=============================================
56257751 sequences processed in total
The length threshold of paired-end sequences gets evaluated later on (in the validation step)

Validate paired-end files 2M1_R1_001_trimmed.fq.gz and 2M1_R2_001_trimmed.fq.gz
file_1: 2M1_R1_001_trimmed.fq.gz, file_2: 2M1_R2_001_trimmed.fq.gz


>>>>> Now validing the length of the 2 paired-end infiles: 2M1_R1_001_trimmed.fq.gz and 2M1_R2_001_trimmed.fq.gz <<<<<
Writing validated paired-end Read 1 reads to 2M1_R1_001_val_1.fq.gz
Writing validated paired-end Read 2 reads to 2M1_R2_001_val_2.fq.gz

Total number of sequences analysed: 56257751

Number of sequence pairs removed because at least one read was shorter than the length cutoff (20 bp): 44768 (0.08%)


  >>> Now running FastQC on the validated data 2M1_R1_001_val_1.fq.gz<<<

application/gzip
Started analysis of 2M1_R1_001_val_1.fq.gz
Approx 5% complete for 2M1_R1_001_val_1.fq.gz
Approx 10% complete for 2M1_R1_001_val_1.fq.gz
Approx 15% complete for 2M1_R1_001_val_1.fq.gz
Approx 20% complete for 2M1_R1_001_val_1.fq.gz
Approx 25% complete for 2M1_R1_001_val_1.fq.gz
Approx 30% complete for 2M1_R1_001_val_1.fq.gz
Approx 35% complete for 2M1_R1_001_val_1.fq.gz
Approx 40% complete for 2M1_R1_001_val_1.fq.gz
Approx 45% complete for 2M1_R1_001_val_1.fq.gz
Approx 50% complete for 2M1_R1_001_val_1.fq.gz
Approx 55% complete for 2M1_R1_001_val_1.fq.gz
Approx 60% complete for 2M1_R1_001_val_1.fq.gz
Approx 65% complete for 2M1_R1_001_val_1.fq.gz
Approx 70% complete for 2M1_R1_001_val_1.fq.gz
Approx 75% complete for 2M1_R1_001_val_1.fq.gz
Approx 80% complete for 2M1_R1_001_val_1.fq.gz
Approx 85% complete for 2M1_R1_001_val_1.fq.gz
Approx 90% complete for 2M1_R1_001_val_1.fq.gz
Approx 95% complete for 2M1_R1_001_val_1.fq.gz
Analysis complete for 2M1_R1_001_val_1.fq.gz

  >>> Now running FastQC on the validated data 2M1_R2_001_val_2.fq.gz<<<

application/gzip
Started analysis of 2M1_R2_001_val_2.fq.gz
Approx 5% complete for 2M1_R2_001_val_2.fq.gz
Approx 10% complete for 2M1_R2_001_val_2.fq.gz
Approx 15% complete for 2M1_R2_001_val_2.fq.gz
Approx 20% complete for 2M1_R2_001_val_2.fq.gz
Approx 25% complete for 2M1_R2_001_val_2.fq.gz
Approx 30% complete for 2M1_R2_001_val_2.fq.gz
Approx 35% complete for 2M1_R2_001_val_2.fq.gz
Approx 40% complete for 2M1_R2_001_val_2.fq.gz
Approx 45% complete for 2M1_R2_001_val_2.fq.gz
Approx 50% complete for 2M1_R2_001_val_2.fq.gz
Approx 55% complete for 2M1_R2_001_val_2.fq.gz
Approx 60% complete for 2M1_R2_001_val_2.fq.gz
Approx 65% complete for 2M1_R2_001_val_2.fq.gz
Approx 70% complete for 2M1_R2_001_val_2.fq.gz
Approx 75% complete for 2M1_R2_001_val_2.fq.gz
Approx 80% complete for 2M1_R2_001_val_2.fq.gz
Approx 85% complete for 2M1_R2_001_val_2.fq.gz
Approx 90% complete for 2M1_R2_001_val_2.fq.gz
Approx 95% complete for 2M1_R2_001_val_2.fq.gz
Analysis complete for 2M1_R2_001_val_2.fq.gz
Deleting both intermediate output files 2M1_R1_001_trimmed.fq.gz and 2M1_R2_001_trimmed.fq.gz

====================================================================================================

