Using an excessive number of cores has a diminishing return! It is recommended not to exceed 8 cores per trimming process (you asked for 16 cores). Please consider re-specifying
Path to Cutadapt set as: 'cutadapt' (default)
Cutadapt seems to be working fine (tested command 'cutadapt --version')
Cutadapt version: 4.9
Could not detect version of Python used by Cutadapt from the first line of Cutadapt (but found this: >>>#!/bin/sh<<<)
Letting the (modified) Cutadapt deal with the Python version instead
pigz 2.8
Parallel gzip (pigz) detected. Proceeding with multicore (de)compression using 16 cores

igzip command line interface 2.31.0
igzip detected. Using igzip for decompressing

No quality encoding type selected. Assuming that the data provided uses Sanger encoded Phred scores (default)

Output will be written into the directory: /beegfs/scratch/ric.broccoli/kubacki.michal/MIRKO_DATA/Custom_pipeline/results/trimmed/


AUTO-DETECTING ADAPTER TYPE
===========================
Attempting to auto-detect adapter type from the first 1 million sequences of the first file (>> DATA/POL2/2M2_R1_001.fastq.gz <<)

Found perfect matches for the following adapter sequences:
Adapter type	Count	Sequence	Sequences analysed	Percentage
Nextera	569524	CTGTCTCTTATA	1000000	56.95
Illumina	1	AGATCGGAAGAGC	1000000	0.00
smallRNA	0	TGGAATTCTCGG	1000000	0.00
Using Nextera adapter for trimming (count: 569524). Second best hit was Illumina (count: 1)

Writing report to '/beegfs/scratch/ric.broccoli/kubacki.michal/MIRKO_DATA/Custom_pipeline/results/trimmed/2M2_R1_001.fastq.gz_trimming_report.txt'

SUMMARISING RUN PARAMETERS
==========================
Input filename: DATA/POL2/2M2_R1_001.fastq.gz
Trimming mode: paired-end
Trim Galore version: 0.6.10
Cutadapt version: 4.9
Python version: could not detect
Number of cores used for trimming: 16
Quality Phred score cutoff: 20
Quality encoding type selected: ASCII+33
Adapter sequence: 'CTGTCTCTTATA' (Nextera Transposase sequence; auto-detected)
Maximum trimming error rate: 0.1 (default)
Minimum required adapter overlap (stringency): 1 bp
Minimum required sequence length for both reads before a sequence pair gets removed: 20 bp
Running FastQC on the data once trimming has completed
Output file(s) will be GZIP compressed

Cutadapt seems to be fairly up-to-date (version 4.9). Setting -j 16
Writing final adapter and quality trimmed output to 2M2_R1_001_trimmed.fq.gz


  >>> Now performing quality (cutoff '-q 20') and adapter trimming in a single pass for the adapter sequence: 'CTGTCTCTTATA' from file DATA/POL2/2M2_R1_001.fastq.gz <<< 
10000000 sequences processed
20000000 sequences processed
30000000 sequences processed
40000000 sequences processed
50000000 sequences processed
60000000 sequences processed
70000000 sequences processed
This is cutadapt 4.9 with Python 3.11.8
Command line parameters: -j 16 -e 0.1 -q 20 -O 1 -a CTGTCTCTTATA DATA/POL2/2M2_R1_001.fastq.gz
Processing single-end reads on 16 cores ...
Finished in 191.344 s (2.497 µs/read; 24.03 M reads/minute).

=== Summary ===

Total reads processed:              76,643,255
Reads with adapters:                55,670,054 (72.6%)
Reads written (passing filters):    76,643,255 (100.0%)

Total basepairs processed: 11,496,488,250 bp
Quality-trimmed:              85,174,157 bp (0.7%)
Total written (filtered):  8,734,626,925 bp (76.0%)

=== Adapter 1 ===

Sequence: CTGTCTCTTATA; Type: regular 3'; Length: 12; Trimmed: 55670054 times

Minimum overlap: 1
No. of allowed errors:
1-9 bp: 0; 10-12 bp: 1

Bases preceding removed adapters:
  A: 14.2%
  C: 39.3%
  G: 23.9%
  T: 22.5%
  none/other: 0.0%

Overview of removed sequences
length	count	expect	max.err	error counts
1	7173586	19160813.8	0	7173586
2	2586888	4790203.4	0	2586888
3	884067	1197550.9	0	884067
4	442723	299387.7	0	442723
5	281322	74846.9	0	281322
6	250036	18711.7	0	250036
7	196021	4677.9	0	196021
8	204648	1169.5	0	204648
9	258104	292.4	0	255668 2436
10	250627	73.1	1	241895 8732
11	314525	18.3	1	305490 9035
12	330130	4.6	1	322255 7875
13	359878	4.6	1	346286 13592
14	328988	4.6	1	318329 10659
15	322777	4.6	1	306413 16364
16	320661	4.6	1	303446 17215
17	187262	4.6	1	183160 4102
18	243875	4.6	1	231466 12409
19	246900	4.6	1	239455 7445
20	243579	4.6	1	234174 9405
21	473804	4.6	1	449971 23833
22	289400	4.6	1	282399 7001
23	482524	4.6	1	468082 14442
24	368507	4.6	1	361142 7365
25	405633	4.6	1	390554 15079
26	324661	4.6	1	312679 11982
27	276288	4.6	1	260122 16166
28	225465	4.6	1	217133 8332
29	302279	4.6	1	282558 19721
30	239767	4.6	1	232588 7179
31	380370	4.6	1	365259 15111
32	424881	4.6	1	412886 11995
33	575294	4.6	1	553966 21328
34	483432	4.6	1	470813 12619
35	453357	4.6	1	443057 10300
36	400712	4.6	1	385739 14973
37	301186	4.6	1	289937 11249
38	243384	4.6	1	234445 8939
39	246379	4.6	1	236797 9582
40	290414	4.6	1	275063 15351
41	351861	4.6	1	339157 12704
42	508041	4.6	1	484358 23683
43	557644	4.6	1	540445 17199
44	1152947	4.6	1	1108907 44040
45	417078	4.6	1	404520 12558
46	1099533	4.6	1	1069992 29541
47	67033	4.6	1	61623 5410
48	1125123	4.6	1	1105455 19668
49	274904	4.6	1	265273 9631
50	159130	4.6	1	150706 8424
51	349732	4.6	1	341545 8187
52	182015	4.6	1	172541 9474
53	604443	4.6	1	592975 11468
54	377351	4.6	1	367776 9575
55	368786	4.6	1	360558 8228
56	649090	4.6	1	637734 11356
57	361688	4.6	1	352228 9460
58	322130	4.6	1	314019 8111
59	353626	4.6	1	344058 9568
60	181931	4.6	1	175079 6852
61	268572	4.6	1	260255 8317
62	521055	4.6	1	509325 11730
63	524559	4.6	1	508899 15660
64	698931	4.6	1	681562 17369
65	895287	4.6	1	870942 24345
66	1008969	4.6	1	983148 25821
67	1621947	4.6	1	1588557 33390
68	1719598	4.6	1	1691442 28156
69	639668	4.6	1	628049 11619
70	142333	4.6	1	138253 4080
71	50438	4.6	1	47832 2606
72	28908	4.6	1	26426 2482
73	34385	4.6	1	30066 4319
74	98717	4.6	1	91423 7294
75	366753	4.6	1	354850 11903
76	654734	4.6	1	639470 15264
77	729312	4.6	1	712747 16565
78	604295	4.6	1	591606 12689
79	408364	4.6	1	398900 9464
80	259597	4.6	1	253466 6131
81	234822	4.6	1	229177 5645
82	287904	4.6	1	281250 6654
83	458161	4.6	1	447084 11077
84	657890	4.6	1	646380 11510
85	887408	4.6	1	871827 15581
86	987514	4.6	1	970476 17038
87	924447	4.6	1	909209 15238
88	752965	4.6	1	740146 12819
89	501230	4.6	1	491236 9994
90	316237	4.6	1	310683 5554
91	189082	4.6	1	183679 5403
92	185452	4.6	1	181058 4394
93	280697	4.6	1	272934 7763
94	435834	4.6	1	426697 9137
95	592134	4.6	1	578822 13312
96	740612	4.6	1	722333 18279
97	740934	4.6	1	724301 16633
98	613701	4.6	1	599302 14399
99	425607	4.6	1	413331 12276
100	258637	4.6	1	250653 7984
101	127948	4.6	1	123194 4754
102	74758	4.6	1	71774 2984
103	118373	4.6	1	114548 3825
104	158911	4.6	1	154497 4414
105	209803	4.6	1	203794 6009
106	269305	4.6	1	262230 7075
107	262860	4.6	1	256549 6311
108	198924	4.6	1	194708 4216
109	147022	4.6	1	142697 4325
110	86603	4.6	1	83948 2655
111	38507	4.6	1	36758 1749
112	23278	4.6	1	21350 1928
113	12479	4.6	1	11110 1369
114	12945	4.6	1	9202 3743
115	12978	4.6	1	11551 1427
116	12757	4.6	1	11126 1631
117	11841	4.6	1	10526 1315
118	8780	4.6	1	6740 2040
119	6485	4.6	1	4164 2321
120	3750	4.6	1	2323 1427
121	4075	4.6	1	3325 750
122	1424	4.6	1	707 717
123	3824	4.6	1	867 2957
124	1393	4.6	1	88 1305
125	702	4.6	1	115 587
126	1010	4.6	1	59 951
127	734	4.6	1	91 643
128	1228	4.6	1	248 980
129	2258	4.6	1	448 1810
130	4679	4.6	1	92 4587
131	1080	4.6	1	71 1009
132	1538	4.6	1	35 1503
133	2387	4.6	1	24 2363
134	1535	4.6	1	34 1501
135	85	4.6	1	34 51
136	342	4.6	1	26 316
137	794	4.6	1	25 769
138	2291	4.6	1	19 2272
139	422	4.6	1	26 396
140	858	4.6	1	19 839
141	1222	4.6	1	144 1078
142	2863	4.6	1	26 2837
143	1403	4.6	1	144 1259
144	1312	4.6	1	17 1295
145	202	4.6	1	69 133
146	630	4.6	1	162 468
147	1084	4.6	1	17 1067
148	535	4.6	1	27 508
149	590	4.6	1	294 296
150	3137	4.6	1	2625 512

RUN STATISTICS FOR INPUT FILE: DATA/POL2/2M2_R1_001.fastq.gz
=============================================
76643255 sequences processed in total
The length threshold of paired-end sequences gets evaluated later on (in the validation step)

Writing report to '/beegfs/scratch/ric.broccoli/kubacki.michal/MIRKO_DATA/Custom_pipeline/results/trimmed/2M2_R2_001.fastq.gz_trimming_report.txt'

SUMMARISING RUN PARAMETERS
==========================
Input filename: DATA/POL2/2M2_R2_001.fastq.gz
Trimming mode: paired-end
Trim Galore version: 0.6.10
Cutadapt version: 4.9
Python version: could not detect
Number of cores used for trimming: 16
Quality Phred score cutoff: 20
Quality encoding type selected: ASCII+33
Adapter sequence: 'CTGTCTCTTATA' (Nextera Transposase sequence; auto-detected)
Maximum trimming error rate: 0.1 (default)
Minimum required adapter overlap (stringency): 1 bp
Minimum required sequence length for both reads before a sequence pair gets removed: 20 bp
Running FastQC on the data once trimming has completed
Output file(s) will be GZIP compressed

Cutadapt seems to be fairly up-to-date (version 4.9). Setting -j -j 16
Writing final adapter and quality trimmed output to 2M2_R2_001_trimmed.fq.gz


  >>> Now performing quality (cutoff '-q 20') and adapter trimming in a single pass for the adapter sequence: 'CTGTCTCTTATA' from file DATA/POL2/2M2_R2_001.fastq.gz <<< 
10000000 sequences processed
20000000 sequences processed
30000000 sequences processed
40000000 sequences processed
50000000 sequences processed
60000000 sequences processed
70000000 sequences processed
This is cutadapt 4.9 with Python 3.11.8
Command line parameters: -j 16 -e 0.1 -q 20 -O 1 -a CTGTCTCTTATA DATA/POL2/2M2_R2_001.fastq.gz
Processing single-end reads on 16 cores ...
Finished in 265.000 s (3.458 µs/read; 17.35 M reads/minute).

=== Summary ===

Total reads processed:              76,643,255
Reads with adapters:                55,542,619 (72.5%)
Reads written (passing filters):    76,643,255 (100.0%)

Total basepairs processed: 11,496,488,250 bp
Quality-trimmed:              50,530,036 bp (0.4%)
Total written (filtered):  8,744,258,088 bp (76.1%)

=== Adapter 1 ===

Sequence: CTGTCTCTTATA; Type: regular 3'; Length: 12; Trimmed: 55542619 times

Minimum overlap: 1
No. of allowed errors:
1-9 bp: 0; 10-12 bp: 1

Bases preceding removed adapters:
  A: 14.4%
  C: 39.6%
  G: 23.7%
  T: 22.2%
  none/other: 0.0%

Overview of removed sequences
length	count	expect	max.err	error counts
1	7298282	19160813.8	0	7298282
2	2607738	4790203.4	0	2607738
3	926214	1197550.9	0	926214
4	442652	299387.7	0	442652
5	279321	74846.9	0	279321
6	241793	18711.7	0	241793
7	196353	4677.9	0	196353
8	200680	1169.5	0	200680
9	263341	292.4	0	262107 1234
10	240274	73.1	1	232399 7875
11	326468	18.3	1	312757 13711
12	328840	4.6	1	320944 7896
13	354818	4.6	1	339942 14876
14	321074	4.6	1	311559 9515
15	309733	4.6	1	296418 13315
16	259099	4.6	1	249756 9343
17	223046	4.6	1	214865 8181
18	222149	4.6	1	211728 10421
19	254388	4.6	1	241687 12701
20	258761	4.6	1	251031 7730
21	343267	4.6	1	334128 9139
22	391302	4.6	1	374319 16983
23	451852	4.6	1	440997 10855
24	423558	4.6	1	410111 13447
25	409587	4.6	1	393827 15760
26	316062	4.6	1	307600 8462
27	247906	4.6	1	239305 8601
28	236116	4.6	1	225283 10833
29	230086	4.6	1	223039 7047
30	262219	4.6	1	253434 8785
31	358507	4.6	1	344157 14350
32	431930	4.6	1	419571 12359
33	478470	4.6	1	463952 14518
34	532064	4.6	1	517194 14870
35	482123	4.6	1	466909 15214
36	379961	4.6	1	368751 11210
37	304827	4.6	1	293608 11219
38	238413	4.6	1	230216 8197
39	235078	4.6	1	227383 7695
40	263113	4.6	1	255675 7438
41	338812	4.6	1	328476 10336
42	444432	4.6	1	431867 12565
43	545676	4.6	1	527512 18164
44	598265	4.6	1	575824 22441
45	583150	4.6	1	568512 14638
46	499504	4.6	1	488386 11118
47	379807	4.6	1	366673 13134
48	288241	4.6	1	279282 8959
49	226232	4.6	1	219266 6966
50	247259	4.6	1	237241 10018
51	331876	4.6	1	321309 10567
52	439069	4.6	1	427199 11870
53	619109	4.6	1	601542 17567
54	678503	4.6	1	661963 16540
55	703995	4.6	1	689037 14958
56	673691	4.6	1	656545 17146
57	523580	4.6	1	510665 12915
58	368313	4.6	1	358370 9943
59	271898	4.6	1	263152 8746
60	232348	4.6	1	226056 6292
61	287710	4.6	1	279767 7943
62	451623	4.6	1	438240 13383
63	632511	4.6	1	616726 15785
64	763317	4.6	1	745879 17438
65	904515	4.6	1	882511 22004
66	908057	4.6	1	890850 17207
67	979555	4.6	1	967755 11800
68	164070	4.6	1	158496 5574
69	268188	4.6	1	263694 4494
70	218703	4.6	1	215110 3593
71	242130	4.6	1	237394 4736
72	366557	4.6	1	359710 6847
73	559958	4.6	1	549101 10857
74	754974	4.6	1	740795 14179
75	973131	4.6	1	957441 15690
76	982443	4.6	1	967005 15438
77	869846	4.6	1	854901 14945
78	660714	4.6	1	649346 11368
79	428329	4.6	1	419986 8343
80	267153	4.6	1	261324 5829
81	238980	4.6	1	234108 4872
82	288302	4.6	1	282012 6290
83	457341	4.6	1	448372 8969
84	658715	4.6	1	648545 10170
85	889507	4.6	1	875826 13681
86	991044	4.6	1	975150 15894
87	927293	4.6	1	913208 14085
88	753499	4.6	1	739687 13812
89	500780	4.6	1	490893 9887
90	314841	4.6	1	309737 5104
91	189447	4.6	1	182262 7185
92	184318	4.6	1	180129 4189
93	282549	4.6	1	271660 10889
94	432592	4.6	1	423997 8595
95	589477	4.6	1	578254 11223
96	736250	4.6	1	722625 13625
97	738173	4.6	1	726065 12108
98	608454	4.6	1	596885 11569
99	422394	4.6	1	413366 9028
100	255534	4.6	1	250883 4651
101	127531	4.6	1	123552 3979
102	74892	4.6	1	71872 3020
103	117212	4.6	1	114004 3208
104	157230	4.6	1	153789 3441
105	208478	4.6	1	203688 4790
106	267233	4.6	1	262564 4669
107	261777	4.6	1	257161 4616
108	198173	4.6	1	193903 4270
109	147127	4.6	1	141851 5276
110	86887	4.6	1	84311 2576
111	38826	4.6	1	36264 2562
112	23059	4.6	1	21462 1597
113	13024	4.6	1	11013 2011
114	13859	4.6	1	9179 4680
115	12111	4.6	1	11089 1022
116	11880	4.6	1	10985 895
117	11155	4.6	1	10524 631
118	9112	4.6	1	7022 2090
119	6022	4.6	1	4207 1815
120	3896	4.6	1	2367 1529
121	3927	4.6	1	3409 518
122	1033	4.6	1	760 273
123	3670	4.6	1	893 2777
124	475	4.6	1	114 361
125	1239	4.6	1	125 1114
126	3721	4.6	1	69 3652
127	599	4.6	1	105 494
128	792	4.6	1	255 537
129	674	4.6	1	514 160
130	3677	4.6	1	87 3590
131	1060	4.6	1	94 966
132	1875	4.6	1	41 1834
133	1600	4.6	1	29 1571
134	935	4.6	1	34 901
135	526	4.6	1	38 488
136	932	4.6	1	28 904
137	137	4.6	1	28 109
138	726	4.6	1	23 703
139	663	4.6	1	14 649
140	3393	4.6	1	9 3384
141	317	4.6	1	155 162
142	3754	4.6	1	20 3734
143	1089	4.6	1	152 937
144	1652	4.6	1	32 1620
145	80	4.6	1	63 17
146	216	4.6	1	169 47
147	1797	4.6	1	6 1791
148	594	4.6	1	2 592
149	317	4.6	1	195 122
150	3466	4.6	1	3213 253

RUN STATISTICS FOR INPUT FILE: DATA/POL2/2M2_R2_001.fastq.gz
=============================================
76643255 sequences processed in total
The length threshold of paired-end sequences gets evaluated later on (in the validation step)

Validate paired-end files 2M2_R1_001_trimmed.fq.gz and 2M2_R2_001_trimmed.fq.gz
file_1: 2M2_R1_001_trimmed.fq.gz, file_2: 2M2_R2_001_trimmed.fq.gz


>>>>> Now validing the length of the 2 paired-end infiles: 2M2_R1_001_trimmed.fq.gz and 2M2_R2_001_trimmed.fq.gz <<<<<
Writing validated paired-end Read 1 reads to 2M2_R1_001_val_1.fq.gz
Writing validated paired-end Read 2 reads to 2M2_R2_001_val_2.fq.gz

Total number of sequences analysed: 76643255

Number of sequence pairs removed because at least one read was shorter than the length cutoff (20 bp): 69466 (0.09%)


  >>> Now running FastQC on the validated data 2M2_R1_001_val_1.fq.gz<<<

application/gzip
Started analysis of 2M2_R1_001_val_1.fq.gz
Approx 5% complete for 2M2_R1_001_val_1.fq.gz
Approx 10% complete for 2M2_R1_001_val_1.fq.gz
Approx 15% complete for 2M2_R1_001_val_1.fq.gz
Approx 20% complete for 2M2_R1_001_val_1.fq.gz
Approx 25% complete for 2M2_R1_001_val_1.fq.gz
Approx 30% complete for 2M2_R1_001_val_1.fq.gz
Approx 35% complete for 2M2_R1_001_val_1.fq.gz
Approx 40% complete for 2M2_R1_001_val_1.fq.gz
Approx 45% complete for 2M2_R1_001_val_1.fq.gz
Approx 50% complete for 2M2_R1_001_val_1.fq.gz
Approx 55% complete for 2M2_R1_001_val_1.fq.gz
Approx 60% complete for 2M2_R1_001_val_1.fq.gz
Approx 65% complete for 2M2_R1_001_val_1.fq.gz
Approx 70% complete for 2M2_R1_001_val_1.fq.gz
Approx 75% complete for 2M2_R1_001_val_1.fq.gz
Approx 80% complete for 2M2_R1_001_val_1.fq.gz
Approx 85% complete for 2M2_R1_001_val_1.fq.gz
Approx 90% complete for 2M2_R1_001_val_1.fq.gz
Approx 95% complete for 2M2_R1_001_val_1.fq.gz
Analysis complete for 2M2_R1_001_val_1.fq.gz

  >>> Now running FastQC on the validated data 2M2_R2_001_val_2.fq.gz<<<

application/gzip
Started analysis of 2M2_R2_001_val_2.fq.gz
Approx 5% complete for 2M2_R2_001_val_2.fq.gz
Approx 10% complete for 2M2_R2_001_val_2.fq.gz
Approx 15% complete for 2M2_R2_001_val_2.fq.gz
Approx 20% complete for 2M2_R2_001_val_2.fq.gz
Approx 25% complete for 2M2_R2_001_val_2.fq.gz
Approx 30% complete for 2M2_R2_001_val_2.fq.gz
Approx 35% complete for 2M2_R2_001_val_2.fq.gz
Approx 40% complete for 2M2_R2_001_val_2.fq.gz
Approx 45% complete for 2M2_R2_001_val_2.fq.gz
Approx 50% complete for 2M2_R2_001_val_2.fq.gz
Approx 55% complete for 2M2_R2_001_val_2.fq.gz
Approx 60% complete for 2M2_R2_001_val_2.fq.gz
Approx 65% complete for 2M2_R2_001_val_2.fq.gz
Approx 70% complete for 2M2_R2_001_val_2.fq.gz
Approx 75% complete for 2M2_R2_001_val_2.fq.gz
Approx 80% complete for 2M2_R2_001_val_2.fq.gz
Approx 85% complete for 2M2_R2_001_val_2.fq.gz
Approx 90% complete for 2M2_R2_001_val_2.fq.gz
Approx 95% complete for 2M2_R2_001_val_2.fq.gz
Analysis complete for 2M2_R2_001_val_2.fq.gz
Deleting both intermediate output files 2M2_R1_001_trimmed.fq.gz and 2M2_R2_001_trimmed.fq.gz

====================================================================================================

