Using an excessive number of cores has a diminishing return! It is recommended not to exceed 8 cores per trimming process (you asked for 16 cores). Please consider re-specifying
Path to Cutadapt set as: 'cutadapt' (default)
Cutadapt seems to be working fine (tested command 'cutadapt --version')
Cutadapt version: 4.9
Could not detect version of Python used by Cutadapt from the first line of Cutadapt (but found this: >>>#!/bin/sh<<<)
Letting the (modified) Cutadapt deal with the Python version instead
pigz 2.8
Parallel gzip (pigz) detected. Proceeding with multicore (de)compression using 16 cores

igzip command line interface 2.31.0
igzip detected. Using igzip for decompressing

No quality encoding type selected. Assuming that the data provided uses Sanger encoded Phred scores (default)

Output will be written into the directory: /beegfs/scratch/ric.broccoli/kubacki.michal/MIRKO_DATA/Custom_pipeline/results/trimmed/


AUTO-DETECTING ADAPTER TYPE
===========================
Attempting to auto-detect adapter type from the first 1 million sequences of the first file (>> DATA/POL2/2M3_R1_001.fastq.gz <<)

Found perfect matches for the following adapter sequences:
Adapter type	Count	Sequence	Sequences analysed	Percentage
Nextera	570112	CTGTCTCTTATA	1000000	57.01
Illumina	4	AGATCGGAAGAGC	1000000	0.00
smallRNA	0	TGGAATTCTCGG	1000000	0.00
Using Nextera adapter for trimming (count: 570112). Second best hit was Illumina (count: 4)

Writing report to '/beegfs/scratch/ric.broccoli/kubacki.michal/MIRKO_DATA/Custom_pipeline/results/trimmed/2M3_R1_001.fastq.gz_trimming_report.txt'

SUMMARISING RUN PARAMETERS
==========================
Input filename: DATA/POL2/2M3_R1_001.fastq.gz
Trimming mode: paired-end
Trim Galore version: 0.6.10
Cutadapt version: 4.9
Python version: could not detect
Number of cores used for trimming: 16
Quality Phred score cutoff: 20
Quality encoding type selected: ASCII+33
Adapter sequence: 'CTGTCTCTTATA' (Nextera Transposase sequence; auto-detected)
Maximum trimming error rate: 0.1 (default)
Minimum required adapter overlap (stringency): 1 bp
Minimum required sequence length for both reads before a sequence pair gets removed: 20 bp
Running FastQC on the data once trimming has completed
Output file(s) will be GZIP compressed

Cutadapt seems to be fairly up-to-date (version 4.9). Setting -j 16
Writing final adapter and quality trimmed output to 2M3_R1_001_trimmed.fq.gz


  >>> Now performing quality (cutoff '-q 20') and adapter trimming in a single pass for the adapter sequence: 'CTGTCTCTTATA' from file DATA/POL2/2M3_R1_001.fastq.gz <<< 
10000000 sequences processed
20000000 sequences processed
30000000 sequences processed
40000000 sequences processed
50000000 sequences processed
60000000 sequences processed
70000000 sequences processed
80000000 sequences processed
This is cutadapt 4.9 with Python 3.11.8
Command line parameters: -j 16 -e 0.1 -q 20 -O 1 -a CTGTCTCTTATA DATA/POL2/2M3_R1_001.fastq.gz
Processing single-end reads on 16 cores ...
Finished in 282.335 s (3.326 µs/read; 18.04 M reads/minute).

=== Summary ===

Total reads processed:              84,892,446
Reads with adapters:                61,271,529 (72.2%)
Reads written (passing filters):    84,892,446 (100.0%)

Total basepairs processed: 12,733,866,900 bp
Quality-trimmed:              87,144,055 bp (0.7%)
Total written (filtered):  9,686,494,267 bp (76.1%)

=== Adapter 1 ===

Sequence: CTGTCTCTTATA; Type: regular 3'; Length: 12; Trimmed: 61271529 times

Minimum overlap: 1
No. of allowed errors:
1-9 bp: 0; 10-12 bp: 1

Bases preceding removed adapters:
  A: 13.6%
  C: 40.5%
  G: 24.4%
  T: 21.4%
  none/other: 0.0%

Overview of removed sequences
length	count	expect	max.err	error counts
1	8094513	21223111.5	0	8094513
2	2929419	5305777.9	0	2929419
3	1048482	1326444.5	0	1048482
4	511835	331611.1	0	511835
5	319604	82902.8	0	319604
6	246296	20725.7	0	246296
7	193663	5181.4	0	193663
8	199417	1295.4	0	199417
9	243910	323.8	0	242366 1544
10	265466	81.0	1	256879 8587
11	345728	20.2	1	335287 10441
12	371988	5.1	1	363513 8475
13	462859	5.1	1	447300 15559
14	421515	5.1	1	409883 11632
15	398731	5.1	1	381646 17085
16	336348	5.1	1	320214 16134
17	195867	5.1	1	192092 3775
18	225959	5.1	1	216078 9881
19	218422	5.1	1	211165 7257
20	253947	5.1	1	244926 9021
21	487654	5.1	1	463689 23965
22	341464	5.1	1	333282 8182
23	592713	5.1	1	576370 16343
24	456681	5.1	1	448798 7883
25	559851	5.1	1	542085 17766
26	381750	5.1	1	368715 13035
27	301035	5.1	1	284172 16863
28	206331	5.1	1	197752 8579
29	261877	5.1	1	245511 16366
30	237034	5.1	1	229256 7778
31	373019	5.1	1	356971 16048
32	463005	5.1	1	450733 12272
33	598754	5.1	1	579423 19331
34	557617	5.1	1	545640 11977
35	590894	5.1	1	572712 18182
36	466779	5.1	1	456047 10732
37	348163	5.1	1	339206 8957
38	248066	5.1	1	240250 7816
39	234798	5.1	1	224806 9992
40	236314	5.1	1	227741 8573
41	321764	5.1	1	311839 9925
42	465883	5.1	1	446516 19367
43	607586	5.1	1	589652 17934
44	1002837	5.1	1	971359 31478
45	494154	5.1	1	482005 12149
46	712850	5.1	1	694289 18561
47	351417	5.1	1	341786 9631
48	412735	5.1	1	399953 12782
49	571909	5.1	1	558776 13133
50	794870	5.1	1	780160 14710
51	385923	5.1	1	375310 10613
52	906116	5.1	1	888541 17575
53	500619	5.1	1	485221 15398
54	558327	5.1	1	547688 10639
55	307975	5.1	1	298569 9406
56	326954	5.1	1	317873 9081
57	401853	5.1	1	394150 7703
58	326214	5.1	1	318889 7325
59	241744	5.1	1	236085 5659
60	211673	5.1	1	205971 5702
61	276769	5.1	1	269526 7243
62	350314	5.1	1	341319 8995
63	563929	5.1	1	550907 13022
64	751756	5.1	1	735955 15801
65	945866	5.1	1	926098 19768
66	954695	5.1	1	933557 21138
67	949234	5.1	1	927502 21732
68	975168	5.1	1	953842 21326
69	1088652	5.1	1	1069719 18933
70	1000946	5.1	1	985164 15782
71	824327	5.1	1	812645 11682
72	650282	5.1	1	641549 8733
73	555424	5.1	1	545944 9480
74	345002	5.1	1	335441 9561
75	202588	5.1	1	194376 8212
76	229727	5.1	1	220150 9577
77	350619	5.1	1	338344 12275
78	394545	5.1	1	385729 8816
79	358748	5.1	1	350546 8202
80	225968	5.1	1	221440 4528
81	217257	5.1	1	212551 4706
82	249705	5.1	1	244190 5515
83	434986	5.1	1	426954 8032
84	675727	5.1	1	665271 10456
85	949420	5.1	1	935117 14303
86	1065860	5.1	1	1048987 16873
87	1027671	5.1	1	1011791 15880
88	856312	5.1	1	844291 12021
89	565753	5.1	1	557295 8458
90	338218	5.1	1	332163 6055
91	185813	5.1	1	181043 4770
92	170314	5.1	1	166025 4289
93	277032	5.1	1	269384 7648
94	473529	5.1	1	463603 9926
95	703678	5.1	1	690171 13507
96	889559	5.1	1	870483 19076
97	895843	5.1	1	877728 18115
98	737523	5.1	1	722364 15159
99	541493	5.1	1	528431 13062
100	318083	5.1	1	310217 7866
101	155873	5.1	1	150736 5137
102	94528	5.1	1	90747 3781
103	126538	5.1	1	122889 3649
104	202444	5.1	1	196354 6090
105	297953	5.1	1	290456 7497
106	388321	5.1	1	380899 7422
107	405636	5.1	1	398266 7370
108	328708	5.1	1	322324 6384
109	208897	5.1	1	202856 6041
110	117632	5.1	1	114243 3389
111	59818	5.1	1	58120 1698
112	21491	5.1	1	20229 1262
113	17250	5.1	1	15793 1457
114	21056	5.1	1	17215 3841
115	20159	5.1	1	18772 1387
116	20559	5.1	1	19048 1511
117	16678	5.1	1	14666 2012
118	12562	5.1	1	9908 2654
119	7678	5.1	1	5988 1690
120	3063	5.1	1	2685 378
121	4510	5.1	1	3511 999
122	1832	5.1	1	1257 575
123	3049	5.1	1	791 2258
124	1060	5.1	1	338 722
125	1155	5.1	1	469 686
126	1329	5.1	1	489 840
127	429	5.1	1	124 305
128	1143	5.1	1	107 1036
129	1474	5.1	1	281 1193
130	3729	5.1	1	79 3650
131	1599	5.1	1	150 1449
132	577	5.1	1	26 551
133	4042	5.1	1	66 3976
134	1574	5.1	1	115 1459
135	794	5.1	1	47 747
136	858	5.1	1	43 815
137	851	5.1	1	32 819
138	1543	5.1	1	7 1536
139	668	5.1	1	17 651
140	2793	5.1	1	23 2770
141	1854	5.1	1	32 1822
142	2071	5.1	1	34 2037
143	414	5.1	1	1 413
144	1289	5.1	1	7 1282
145	351	5.1	1	10 341
146	540	5.1	1	9 531
147	539	5.1	1	16 523
148	402	5.1	1	18 384
149	250	5.1	1	118 132
150	2460	5.1	1	2049 411

RUN STATISTICS FOR INPUT FILE: DATA/POL2/2M3_R1_001.fastq.gz
=============================================
84892446 sequences processed in total
The length threshold of paired-end sequences gets evaluated later on (in the validation step)

Writing report to '/beegfs/scratch/ric.broccoli/kubacki.michal/MIRKO_DATA/Custom_pipeline/results/trimmed/2M3_R2_001.fastq.gz_trimming_report.txt'

SUMMARISING RUN PARAMETERS
==========================
Input filename: DATA/POL2/2M3_R2_001.fastq.gz
Trimming mode: paired-end
Trim Galore version: 0.6.10
Cutadapt version: 4.9
Python version: could not detect
Number of cores used for trimming: 16
Quality Phred score cutoff: 20
Quality encoding type selected: ASCII+33
Adapter sequence: 'CTGTCTCTTATA' (Nextera Transposase sequence; auto-detected)
Maximum trimming error rate: 0.1 (default)
Minimum required adapter overlap (stringency): 1 bp
Minimum required sequence length for both reads before a sequence pair gets removed: 20 bp
Running FastQC on the data once trimming has completed
Output file(s) will be GZIP compressed

Cutadapt seems to be fairly up-to-date (version 4.9). Setting -j -j 16
Writing final adapter and quality trimmed output to 2M3_R2_001_trimmed.fq.gz


  >>> Now performing quality (cutoff '-q 20') and adapter trimming in a single pass for the adapter sequence: 'CTGTCTCTTATA' from file DATA/POL2/2M3_R2_001.fastq.gz <<< 
10000000 sequences processed
20000000 sequences processed
30000000 sequences processed
40000000 sequences processed
50000000 sequences processed
60000000 sequences processed
70000000 sequences processed
80000000 sequences processed
This is cutadapt 4.9 with Python 3.11.8
Command line parameters: -j 16 -e 0.1 -q 20 -O 1 -a CTGTCTCTTATA DATA/POL2/2M3_R2_001.fastq.gz
Processing single-end reads on 16 cores ...
Finished in 282.059 s (3.323 µs/read; 18.06 M reads/minute).

=== Summary ===

Total reads processed:              84,892,446
Reads with adapters:                60,948,332 (71.8%)
Reads written (passing filters):    84,892,446 (100.0%)

Total basepairs processed: 12,733,866,900 bp
Quality-trimmed:              56,660,966 bp (0.4%)
Total written (filtered):  9,698,372,119 bp (76.2%)

=== Adapter 1 ===

Sequence: CTGTCTCTTATA; Type: regular 3'; Length: 12; Trimmed: 60948332 times

Minimum overlap: 1
No. of allowed errors:
1-9 bp: 0; 10-12 bp: 1

Bases preceding removed adapters:
  A: 13.5%
  C: 41.1%
  G: 24.0%
  T: 21.3%
  none/other: 0.0%

Overview of removed sequences
length	count	expect	max.err	error counts
1	8150000	21223111.5	0	8150000
2	2952237	5305777.9	0	2952237
3	1063467	1326444.5	0	1063467
4	532721	331611.1	0	532721
5	316555	82902.8	0	316555
6	235344	20725.7	0	235344
7	197245	5181.4	0	197245
8	193345	1295.4	0	193345
9	245552	323.8	0	244350 1202
10	251339	81.0	1	242984 8355
11	357814	20.2	1	343150 14664
12	367044	5.1	1	357561 9483
13	457591	5.1	1	440859 16732
14	411779	5.1	1	400503 11276
15	383828	5.1	1	367194 16634
16	276299	5.1	1	266739 9560
17	233937	5.1	1	226025 7912
18	209950	5.1	1	199240 10710
19	226861	5.1	1	214331 12530
20	264689	5.1	1	256546 8143
21	346346	5.1	1	335147 11199
22	451380	5.1	1	432553 18827
23	555332	5.1	1	542088 13244
24	517695	5.1	1	500396 17299
25	563645	5.1	1	543526 20119
26	366933	5.1	1	357131 9802
27	276099	5.1	1	266030 10069
28	211970	5.1	1	200774 11196
29	201593	5.1	1	195154 6439
30	251406	5.1	1	242306 9100
31	352077	5.1	1	337530 14547
32	460834	5.1	1	447549 13285
33	541929	5.1	1	523870 18059
34	582672	5.1	1	566815 15857
35	569789	5.1	1	552169 17620
36	468228	5.1	1	455498 12730
37	357770	5.1	1	344182 13588
38	241712	5.1	1	233294 8418
39	211621	5.1	1	204812 6809
40	218155	5.1	1	211754 6401
41	309208	5.1	1	299259 9949
42	420318	5.1	1	408096 12222
43	591139	5.1	1	572346 18793
44	655088	5.1	1	630945 24143
45	679174	5.1	1	662643 16531
46	557037	5.1	1	544494 12543
47	477227	5.1	1	462084 15143
48	304793	5.1	1	295539 9254
49	231972	5.1	1	225266 6706
50	222731	5.1	1	213199 9532
51	268759	5.1	1	259666 9093
52	405188	5.1	1	393941 11247
53	653519	5.1	1	637057 16462
54	701780	5.1	1	683805 17975
55	775017	5.1	1	759762 15255
56	755161	5.1	1	735637 19524
57	583257	5.1	1	569377 13880
58	399871	5.1	1	388615 11256
59	276997	5.1	1	267890 9107
60	214364	5.1	1	207556 6808
61	245937	5.1	1	238959 6978
62	396158	5.1	1	383128 13030
63	611909	5.1	1	596390 15519
64	785399	5.1	1	767628 17771
65	986215	5.1	1	964037 22178
66	989460	5.1	1	971100 18360
67	1104819	5.1	1	1091853 12966
68	180075	5.1	1	174290 5785
69	282649	5.1	1	276608 6041
70	206347	5.1	1	202826 3521
71	219371	5.1	1	214638 4733
72	310515	5.1	1	303908 6607
73	527436	5.1	1	515902 11534
74	793836	5.1	1	780110 13726
75	1012151	5.1	1	996069 16082
76	1094828	5.1	1	1077112 17716
77	989407	5.1	1	973909 15498
78	717838	5.1	1	705374 12464
79	494638	5.1	1	486915 7723
80	263065	5.1	1	257910 5155
81	232986	5.1	1	228512 4474
82	255041	5.1	1	249209 5832
83	442190	5.1	1	433609 8581
84	681977	5.1	1	671373 10604
85	958963	5.1	1	944137 14826
86	1077011	5.1	1	1061127 15884
87	1034457	5.1	1	1019691 14766
88	861003	5.1	1	847273 13730
89	568255	5.1	1	558222 10033
90	338331	5.1	1	331978 6353
91	188503	5.1	1	180992 7511
92	169773	5.1	1	165461 4312
93	276268	5.1	1	268436 7832
94	470834	5.1	1	460969 9865
95	702357	5.1	1	689993 12364
96	887140	5.1	1	871366 15774
97	894878	5.1	1	878503 16375
98	733091	5.1	1	720197 12894
99	537867	5.1	1	526599 11268
100	315118	5.1	1	308984 6134
101	155728	5.1	1	151265 4463
102	94289	5.1	1	90656 3633
103	126221	5.1	1	122841 3380
104	200137	5.1	1	195408 4729
105	295251	5.1	1	289850 5401
106	385507	5.1	1	378038 7469
107	402902	5.1	1	394502 8400
108	325051	5.1	1	318477 6574
109	207020	5.1	1	201700 5320
110	116141	5.1	1	113415 2726
111	59590	5.1	1	57342 2248
112	21380	5.1	1	20002 1378
113	16912	5.1	1	15540 1372
114	20826	5.1	1	17149 3677
115	19499	5.1	1	18726 773
116	19900	5.1	1	18773 1127
117	16002	5.1	1	14630 1372
118	11526	5.1	1	9988 1538
119	8231	5.1	1	6251 1980
120	3231	5.1	1	2646 585
121	4577	5.1	1	3554 1023
122	1769	5.1	1	1309 460
123	4937	5.1	1	850 4087
124	1400	5.1	1	330 1070
125	1084	5.1	1	496 588
126	1549	5.1	1	90 1459
127	531	5.1	1	153 378
128	1096	5.1	1	85 1011
129	1276	5.1	1	309 967
130	3322	5.1	1	95 3227
131	1346	5.1	1	162 1184
132	1904	5.1	1	36 1868
133	2680	5.1	1	67 2613
134	1395	5.1	1	129 1266
135	462	5.1	1	55 407
136	809	5.1	1	150 659
137	741	5.1	1	30 711
138	2102	5.1	1	8 2094
139	670	5.1	1	13 657
140	2600	5.1	1	18 2582
141	868	5.1	1	36 832
142	1910	5.1	1	25 1885
143	789	5.1	1	123 666
144	1484	5.1	1	5 1479
145	466	5.1	1	6 460
146	60	5.1	1	22 38
147	1476	5.1	1	263 1213
148	1329	5.1	1	6 1323
149	50	5.1	1	21 29
150	2827	5.1	1	2173 654

RUN STATISTICS FOR INPUT FILE: DATA/POL2/2M3_R2_001.fastq.gz
=============================================
84892446 sequences processed in total
The length threshold of paired-end sequences gets evaluated later on (in the validation step)

Validate paired-end files 2M3_R1_001_trimmed.fq.gz and 2M3_R2_001_trimmed.fq.gz
file_1: 2M3_R1_001_trimmed.fq.gz, file_2: 2M3_R2_001_trimmed.fq.gz


>>>>> Now validing the length of the 2 paired-end infiles: 2M3_R1_001_trimmed.fq.gz and 2M3_R2_001_trimmed.fq.gz <<<<<
Writing validated paired-end Read 1 reads to 2M3_R1_001_val_1.fq.gz
Writing validated paired-end Read 2 reads to 2M3_R2_001_val_2.fq.gz

Total number of sequences analysed: 84892446

Number of sequence pairs removed because at least one read was shorter than the length cutoff (20 bp): 74583 (0.09%)


  >>> Now running FastQC on the validated data 2M3_R1_001_val_1.fq.gz<<<

application/gzip
Started analysis of 2M3_R1_001_val_1.fq.gz
Approx 5% complete for 2M3_R1_001_val_1.fq.gz
Approx 10% complete for 2M3_R1_001_val_1.fq.gz
Approx 15% complete for 2M3_R1_001_val_1.fq.gz
Approx 20% complete for 2M3_R1_001_val_1.fq.gz
Approx 25% complete for 2M3_R1_001_val_1.fq.gz
Approx 30% complete for 2M3_R1_001_val_1.fq.gz
Approx 35% complete for 2M3_R1_001_val_1.fq.gz
Approx 40% complete for 2M3_R1_001_val_1.fq.gz
Approx 45% complete for 2M3_R1_001_val_1.fq.gz
Approx 50% complete for 2M3_R1_001_val_1.fq.gz
Approx 55% complete for 2M3_R1_001_val_1.fq.gz
Approx 60% complete for 2M3_R1_001_val_1.fq.gz
Approx 65% complete for 2M3_R1_001_val_1.fq.gz
Approx 70% complete for 2M3_R1_001_val_1.fq.gz
Approx 75% complete for 2M3_R1_001_val_1.fq.gz
Approx 80% complete for 2M3_R1_001_val_1.fq.gz
Approx 85% complete for 2M3_R1_001_val_1.fq.gz
Approx 90% complete for 2M3_R1_001_val_1.fq.gz
Approx 95% complete for 2M3_R1_001_val_1.fq.gz
Analysis complete for 2M3_R1_001_val_1.fq.gz

  >>> Now running FastQC on the validated data 2M3_R2_001_val_2.fq.gz<<<

application/gzip
Started analysis of 2M3_R2_001_val_2.fq.gz
Approx 5% complete for 2M3_R2_001_val_2.fq.gz
Approx 10% complete for 2M3_R2_001_val_2.fq.gz
Approx 15% complete for 2M3_R2_001_val_2.fq.gz
Approx 20% complete for 2M3_R2_001_val_2.fq.gz
Approx 25% complete for 2M3_R2_001_val_2.fq.gz
Approx 30% complete for 2M3_R2_001_val_2.fq.gz
Approx 35% complete for 2M3_R2_001_val_2.fq.gz
Approx 40% complete for 2M3_R2_001_val_2.fq.gz
Approx 45% complete for 2M3_R2_001_val_2.fq.gz
Approx 50% complete for 2M3_R2_001_val_2.fq.gz
Approx 55% complete for 2M3_R2_001_val_2.fq.gz
Approx 60% complete for 2M3_R2_001_val_2.fq.gz
Approx 65% complete for 2M3_R2_001_val_2.fq.gz
Approx 70% complete for 2M3_R2_001_val_2.fq.gz
Approx 75% complete for 2M3_R2_001_val_2.fq.gz
Approx 80% complete for 2M3_R2_001_val_2.fq.gz
Approx 85% complete for 2M3_R2_001_val_2.fq.gz
Approx 90% complete for 2M3_R2_001_val_2.fq.gz
Approx 95% complete for 2M3_R2_001_val_2.fq.gz
Analysis complete for 2M3_R2_001_val_2.fq.gz
Deleting both intermediate output files 2M3_R1_001_trimmed.fq.gz and 2M3_R2_001_trimmed.fq.gz

====================================================================================================

