Using an excessive number of cores has a diminishing return! It is recommended not to exceed 8 cores per trimming process (you asked for 16 cores). Please consider re-specifying
Path to Cutadapt set as: 'cutadapt' (default)
Cutadapt seems to be working fine (tested command 'cutadapt --version')
Cutadapt version: 4.9
Could not detect version of Python used by Cutadapt from the first line of Cutadapt (but found this: >>>#!/bin/sh<<<)
Letting the (modified) Cutadapt deal with the Python version instead
pigz 2.8
Parallel gzip (pigz) detected. Proceeding with multicore (de)compression using 16 cores

igzip command line interface 2.31.0
igzip detected. Using igzip for decompressing

No quality encoding type selected. Assuming that the data provided uses Sanger encoded Phred scores (default)

Output will be written into the directory: /beegfs/scratch/ric.broccoli/kubacki.michal/MIRKO_DATA/Custom_pipeline/results/trimmed/


AUTO-DETECTING ADAPTER TYPE
===========================
Attempting to auto-detect adapter type from the first 1 million sequences of the first file (>> DATA/ENDOGENOUS/IgM_R1_001.fastq.gz <<)

Found perfect matches for the following adapter sequences:
Adapter type	Count	Sequence	Sequences analysed	Percentage
Nextera	297006	CTGTCTCTTATA	1000000	29.70
Illumina	1	AGATCGGAAGAGC	1000000	0.00
smallRNA	1	TGGAATTCTCGG	1000000	0.00
Using Nextera adapter for trimming (count: 297006). Second best hit was Illumina (count: 1)

Writing report to '/beegfs/scratch/ric.broccoli/kubacki.michal/MIRKO_DATA/Custom_pipeline/results/trimmed/IgM_R1_001.fastq.gz_trimming_report.txt'

SUMMARISING RUN PARAMETERS
==========================
Input filename: DATA/ENDOGENOUS/IgM_R1_001.fastq.gz
Trimming mode: paired-end
Trim Galore version: 0.6.10
Cutadapt version: 4.9
Python version: could not detect
Number of cores used for trimming: 16
Quality Phred score cutoff: 20
Quality encoding type selected: ASCII+33
Adapter sequence: 'CTGTCTCTTATA' (Nextera Transposase sequence; auto-detected)
Maximum trimming error rate: 0.1 (default)
Minimum required adapter overlap (stringency): 1 bp
Minimum required sequence length for both reads before a sequence pair gets removed: 20 bp
Running FastQC on the data once trimming has completed
Output file(s) will be GZIP compressed

Cutadapt seems to be fairly up-to-date (version 4.9). Setting -j 16
Writing final adapter and quality trimmed output to IgM_R1_001_trimmed.fq.gz


  >>> Now performing quality (cutoff '-q 20') and adapter trimming in a single pass for the adapter sequence: 'CTGTCTCTTATA' from file DATA/ENDOGENOUS/IgM_R1_001.fastq.gz <<< 
10000000 sequences processed
20000000 sequences processed
30000000 sequences processed
40000000 sequences processed
50000000 sequences processed
60000000 sequences processed
70000000 sequences processed
80000000 sequences processed
90000000 sequences processed
This is cutadapt 4.9 with Python 3.11.8
Command line parameters: -j 16 -e 0.1 -q 20 -O 1 -a CTGTCTCTTATA DATA/ENDOGENOUS/IgM_R1_001.fastq.gz
Processing single-end reads on 16 cores ...
Finished in 218.841 s (2.382 µs/read; 25.19 M reads/minute).

=== Summary ===

Total reads processed:              91,890,662
Reads with adapters:                46,955,806 (51.1%)
Reads written (passing filters):    91,890,662 (100.0%)

Total basepairs processed: 13,783,599,300 bp
Quality-trimmed:              91,550,631 bp (0.7%)
Total written (filtered):  12,463,362,255 bp (90.4%)

=== Adapter 1 ===

Sequence: CTGTCTCTTATA; Type: regular 3'; Length: 12; Trimmed: 46955806 times

Minimum overlap: 1
No. of allowed errors:
1-9 bp: 0; 10-12 bp: 1

Bases preceding removed adapters:
  A: 16.5%
  C: 35.5%
  G: 23.1%
  T: 24.9%
  none/other: 0.0%

Overview of removed sequences
length	count	expect	max.err	error counts
1	12624375	22972665.5	0	12624375
2	4703700	5743166.4	0	4703700
3	1442356	1435791.6	0	1442356
4	654066	358947.9	0	654066
5	374129	89737.0	0	374129
6	329063	22434.2	0	329063
7	282440	5608.6	0	282440
8	296232	1402.1	0	296232
9	348935	350.5	0	347126 1809
10	321744	87.6	1	303030 18714
11	422403	21.9	1	389829 32574
12	372458	5.5	1	352227 20231
13	416896	5.5	1	383468 33428
14	378227	5.5	1	354471 23756
15	369527	5.5	1	341690 27837
16	330474	5.5	1	308301 22173
17	309880	5.5	1	290634 19246
18	321140	5.5	1	301131 20009
19	308154	5.5	1	288714 19440
20	329792	5.5	1	309589 20203
21	421333	5.5	1	392790 28543
22	396004	5.5	1	375923 20081
23	465344	5.5	1	441047 24297
24	412589	5.5	1	392962 19627
25	446962	5.5	1	415671 31291
26	347561	5.5	1	329869 17692
27	334591	5.5	1	313203 21388
28	283038	5.5	1	269503 13535
29	312478	5.5	1	294162 18316
30	331039	5.5	1	316613 14426
31	388586	5.5	1	370089 18497
32	409481	5.5	1	391073 18408
33	459891	5.5	1	439303 20588
34	410446	5.5	1	394335 16111
35	402423	5.5	1	387893 14530
36	359539	5.5	1	344113 15426
37	305836	5.5	1	289579 16257
38	296763	5.5	1	281913 14850
39	275837	5.5	1	261905 13932
40	282933	5.5	1	270227 12706
41	359806	5.5	1	341614 18192
42	361086	5.5	1	345917 15169
43	465057	5.5	1	441779 23278
44	867713	5.5	1	832904 34809
45	359171	5.5	1	345463 13708
46	373589	5.5	1	361242 12347
47	175302	5.5	1	168262 7040
48	1583487	5.5	1	1557379 26108
49	373485	5.5	1	360420 13065
50	523366	5.5	1	507000 16366
51	230697	5.5	1	222279 8418
52	1376378	5.5	1	1355933 20445
53	504442	5.5	1	491226 13216
54	124447	5.5	1	118699 5748
55	640318	5.5	1	630558 9760
56	277153	5.5	1	269306 7847
57	98261	5.5	1	92784 5477
58	89548	5.5	1	84844 4704
59	136453	5.5	1	132784 3669
60	31796	5.5	1	28187 3609
61	90252	5.5	1	86489 3763
62	51527	5.5	1	47993 3534
63	33748	5.5	1	29557 4191
64	116253	5.5	1	112865 3388
65	263049	5.5	1	256649 6400
66	48693	5.5	1	45386 3307
67	106922	5.5	1	102813 4109
68	64535	5.5	1	57206 7329
69	57049	5.5	1	53619 3430
70	47774	5.5	1	44849 2925
71	57669	5.5	1	52227 5442
72	85279	5.5	1	80735 4544
73	168363	5.5	1	155336 13027
74	249290	5.5	1	241971 7319
75	298831	5.5	1	292602 6229
76	305159	5.5	1	299232 5927
77	247873	5.5	1	241239 6634
78	194416	5.5	1	189913 4503
79	162684	5.5	1	157942 4742
80	128000	5.5	1	124828 3172
81	129845	5.5	1	126579 3266
82	141661	5.5	1	134221 7440
83	173919	5.5	1	165504 8415
84	206420	5.5	1	200734 5686
85	239480	5.5	1	234668 4812
86	250455	5.5	1	245652 4803
87	217835	5.5	1	212842 4993
88	158607	5.5	1	152438 6169
89	111719	5.5	1	107984 3735
90	81821	5.5	1	78834 2987
91	70701	5.5	1	65334 5367
92	65894	5.5	1	63541 2353
93	84837	5.5	1	79821 5016
94	99202	5.5	1	95427 3775
95	122608	5.5	1	119771 2837
96	136443	5.5	1	132083 4360
97	117892	5.5	1	114784 3108
98	89117	5.5	1	85290 3827
99	56410	5.5	1	53152 3258
100	39339	5.5	1	36033 3306
101	25574	5.5	1	23288 2286
102	20742	5.5	1	18837 1905
103	21482	5.5	1	19433 2049
104	24271	5.5	1	21173 3098
105	26879	5.5	1	25193 1686
106	24628	5.5	1	23085 1543
107	23235	5.5	1	20882 2353
108	16569	5.5	1	14792 1777
109	15654	5.5	1	9673 5981
110	6742	5.5	1	5441 1301
111	5160	5.5	1	3987 1173
112	5992	5.5	1	2717 3275
113	4729	5.5	1	2076 2653
114	10069	5.5	1	1195 8874
115	2828	5.5	1	1490 1338
116	2155	5.5	1	1115 1040
117	2715	5.5	1	1038 1677
118	5844	5.5	1	490 5354
119	2763	5.5	1	385 2378
120	1259	5.5	1	256 1003
121	3670	5.5	1	287 3383
122	1282	5.5	1	222 1060
123	12512	5.5	1	181 12331
124	2233	5.5	1	145 2088
125	1168	5.5	1	114 1054
126	1923	5.5	1	168 1755
127	696	5.5	1	64 632
128	1431	5.5	1	147 1284
129	1909	5.5	1	65 1844
130	13839	5.5	1	104 13735
131	4212	5.5	1	147 4065
132	3308	5.5	1	78 3230
133	5454	5.5	1	95 5359
134	1302	5.5	1	57 1245
135	839	5.5	1	134 705
136	2572	5.5	1	131 2441
137	743	5.5	1	139 604
138	3353	5.5	1	176 3177
139	1187	5.5	1	144 1043
140	5535	5.5	1	114 5421
141	2371	5.5	1	242 2129
142	7820	5.5	1	107 7713
143	1781	5.5	1	68 1713
144	2424	5.5	1	95 2329
145	380	5.5	1	81 299
146	1210	5.5	1	870 340
147	3484	5.5	1	227 3257
148	1136	5.5	1	41 1095
149	1013	5.5	1	266 747
150	13938	5.5	1	12823 1115

RUN STATISTICS FOR INPUT FILE: DATA/ENDOGENOUS/IgM_R1_001.fastq.gz
=============================================
91890662 sequences processed in total
The length threshold of paired-end sequences gets evaluated later on (in the validation step)

Writing report to '/beegfs/scratch/ric.broccoli/kubacki.michal/MIRKO_DATA/Custom_pipeline/results/trimmed/IgM_R2_001.fastq.gz_trimming_report.txt'

SUMMARISING RUN PARAMETERS
==========================
Input filename: DATA/ENDOGENOUS/IgM_R2_001.fastq.gz
Trimming mode: paired-end
Trim Galore version: 0.6.10
Cutadapt version: 4.9
Python version: could not detect
Number of cores used for trimming: 16
Quality Phred score cutoff: 20
Quality encoding type selected: ASCII+33
Adapter sequence: 'CTGTCTCTTATA' (Nextera Transposase sequence; auto-detected)
Maximum trimming error rate: 0.1 (default)
Minimum required adapter overlap (stringency): 1 bp
Minimum required sequence length for both reads before a sequence pair gets removed: 20 bp
Running FastQC on the data once trimming has completed
Output file(s) will be GZIP compressed

Cutadapt seems to be fairly up-to-date (version 4.9). Setting -j -j 16
Writing final adapter and quality trimmed output to IgM_R2_001_trimmed.fq.gz


  >>> Now performing quality (cutoff '-q 20') and adapter trimming in a single pass for the adapter sequence: 'CTGTCTCTTATA' from file DATA/ENDOGENOUS/IgM_R2_001.fastq.gz <<< 
10000000 sequences processed
20000000 sequences processed
30000000 sequences processed
40000000 sequences processed
50000000 sequences processed
60000000 sequences processed
70000000 sequences processed
80000000 sequences processed
90000000 sequences processed
This is cutadapt 4.9 with Python 3.11.8
Command line parameters: -j 16 -e 0.1 -q 20 -O 1 -a CTGTCTCTTATA DATA/ENDOGENOUS/IgM_R2_001.fastq.gz
Processing single-end reads on 16 cores ...
Finished in 215.125 s (2.341 µs/read; 25.63 M reads/minute).

=== Summary ===

Total reads processed:              91,890,662
Reads with adapters:                47,207,167 (51.4%)
Reads written (passing filters):    91,890,662 (100.0%)

Total basepairs processed: 13,783,599,300 bp
Quality-trimmed:              50,091,719 bp (0.4%)
Total written (filtered):  12,452,816,834 bp (90.3%)

=== Adapter 1 ===

Sequence: CTGTCTCTTATA; Type: regular 3'; Length: 12; Trimmed: 47207167 times

Minimum overlap: 1
No. of allowed errors:
1-9 bp: 0; 10-12 bp: 1

Bases preceding removed adapters:
  A: 16.6%
  C: 36.0%
  G: 22.8%
  T: 24.6%
  none/other: 0.0%

Overview of removed sequences
length	count	expect	max.err	error counts
1	12920421	22972665.5	0	12920421
2	4728079	5743166.4	0	4728079
3	1437775	1435791.6	0	1437775
4	631610	358947.9	0	631610
5	382125	89737.0	0	382125
6	329121	22434.2	0	329121
7	285280	5608.6	0	285280
8	299418	1402.1	0	299418
9	342807	350.5	0	340786 2021
10	327243	87.6	1	314887 12356
11	415803	21.9	1	394568 21235
12	376702	5.5	1	362891 13811
13	410899	5.5	1	388617 22282
14	382855	5.5	1	366588 16267
15	363058	5.5	1	345266 17792
16	336914	5.5	1	320962 15952
17	308575	5.5	1	294093 14482
18	327258	5.5	1	311220 16038
19	319521	5.5	1	304160 15361
20	333618	5.5	1	320996 12622
21	387326	5.5	1	372160 15166
22	405647	5.5	1	389133 16514
23	466309	5.5	1	451717 14592
24	416835	5.5	1	402123 14712
25	458565	5.5	1	432924 25641
26	346749	5.5	1	335395 11354
27	318617	5.5	1	305686 12931
28	291042	5.5	1	279467 11575
29	291628	5.5	1	281842 9786
30	368695	5.5	1	356223 12472
31	352017	5.5	1	341231 10786
32	393888	5.5	1	381012 12876
33	425154	5.5	1	411730 13424
34	451156	5.5	1	438977 12179
35	407994	5.5	1	397525 10469
36	345933	5.5	1	336080 9853
37	310201	5.5	1	297772 12429
38	283987	5.5	1	275156 8831
39	267459	5.5	1	258854 8605
40	272083	5.5	1	263714 8369
41	323647	5.5	1	312009 11638
42	348026	5.5	1	338952 9074
43	407253	5.5	1	394265 12988
44	401943	5.5	1	390913 11030
45	390780	5.5	1	381531 9249
46	356874	5.5	1	347028 9846
47	298031	5.5	1	289472 8559
48	268400	5.5	1	259751 8649
49	257646	5.5	1	250077 7569
50	285221	5.5	1	274138 11083
51	259404	5.5	1	252931 6473
52	351991	5.5	1	342745 9246
53	419986	5.5	1	408060 11926
54	318219	5.5	1	310885 7334
55	383898	5.5	1	375139 8759
56	356363	5.5	1	347150 9213
57	287748	5.5	1	280800 6948
58	255719	5.5	1	248079 7640
59	224861	5.5	1	217903 6958
60	210512	5.5	1	202688 7824
61	223358	5.5	1	218129 5229
62	293672	5.5	1	286236 7436
63	329561	5.5	1	321683 7878
64	403961	5.5	1	395186 8775
65	534410	5.5	1	524681 9729
66	338455	5.5	1	332527 5928
67	201735	5.5	1	196865 4870
68	127719	5.5	1	119817 7902
69	183940	5.5	1	180515 3425
70	162015	5.5	1	158425 3590
71	175944	5.5	1	169966 5978
72	211677	5.5	1	205815 5862
73	263957	5.5	1	249839 14118
74	321607	5.5	1	313273 8334
75	347810	5.5	1	341500 6310
76	342588	5.5	1	336867 5721
77	271823	5.5	1	266038 5785
78	208653	5.5	1	204767 3886
79	174208	5.5	1	170011 4197
80	131670	5.5	1	129079 2591
81	132587	5.5	1	129067 3520
82	143589	5.5	1	134828 8761
83	175063	5.5	1	167239 7824
84	209500	5.5	1	205296 4204
85	248087	5.5	1	243562 4525
86	263997	5.5	1	259599 4398
87	232010	5.5	1	227604 4406
88	167895	5.5	1	162260 5635
89	117332	5.5	1	113703 3629
90	84402	5.5	1	81688 2714
91	69602	5.5	1	65844 3758
92	65786	5.5	1	63288 2498
93	84383	5.5	1	80007 4376
94	100121	5.5	1	95874 4247
95	124486	5.5	1	121731 2755
96	140377	5.5	1	136755 3622
97	123060	5.5	1	119347 3713
98	91892	5.5	1	88808 3084
99	59026	5.5	1	55259 3767
100	40251	5.5	1	37143 3108
101	25815	5.5	1	23854 1961
102	21951	5.5	1	19042 2909
103	21442	5.5	1	19691 1751
104	24032	5.5	1	21066 2966
105	28237	5.5	1	25926 2311
106	24806	5.5	1	23477 1329
107	24372	5.5	1	21569 2803
108	16134	5.5	1	15050 1084
109	15843	5.5	1	9756 6087
110	6479	5.5	1	5554 925
111	6124	5.5	1	4038 2086
112	6747	5.5	1	2790 3957
113	3814	5.5	1	2135 1679
114	9893	5.5	1	1167 8726
115	2440	5.5	1	1481 959
116	2195	5.5	1	1102 1093
117	2303	5.5	1	1094 1209
118	6523	5.5	1	510 6013
119	2601	5.5	1	427 2174
120	887	5.5	1	284 603
121	1932	5.5	1	314 1618
122	1242	5.5	1	236 1006
123	13940	5.5	1	269 13671
124	1850	5.5	1	154 1696
125	1241	5.5	1	142 1099
126	1360	5.5	1	173 1187
127	1400	5.5	1	89 1311
128	1965	5.5	1	158 1807
129	1683	5.5	1	87 1596
130	14811	5.5	1	92 14719
131	5661	5.5	1	171 5490
132	3462	5.5	1	81 3381
133	5986	5.5	1	92 5894
134	993	5.5	1	50 943
135	716	5.5	1	190 526
136	1677	5.5	1	64 1613
137	969	5.5	1	138 831
138	3473	5.5	1	165 3308
139	1276	5.5	1	88 1188
140	6482	5.5	1	100 6382
141	2810	5.5	1	232 2578
142	5855	5.5	1	110 5745
143	1299	5.5	1	58 1241
144	3100	5.5	1	92 3008
145	788	5.5	1	69 719
146	1236	5.5	1	860 376
147	2642	5.5	1	217 2425
148	1575	5.5	1	23 1552
149	355	5.5	1	210 145
150	13652	5.5	1	12967 685

RUN STATISTICS FOR INPUT FILE: DATA/ENDOGENOUS/IgM_R2_001.fastq.gz
=============================================
91890662 sequences processed in total
The length threshold of paired-end sequences gets evaluated later on (in the validation step)

Validate paired-end files IgM_R1_001_trimmed.fq.gz and IgM_R2_001_trimmed.fq.gz
file_1: IgM_R1_001_trimmed.fq.gz, file_2: IgM_R2_001_trimmed.fq.gz


>>>>> Now validing the length of the 2 paired-end infiles: IgM_R1_001_trimmed.fq.gz and IgM_R2_001_trimmed.fq.gz <<<<<
Writing validated paired-end Read 1 reads to IgM_R1_001_val_1.fq.gz
Writing validated paired-end Read 2 reads to IgM_R2_001_val_2.fq.gz

Total number of sequences analysed: 91890662

Number of sequence pairs removed because at least one read was shorter than the length cutoff (20 bp): 148441 (0.16%)


  >>> Now running FastQC on the validated data IgM_R1_001_val_1.fq.gz<<<

application/gzip
Started analysis of IgM_R1_001_val_1.fq.gz
Approx 5% complete for IgM_R1_001_val_1.fq.gz
Approx 10% complete for IgM_R1_001_val_1.fq.gz
Approx 15% complete for IgM_R1_001_val_1.fq.gz
Approx 20% complete for IgM_R1_001_val_1.fq.gz
Approx 25% complete for IgM_R1_001_val_1.fq.gz
Approx 30% complete for IgM_R1_001_val_1.fq.gz
Approx 35% complete for IgM_R1_001_val_1.fq.gz
Approx 40% complete for IgM_R1_001_val_1.fq.gz
Approx 45% complete for IgM_R1_001_val_1.fq.gz
Approx 50% complete for IgM_R1_001_val_1.fq.gz
Approx 55% complete for IgM_R1_001_val_1.fq.gz
Approx 60% complete for IgM_R1_001_val_1.fq.gz
Approx 65% complete for IgM_R1_001_val_1.fq.gz
Approx 70% complete for IgM_R1_001_val_1.fq.gz
Approx 75% complete for IgM_R1_001_val_1.fq.gz
Approx 80% complete for IgM_R1_001_val_1.fq.gz
Approx 85% complete for IgM_R1_001_val_1.fq.gz
Approx 90% complete for IgM_R1_001_val_1.fq.gz
Approx 95% complete for IgM_R1_001_val_1.fq.gz
Analysis complete for IgM_R1_001_val_1.fq.gz

  >>> Now running FastQC on the validated data IgM_R2_001_val_2.fq.gz<<<

application/gzip
Started analysis of IgM_R2_001_val_2.fq.gz
Approx 5% complete for IgM_R2_001_val_2.fq.gz
Approx 10% complete for IgM_R2_001_val_2.fq.gz
Approx 15% complete for IgM_R2_001_val_2.fq.gz
Approx 20% complete for IgM_R2_001_val_2.fq.gz
Approx 25% complete for IgM_R2_001_val_2.fq.gz
Approx 30% complete for IgM_R2_001_val_2.fq.gz
Approx 35% complete for IgM_R2_001_val_2.fq.gz
Approx 40% complete for IgM_R2_001_val_2.fq.gz
Approx 45% complete for IgM_R2_001_val_2.fq.gz
Approx 50% complete for IgM_R2_001_val_2.fq.gz
Approx 55% complete for IgM_R2_001_val_2.fq.gz
Approx 60% complete for IgM_R2_001_val_2.fq.gz
Approx 65% complete for IgM_R2_001_val_2.fq.gz
Approx 70% complete for IgM_R2_001_val_2.fq.gz
Approx 75% complete for IgM_R2_001_val_2.fq.gz
Approx 80% complete for IgM_R2_001_val_2.fq.gz
Approx 85% complete for IgM_R2_001_val_2.fq.gz
Approx 90% complete for IgM_R2_001_val_2.fq.gz
Approx 95% complete for IgM_R2_001_val_2.fq.gz
Analysis complete for IgM_R2_001_val_2.fq.gz
Deleting both intermediate output files IgM_R1_001_trimmed.fq.gz and IgM_R2_001_trimmed.fq.gz

====================================================================================================

