Using an excessive number of cores has a diminishing return! It is recommended not to exceed 8 cores per trimming process (you asked for 16 cores). Please consider re-specifying
Path to Cutadapt set as: 'cutadapt' (default)
Cutadapt seems to be working fine (tested command 'cutadapt --version')
Cutadapt version: 4.9
Could not detect version of Python used by Cutadapt from the first line of Cutadapt (but found this: >>>#!/bin/sh<<<)
Letting the (modified) Cutadapt deal with the Python version instead
pigz 2.8
Parallel gzip (pigz) detected. Proceeding with multicore (de)compression using 16 cores

igzip command line interface 2.31.0
igzip detected. Using igzip for decompressing

No quality encoding type selected. Assuming that the data provided uses Sanger encoded Phred scores (default)

Output will be written into the directory: /beegfs/scratch/ric.broccoli/kubacki.michal/MIRKO_DATA/Custom_pipeline/results/trimmed/


AUTO-DETECTING ADAPTER TYPE
===========================
Attempting to auto-detect adapter type from the first 1 million sequences of the first file (>> DATA/ENDOGENOUS/NSCM3_R1_001.fastq.gz <<)

Found perfect matches for the following adapter sequences:
Adapter type	Count	Sequence	Sequences analysed	Percentage
Nextera	356085	CTGTCTCTTATA	1000000	35.61
Illumina	2	AGATCGGAAGAGC	1000000	0.00
smallRNA	0	TGGAATTCTCGG	1000000	0.00
Using Nextera adapter for trimming (count: 356085). Second best hit was Illumina (count: 2)

Writing report to '/beegfs/scratch/ric.broccoli/kubacki.michal/MIRKO_DATA/Custom_pipeline/results/trimmed/NSCM3_R1_001.fastq.gz_trimming_report.txt'

SUMMARISING RUN PARAMETERS
==========================
Input filename: DATA/ENDOGENOUS/NSCM3_R1_001.fastq.gz
Trimming mode: paired-end
Trim Galore version: 0.6.10
Cutadapt version: 4.9
Python version: could not detect
Number of cores used for trimming: 16
Quality Phred score cutoff: 20
Quality encoding type selected: ASCII+33
Adapter sequence: 'CTGTCTCTTATA' (Nextera Transposase sequence; auto-detected)
Maximum trimming error rate: 0.1 (default)
Minimum required adapter overlap (stringency): 1 bp
Minimum required sequence length for both reads before a sequence pair gets removed: 20 bp
Running FastQC on the data once trimming has completed
Output file(s) will be GZIP compressed

Cutadapt seems to be fairly up-to-date (version 4.9). Setting -j 16
Writing final adapter and quality trimmed output to NSCM3_R1_001_trimmed.fq.gz


  >>> Now performing quality (cutoff '-q 20') and adapter trimming in a single pass for the adapter sequence: 'CTGTCTCTTATA' from file DATA/ENDOGENOUS/NSCM3_R1_001.fastq.gz <<< 
10000000 sequences processed
20000000 sequences processed
30000000 sequences processed
40000000 sequences processed
50000000 sequences processed
60000000 sequences processed
70000000 sequences processed
This is cutadapt 4.9 with Python 3.11.8
Command line parameters: -j 16 -e 0.1 -q 20 -O 1 -a CTGTCTCTTATA DATA/ENDOGENOUS/NSCM3_R1_001.fastq.gz
Processing single-end reads on 16 cores ...
Finished in 268.208 s (3.448 µs/read; 17.40 M reads/minute).

=== Summary ===

Total reads processed:              77,786,468
Reads with adapters:                42,976,024 (55.2%)
Reads written (passing filters):    77,786,468 (100.0%)

Total basepairs processed: 11,667,970,200 bp
Quality-trimmed:              72,722,349 bp (0.6%)
Total written (filtered):  10,235,162,955 bp (87.7%)

=== Adapter 1 ===

Sequence: CTGTCTCTTATA; Type: regular 3'; Length: 12; Trimmed: 42976024 times

Minimum overlap: 1
No. of allowed errors:
1-9 bp: 0; 10-12 bp: 1

Bases preceding removed adapters:
  A: 16.0%
  C: 37.1%
  G: 23.7%
  T: 23.1%
  none/other: 0.0%

Overview of removed sequences
length	count	expect	max.err	error counts
1	10074783	19446617.0	0	10074783
2	3516190	4861654.2	0	3516190
3	1099858	1215413.6	0	1099858
4	532918	303853.4	0	532918
5	308519	75963.3	0	308519
6	256058	18990.8	0	256058
7	213574	4747.7	0	213574
8	205244	1186.9	0	205244
9	254520	296.7	0	253288 1232
10	241263	74.2	1	229531 11732
11	334261	18.5	1	314525 19736
12	342597	4.6	1	329609 12988
13	376780	4.6	1	355231 21549
14	331886	4.6	1	316731 15155
15	328137	4.6	1	310548 17589
16	272930	4.6	1	258809 14121
17	237955	4.6	1	225886 12069
18	218543	4.6	1	207670 10873
19	226969	4.6	1	216014 10955
20	250114	4.6	1	238967 11147
21	323425	4.6	1	306212 17213
22	362116	4.6	1	348510 13606
23	423033	4.6	1	405772 17261
24	425174	4.6	1	410457 14717
25	427400	4.6	1	398251 29149
26	304972	4.6	1	293158 11814
27	267390	4.6	1	254199 13191
28	210364	4.6	1	202196 8168
29	219001	4.6	1	208944 10057
30	243339	4.6	1	235697 7642
31	326819	4.6	1	315042 11777
32	385060	4.6	1	372720 12340
33	445040	4.6	1	429661 15379
34	463923	4.6	1	451078 12845
35	442914	4.6	1	429141 13773
36	358951	4.6	1	348630 10321
37	280730	4.6	1	268944 11786
38	229316	4.6	1	221504 7812
39	202134	4.6	1	193959 8175
40	218311	4.6	1	211326 6985
41	279499	4.6	1	268360 11139
42	392095	4.6	1	378277 13818
43	438458	4.6	1	421071 17387
44	736988	4.6	1	716918 20070
45	387996	4.6	1	378539 9457
46	318786	4.6	1	310856 7930
47	279511	4.6	1	272167 7344
48	353878	4.6	1	342624 11254
49	282672	4.6	1	273430 9242
50	450768	4.6	1	437871 12897
51	421469	4.6	1	411830 9639
52	1195991	4.6	1	1179701 16290
53	1172345	4.6	1	1153436 18909
54	400858	4.6	1	391773 9085
55	810564	4.6	1	800174 10390
56	819709	4.6	1	809235 10474
57	389978	4.6	1	383024 6954
58	188452	4.6	1	182550 5902
59	150808	4.6	1	147277 3531
60	75023	4.6	1	69424 5599
61	80542	4.6	1	78048 2494
62	47046	4.6	1	44865 2181
63	49416	4.6	1	46652 2764
64	91974	4.6	1	88682 3292
65	217319	4.6	1	211818 5501
66	91983	4.6	1	88331 3652
67	75179	4.6	1	71794 3385
68	94584	4.6	1	81728 12856
69	65058	4.6	1	62864 2194
70	49069	4.6	1	46865 2204
71	56780	4.6	1	50258 6522
72	84805	4.6	1	79718 5087
73	177672	4.6	1	158309 19363
74	296679	4.6	1	290495 6184
75	418141	4.6	1	411928 6213
76	453484	4.6	1	447130 6354
77	374573	4.6	1	368397 6176
78	272344	4.6	1	268353 3991
79	173714	4.6	1	170039 3675
80	115290	4.6	1	113050 2240
81	101591	4.6	1	99311 2280
82	122901	4.6	1	113209 9692
83	181671	4.6	1	173283 8388
84	272875	4.6	1	267481 5394
85	367014	4.6	1	361715 5299
86	420050	4.6	1	414170 5880
87	359766	4.6	1	353774 5992
88	261437	4.6	1	254782 6655
89	152722	4.6	1	149600 3122
90	90994	4.6	1	88536 2458
91	59822	4.6	1	56483 3339
92	57367	4.6	1	55385 1982
93	83627	4.6	1	78796 4831
94	124169	4.6	1	120241 3928
95	181583	4.6	1	178247 3336
96	222887	4.6	1	218046 4841
97	204430	4.6	1	200768 3662
98	155072	4.6	1	151205 3867
99	99133	4.6	1	95463 3670
100	52789	4.6	1	50545 2244
101	25963	4.6	1	24055 1908
102	17908	4.6	1	15453 2455
103	20523	4.6	1	19228 1295
104	28710	4.6	1	26120 2590
105	35064	4.6	1	33274 1790
106	35440	4.6	1	34030 1410
107	28333	4.6	1	26608 1725
108	21132	4.6	1	19383 1749
109	23215	4.6	1	13276 9939
110	8719	4.6	1	7819 900
111	5093	4.6	1	3873 1220
112	5391	4.6	1	1595 3796
113	3746	4.6	1	1347 2399
114	14776	4.6	1	1594 13182
115	1583	4.6	1	1153 430
116	1241	4.6	1	796 445
117	1489	4.6	1	518 971
118	7841	4.6	1	320 7521
119	3656	4.6	1	181 3475
120	652	4.6	1	136 516
121	2393	4.6	1	91 2302
122	1137	4.6	1	87 1050
123	20288	4.6	1	69 20219
124	1420	4.6	1	65 1355
125	765	4.6	1	91 674
126	1079	4.6	1	90 989
127	543	4.6	1	84 459
128	1510	4.6	1	32 1478
129	964	4.6	1	64 900
130	19437	4.6	1	76 19361
131	5154	4.6	1	39 5115
132	4014	4.6	1	46 3968
133	5975	4.6	1	31 5944
134	623	4.6	1	25 598
135	430	4.6	1	21 409
136	1032	4.6	1	33 999
137	751	4.6	1	51 700
138	2671	4.6	1	56 2615
139	677	4.6	1	48 629
140	5860	4.6	1	43 5817
141	2819	4.6	1	68 2751
142	5449	4.6	1	46 5403
143	1335	4.6	1	19 1316
144	3221	4.6	1	32 3189
145	488	4.6	1	21 467
146	644	4.6	1	174 470
147	1795	4.6	1	75 1720
148	764	4.6	1	17 747
149	921	4.6	1	129 792
150	5479	4.6	1	4758 721

RUN STATISTICS FOR INPUT FILE: DATA/ENDOGENOUS/NSCM3_R1_001.fastq.gz
=============================================
77786468 sequences processed in total
The length threshold of paired-end sequences gets evaluated later on (in the validation step)

Writing report to '/beegfs/scratch/ric.broccoli/kubacki.michal/MIRKO_DATA/Custom_pipeline/results/trimmed/NSCM3_R2_001.fastq.gz_trimming_report.txt'

SUMMARISING RUN PARAMETERS
==========================
Input filename: DATA/ENDOGENOUS/NSCM3_R2_001.fastq.gz
Trimming mode: paired-end
Trim Galore version: 0.6.10
Cutadapt version: 4.9
Python version: could not detect
Number of cores used for trimming: 16
Quality Phred score cutoff: 20
Quality encoding type selected: ASCII+33
Adapter sequence: 'CTGTCTCTTATA' (Nextera Transposase sequence; auto-detected)
Maximum trimming error rate: 0.1 (default)
Minimum required adapter overlap (stringency): 1 bp
Minimum required sequence length for both reads before a sequence pair gets removed: 20 bp
Running FastQC on the data once trimming has completed
Output file(s) will be GZIP compressed

Cutadapt seems to be fairly up-to-date (version 4.9). Setting -j -j 16
Writing final adapter and quality trimmed output to NSCM3_R2_001_trimmed.fq.gz


  >>> Now performing quality (cutoff '-q 20') and adapter trimming in a single pass for the adapter sequence: 'CTGTCTCTTATA' from file DATA/ENDOGENOUS/NSCM3_R2_001.fastq.gz <<< 
10000000 sequences processed
20000000 sequences processed
30000000 sequences processed
40000000 sequences processed
50000000 sequences processed
60000000 sequences processed
70000000 sequences processed
This is cutadapt 4.9 with Python 3.11.8
Command line parameters: -j 16 -e 0.1 -q 20 -O 1 -a CTGTCTCTTATA DATA/ENDOGENOUS/NSCM3_R2_001.fastq.gz
Processing single-end reads on 16 cores ...
Finished in 269.729 s (3.468 µs/read; 17.30 M reads/minute).

=== Summary ===

Total reads processed:              77,786,468
Reads with adapters:                42,962,383 (55.2%)
Reads written (passing filters):    77,786,468 (100.0%)

Total basepairs processed: 11,667,970,200 bp
Quality-trimmed:              40,601,152 bp (0.3%)
Total written (filtered):  10,229,299,796 bp (87.7%)

=== Adapter 1 ===

Sequence: CTGTCTCTTATA; Type: regular 3'; Length: 12; Trimmed: 42962383 times

Minimum overlap: 1
No. of allowed errors:
1-9 bp: 0; 10-12 bp: 1

Bases preceding removed adapters:
  A: 16.0%
  C: 37.3%
  G: 23.7%
  T: 22.9%
  none/other: 0.0%

Overview of removed sequences
length	count	expect	max.err	error counts
1	10234042	19446617.0	0	10234042
2	3541165	4861654.2	0	3541165
3	1081886	1215413.6	0	1081886
4	524161	303853.4	0	524161
5	310042	75963.3	0	310042
6	252935	18990.8	0	252935
7	214485	4747.7	0	214485
8	203909	1186.9	0	203909
9	251333	296.7	0	250235 1098
10	240978	74.2	1	229985 10993
11	332544	18.5	1	314102 18442
12	342109	4.6	1	330129 11980
13	373319	4.6	1	354003 19316
14	330809	4.6	1	316588 14221
15	325554	4.6	1	309398 16156
16	275428	4.6	1	261669 13759
17	235544	4.6	1	224139 11405
18	219659	4.6	1	208584 11075
19	227567	4.6	1	215635 11932
20	253788	4.6	1	243699 10089
21	300288	4.6	1	288049 12239
22	369699	4.6	1	354236 15463
23	420022	4.6	1	405402 14620
24	422822	4.6	1	407668 15154
25	431627	4.6	1	402837 28790
26	306611	4.6	1	295511 11100
27	256023	4.6	1	245446 10577
28	213788	4.6	1	203986 9802
29	210238	4.6	1	202040 8198
30	270506	4.6	1	260783 9723
31	298248	4.6	1	288701 9547
32	374878	4.6	1	363865 11013
33	438456	4.6	1	423615 14841
34	468881	4.6	1	455707 13174
35	428734	4.6	1	416935 11799
36	355695	4.6	1	345855 9840
37	281611	4.6	1	270022 11589
38	230179	4.6	1	221968 8211
39	197241	4.6	1	190167 7074
40	208309	4.6	1	202035 6274
41	275909	4.6	1	265620 10289
42	325786	4.6	1	316775 9011
43	422252	4.6	1	409513 12739
44	449870	4.6	1	437166 12704
45	478048	4.6	1	466491 11557
46	409581	4.6	1	398934 10647
47	317539	4.6	1	309212 8327
48	236082	4.6	1	228743 7339
49	196367	4.6	1	189270 7097
50	222511	4.6	1	212717 9794
51	195566	4.6	1	190342 5224
52	341305	4.6	1	331783 9522
53	455620	4.6	1	441690 13930
54	377526	4.6	1	368018 9508
55	486811	4.6	1	475616 11195
56	441390	4.6	1	430595 10795
57	355983	4.6	1	347759 8224
58	251334	4.6	1	243740 7594
59	185150	4.6	1	180191 4959
60	165424	4.6	1	156786 8638
61	179971	4.6	1	174926 5045
62	253676	4.6	1	246530 7146
63	341456	4.6	1	333822 7634
64	482819	4.6	1	472786 10033
65	691861	4.6	1	679405 12456
66	450131	4.6	1	442268 7863
67	259911	4.6	1	254363 5548
68	156915	4.6	1	142672 14243
69	176585	4.6	1	173510 3075
70	135058	4.6	1	132229 2829
71	132339	4.6	1	125112 7227
72	177058	4.6	1	171270 5788
73	273808	4.6	1	251537 22271
74	381249	4.6	1	373261 7988
75	485918	4.6	1	477321 8597
76	502885	4.6	1	494513 8372
77	407973	4.6	1	400067 7906
78	292916	4.6	1	287645 5271
79	184074	4.6	1	179600 4474
80	116880	4.6	1	114288 2592
81	97629	4.6	1	94976 2653
82	112920	4.6	1	103809 9111
83	173793	4.6	1	163476 10317
84	268714	4.6	1	263010 5704
85	375140	4.6	1	368958 6182
86	442125	4.6	1	434954 7171
87	381588	4.6	1	374190 7398
88	279344	4.6	1	272192 7152
89	162473	4.6	1	158775 3698
90	94341	4.6	1	91829 2512
91	59255	4.6	1	56021 3234
92	54786	4.6	1	52620 2166
93	79545	4.6	1	75272 4273
94	122045	4.6	1	117906 4139
95	182357	4.6	1	178806 3551
96	229212	4.6	1	223272 5940
97	211542	4.6	1	207694 3848
98	160674	4.6	1	156556 4118
99	102631	4.6	1	98830 3801
100	54330	4.6	1	52070 2260
101	25958	4.6	1	24280 1678
102	17278	4.6	1	15065 2213
103	19867	4.6	1	18842 1025
104	28785	4.6	1	25903 2882
105	35093	4.6	1	33244 1849
106	35784	4.6	1	34371 1413
107	28819	4.6	1	27022 1797
108	21415	4.6	1	19496 1919
109	24037	4.6	1	13476 10561
110	8465	4.6	1	7944 521
111	5570	4.6	1	3972 1598
112	5750	4.6	1	1588 4162
113	4126	4.6	1	1355 2771
114	14707	4.6	1	1602 13105
115	1600	4.6	1	1122 478
116	1445	4.6	1	779 666
117	1733	4.6	1	528 1205
118	8058	4.6	1	314 7744
119	3658	4.6	1	180 3478
120	479	4.6	1	155 324
121	1984	4.6	1	102 1882
122	877	4.6	1	91 786
123	19082	4.6	1	112 18970
124	1404	4.6	1	77 1327
125	763	4.6	1	63 700
126	818	4.6	1	67 751
127	593	4.6	1	56 537
128	1765	4.6	1	40 1725
129	1085	4.6	1	77 1008
130	18109	4.6	1	76 18033
131	5491	4.6	1	36 5455
132	3633	4.6	1	41 3592
133	6551	4.6	1	32 6519
134	355	4.6	1	27 328
135	307	4.6	1	21 286
136	1127	4.6	1	35 1092
137	643	4.6	1	43 600
138	2726	4.6	1	63 2663
139	473	4.6	1	27 446
140	6317	4.6	1	73 6244
141	2516	4.6	1	69 2447
142	4963	4.6	1	27 4936
143	1210	4.6	1	14 1196
144	3502	4.6	1	28 3474
145	517	4.6	1	12 505
146	508	4.6	1	163 345
147	1670	4.6	1	77 1593
148	1149	4.6	1	10 1139
149	590	4.6	1	68 522
150	5934	4.6	1	4777 1157

RUN STATISTICS FOR INPUT FILE: DATA/ENDOGENOUS/NSCM3_R2_001.fastq.gz
=============================================
77786468 sequences processed in total
The length threshold of paired-end sequences gets evaluated later on (in the validation step)

Validate paired-end files NSCM3_R1_001_trimmed.fq.gz and NSCM3_R2_001_trimmed.fq.gz
file_1: NSCM3_R1_001_trimmed.fq.gz, file_2: NSCM3_R2_001_trimmed.fq.gz


>>>>> Now validing the length of the 2 paired-end infiles: NSCM3_R1_001_trimmed.fq.gz and NSCM3_R2_001_trimmed.fq.gz <<<<<
Writing validated paired-end Read 1 reads to NSCM3_R1_001_val_1.fq.gz
Writing validated paired-end Read 2 reads to NSCM3_R2_001_val_2.fq.gz

Total number of sequences analysed: 77786468

Number of sequence pairs removed because at least one read was shorter than the length cutoff (20 bp): 126694 (0.16%)


  >>> Now running FastQC on the validated data NSCM3_R1_001_val_1.fq.gz<<<

application/gzip
Started analysis of NSCM3_R1_001_val_1.fq.gz
Approx 5% complete for NSCM3_R1_001_val_1.fq.gz
Approx 10% complete for NSCM3_R1_001_val_1.fq.gz
Approx 15% complete for NSCM3_R1_001_val_1.fq.gz
Approx 20% complete for NSCM3_R1_001_val_1.fq.gz
Approx 25% complete for NSCM3_R1_001_val_1.fq.gz
Approx 30% complete for NSCM3_R1_001_val_1.fq.gz
Approx 35% complete for NSCM3_R1_001_val_1.fq.gz
Approx 40% complete for NSCM3_R1_001_val_1.fq.gz
Approx 45% complete for NSCM3_R1_001_val_1.fq.gz
Approx 50% complete for NSCM3_R1_001_val_1.fq.gz
Approx 55% complete for NSCM3_R1_001_val_1.fq.gz
Approx 60% complete for NSCM3_R1_001_val_1.fq.gz
Approx 65% complete for NSCM3_R1_001_val_1.fq.gz
Approx 70% complete for NSCM3_R1_001_val_1.fq.gz
Approx 75% complete for NSCM3_R1_001_val_1.fq.gz
Approx 80% complete for NSCM3_R1_001_val_1.fq.gz
Approx 85% complete for NSCM3_R1_001_val_1.fq.gz
Approx 90% complete for NSCM3_R1_001_val_1.fq.gz
Approx 95% complete for NSCM3_R1_001_val_1.fq.gz
Analysis complete for NSCM3_R1_001_val_1.fq.gz

  >>> Now running FastQC on the validated data NSCM3_R2_001_val_2.fq.gz<<<

application/gzip
Started analysis of NSCM3_R2_001_val_2.fq.gz
Approx 5% complete for NSCM3_R2_001_val_2.fq.gz
Approx 10% complete for NSCM3_R2_001_val_2.fq.gz
Approx 15% complete for NSCM3_R2_001_val_2.fq.gz
Approx 20% complete for NSCM3_R2_001_val_2.fq.gz
Approx 25% complete for NSCM3_R2_001_val_2.fq.gz
Approx 30% complete for NSCM3_R2_001_val_2.fq.gz
Approx 35% complete for NSCM3_R2_001_val_2.fq.gz
Approx 40% complete for NSCM3_R2_001_val_2.fq.gz
Approx 45% complete for NSCM3_R2_001_val_2.fq.gz
Approx 50% complete for NSCM3_R2_001_val_2.fq.gz
Approx 55% complete for NSCM3_R2_001_val_2.fq.gz
Approx 60% complete for NSCM3_R2_001_val_2.fq.gz
Approx 65% complete for NSCM3_R2_001_val_2.fq.gz
Approx 70% complete for NSCM3_R2_001_val_2.fq.gz
Approx 75% complete for NSCM3_R2_001_val_2.fq.gz
Approx 80% complete for NSCM3_R2_001_val_2.fq.gz
Approx 85% complete for NSCM3_R2_001_val_2.fq.gz
Approx 90% complete for NSCM3_R2_001_val_2.fq.gz
Approx 95% complete for NSCM3_R2_001_val_2.fq.gz
Analysis complete for NSCM3_R2_001_val_2.fq.gz
Deleting both intermediate output files NSCM3_R1_001_trimmed.fq.gz and NSCM3_R2_001_trimmed.fq.gz

====================================================================================================

