Using an excessive number of cores has a diminishing return! It is recommended not to exceed 8 cores per trimming process (you asked for 16 cores). Please consider re-specifying
Path to Cutadapt set as: 'cutadapt' (default)
Cutadapt seems to be working fine (tested command 'cutadapt --version')
Cutadapt version: 4.9
Could not detect version of Python used by Cutadapt from the first line of Cutadapt (but found this: >>>#!/bin/sh<<<)
Letting the (modified) Cutadapt deal with the Python version instead
pigz 2.8
Parallel gzip (pigz) detected. Proceeding with multicore (de)compression using 16 cores

igzip command line interface 2.31.0
igzip detected. Using igzip for decompressing

No quality encoding type selected. Assuming that the data provided uses Sanger encoded Phred scores (default)

Output will be written into the directory: /beegfs/scratch/ric.broccoli/kubacki.michal/MIRKO_DATA/Custom_pipeline/results/trimmed/


AUTO-DETECTING ADAPTER TYPE
===========================
Attempting to auto-detect adapter type from the first 1 million sequences of the first file (>> DATA/EXOGENOUS/NSCv2_R1_001.fastq.gz <<)

Found perfect matches for the following adapter sequences:
Adapter type	Count	Sequence	Sequences analysed	Percentage
Nextera	288357	CTGTCTCTTATA	1000000	28.84
Illumina	2	AGATCGGAAGAGC	1000000	0.00
smallRNA	0	TGGAATTCTCGG	1000000	0.00
Using Nextera adapter for trimming (count: 288357). Second best hit was Illumina (count: 2)

Writing report to '/beegfs/scratch/ric.broccoli/kubacki.michal/MIRKO_DATA/Custom_pipeline/results/trimmed/NSCv2_R1_001.fastq.gz_trimming_report.txt'

SUMMARISING RUN PARAMETERS
==========================
Input filename: DATA/EXOGENOUS/NSCv2_R1_001.fastq.gz
Trimming mode: paired-end
Trim Galore version: 0.6.10
Cutadapt version: 4.9
Python version: could not detect
Number of cores used for trimming: 16
Quality Phred score cutoff: 20
Quality encoding type selected: ASCII+33
Adapter sequence: 'CTGTCTCTTATA' (Nextera Transposase sequence; auto-detected)
Maximum trimming error rate: 0.1 (default)
Minimum required adapter overlap (stringency): 1 bp
Minimum required sequence length for both reads before a sequence pair gets removed: 20 bp
Running FastQC on the data once trimming has completed
Output file(s) will be GZIP compressed

Cutadapt seems to be fairly up-to-date (version 4.9). Setting -j 16
Writing final adapter and quality trimmed output to NSCv2_R1_001_trimmed.fq.gz


  >>> Now performing quality (cutoff '-q 20') and adapter trimming in a single pass for the adapter sequence: 'CTGTCTCTTATA' from file DATA/EXOGENOUS/NSCv2_R1_001.fastq.gz <<< 
10000000 sequences processed
20000000 sequences processed
30000000 sequences processed
40000000 sequences processed
50000000 sequences processed
60000000 sequences processed
70000000 sequences processed
80000000 sequences processed
90000000 sequences processed
This is cutadapt 4.9 with Python 3.11.8
Command line parameters: -j 16 -e 0.1 -q 20 -O 1 -a CTGTCTCTTATA DATA/EXOGENOUS/NSCv2_R1_001.fastq.gz
Processing single-end reads on 16 cores ...
Finished in 335.147 s (3.723 µs/read; 16.11 M reads/minute).

=== Summary ===

Total reads processed:              90,013,960
Reads with adapters:                47,164,101 (52.4%)
Reads written (passing filters):    90,013,960 (100.0%)

Total basepairs processed: 13,502,094,000 bp
Quality-trimmed:              74,999,555 bp (0.6%)
Total written (filtered):  11,812,367,999 bp (87.5%)

=== Adapter 1 ===

Sequence: CTGTCTCTTATA; Type: regular 3'; Length: 12; Trimmed: 47164101 times

Minimum overlap: 1
No. of allowed errors:
1-9 bp: 0; 10-12 bp: 1

Bases preceding removed adapters:
  A: 18.1%
  C: 34.8%
  G: 23.1%
  T: 23.9%
  none/other: 0.0%

Overview of removed sequences
length	count	expect	max.err	error counts
1	11643906	22503490.0	0	11643906
2	4702464	5625872.5	0	4702464
3	1027768	1406468.1	0	1027768
4	522645	351617.0	0	522645
5	288079	87904.3	0	288079
6	229642	21976.1	0	229642
7	224024	5494.0	0	224024
8	243599	1373.5	0	243599
9	238405	343.4	0	236531 1874
10	248753	85.8	1	227454 21299
11	264567	21.5	1	243599 20968
12	334771	5.4	1	304563 30208
13	272574	5.4	1	253907 18667
14	311264	5.4	1	283019 28245
15	268254	5.4	1	249502 18752
16	378166	5.4	1	341915 36251
17	161481	5.4	1	148644 12837
18	220044	5.4	1	203788 16256
19	213201	5.4	1	197750 15451
20	320782	5.4	1	298367 22415
21	284952	5.4	1	264497 20455
22	186090	5.4	1	175257 10833
23	453504	5.4	1	418812 34692
24	296822	5.4	1	280333 16489
25	289834	5.4	1	262847 26987
26	265015	5.4	1	247167 17848
27	226644	5.4	1	209940 16704
28	207011	5.4	1	190624 16387
29	314608	5.4	1	288665 25943
30	116911	5.4	1	108354 8557
31	338248	5.4	1	310593 27655
32	226064	5.4	1	211699 14365
33	370055	5.4	1	336703 33352
34	414022	5.4	1	378185 35837
35	405136	5.4	1	364790 40346
36	235408	5.4	1	216492 18916
37	240452	5.4	1	214167 26285
38	174460	5.4	1	155350 19110
39	200754	5.4	1	176835 23919
40	262396	5.4	1	230398 31998
41	256435	5.4	1	221631 34804
42	188288	5.4	1	166329 21959
43	364711	5.4	1	295922 68789
44	379604	5.4	1	319907 59697
45	468616	5.4	1	403411 65205
46	331599	5.4	1	281900 49699
47	305824	5.4	1	264755 41069
48	218991	5.4	1	191880 27111
49	281260	5.4	1	248356 32904
50	175267	5.4	1	153182 22085
51	576923	5.4	1	524669 52254
52	227923	5.4	1	202618 25305
53	276376	5.4	1	251454 24922
54	512290	5.4	1	477171 35119
55	275231	5.4	1	257339 17892
56	453947	5.4	1	430027 23920
57	314315	5.4	1	296695 17620
58	372059	5.4	1	351683 20376
59	426826	5.4	1	405954 20872
60	157456	5.4	1	144686 12770
61	463631	5.4	1	439135 24496
62	305792	5.4	1	288365 17427
63	276916	5.4	1	260277 16639
64	559564	5.4	1	533481 26083
65	1140018	5.4	1	1092724 47294
66	848373	5.4	1	813321 35052
67	344226	5.4	1	325540 18686
68	355678	5.4	1	333468 22210
69	248963	5.4	1	235043 13920
70	246611	5.4	1	231898 14713
71	73664	5.4	1	64658 9006
72	59911	5.4	1	52495 7416
73	88441	5.4	1	71620 16821
74	130139	5.4	1	118234 11905
75	214560	5.4	1	199653 14907
76	286681	5.4	1	269740 16941
77	291462	5.4	1	276634 14828
78	261112	5.4	1	248031 13081
79	213226	5.4	1	202543 10683
80	171138	5.4	1	161076 10062
81	167593	5.4	1	157657 9936
82	179247	5.4	1	165248 13999
83	262987	5.4	1	247561 15426
84	373709	5.4	1	354604 19105
85	517859	5.4	1	493485 24374
86	607475	5.4	1	584168 23307
87	559296	5.4	1	535857 23439
88	411294	5.4	1	387767 23527
89	250732	5.4	1	238486 12246
90	161887	5.4	1	153185 8702
91	117780	5.4	1	110964 6816
92	113449	5.4	1	107102 6347
93	151434	5.4	1	142057 9377
94	219854	5.4	1	205900 13954
95	331031	5.4	1	310895 20136
96	410915	5.4	1	390874 20041
97	393259	5.4	1	376569 16690
98	297011	5.4	1	283713 13298
99	183993	5.4	1	175066 8927
100	99815	5.4	1	94520 5295
101	54648	5.4	1	50817 3831
102	38956	5.4	1	35271 3685
103	41225	5.4	1	38081 3144
104	50507	5.4	1	45962 4545
105	63133	5.4	1	58168 4965
106	62432	5.4	1	57312 5120
107	51286	5.4	1	46016 5270
108	39125	5.4	1	34334 4791
109	32553	5.4	1	24063 8490
110	13998	5.4	1	12292 1706
111	9163	5.4	1	7326 1837
112	6242	5.4	1	3326 2916
113	4798	5.4	1	2742 2056
114	11295	5.4	1	2474 8821
115	2717	5.4	1	1938 779
116	1706	5.4	1	970 736
117	2022	5.4	1	818 1204
118	4882	5.4	1	375 4507
119	2639	5.4	1	382 2257
120	812	5.4	1	159 653
121	1519	5.4	1	235 1284
122	3154	5.4	1	330 2824
123	9796	5.4	1	153 9643
124	1358	5.4	1	110 1248
125	685	5.4	1	65 620
126	764	5.4	1	44 720
127	536	5.4	1	52 484
128	1442	5.4	1	121 1321
129	2415	5.4	1	988 1427
130	14743	5.4	1	102 14641
131	4030	5.4	1	120 3910
132	3153	5.4	1	78 3075
133	4402	5.4	1	126 4276
134	682	5.4	1	76 606
135	540	5.4	1	87 453
136	973	5.4	1	69 904
137	1032	5.4	1	273 759
138	2579	5.4	1	227 2352
139	1250	5.4	1	51 1199
140	5356	5.4	1	50 5306
141	2132	5.4	1	215 1917
142	3640	5.4	1	52 3588
143	1241	5.4	1	60 1181
144	2360	5.4	1	35 2325
145	637	5.4	1	192 445
146	1074	5.4	1	580 494
147	1824	5.4	1	307 1517
148	895	5.4	1	59 836
149	1609	5.4	1	742 867
150	16699	5.4	1	15120 1579

RUN STATISTICS FOR INPUT FILE: DATA/EXOGENOUS/NSCv2_R1_001.fastq.gz
=============================================
90013960 sequences processed in total
The length threshold of paired-end sequences gets evaluated later on (in the validation step)

Writing report to '/beegfs/scratch/ric.broccoli/kubacki.michal/MIRKO_DATA/Custom_pipeline/results/trimmed/NSCv2_R2_001.fastq.gz_trimming_report.txt'

SUMMARISING RUN PARAMETERS
==========================
Input filename: DATA/EXOGENOUS/NSCv2_R2_001.fastq.gz
Trimming mode: paired-end
Trim Galore version: 0.6.10
Cutadapt version: 4.9
Python version: could not detect
Number of cores used for trimming: 16
Quality Phred score cutoff: 20
Quality encoding type selected: ASCII+33
Adapter sequence: 'CTGTCTCTTATA' (Nextera Transposase sequence; auto-detected)
Maximum trimming error rate: 0.1 (default)
Minimum required adapter overlap (stringency): 1 bp
Minimum required sequence length for both reads before a sequence pair gets removed: 20 bp
Running FastQC on the data once trimming has completed
Output file(s) will be GZIP compressed

Cutadapt seems to be fairly up-to-date (version 4.9). Setting -j -j 16
Writing final adapter and quality trimmed output to NSCv2_R2_001_trimmed.fq.gz


  >>> Now performing quality (cutoff '-q 20') and adapter trimming in a single pass for the adapter sequence: 'CTGTCTCTTATA' from file DATA/EXOGENOUS/NSCv2_R2_001.fastq.gz <<< 
10000000 sequences processed
20000000 sequences processed
30000000 sequences processed
40000000 sequences processed
50000000 sequences processed
60000000 sequences processed
70000000 sequences processed
80000000 sequences processed
90000000 sequences processed
This is cutadapt 4.9 with Python 3.11.8
Command line parameters: -j 16 -e 0.1 -q 20 -O 1 -a CTGTCTCTTATA DATA/EXOGENOUS/NSCv2_R2_001.fastq.gz
Processing single-end reads on 16 cores ...
Finished in 283.841 s (3.153 µs/read; 19.03 M reads/minute).

=== Summary ===

Total reads processed:              90,013,960
Reads with adapters:                47,529,990 (52.8%)
Reads written (passing filters):    90,013,960 (100.0%)

Total basepairs processed: 13,502,094,000 bp
Quality-trimmed:              40,993,084 bp (0.3%)
Total written (filtered):  11,789,083,573 bp (87.3%)

=== Adapter 1 ===

Sequence: CTGTCTCTTATA; Type: regular 3'; Length: 12; Trimmed: 47529990 times

Minimum overlap: 1
No. of allowed errors:
1-9 bp: 0; 10-12 bp: 1

Bases preceding removed adapters:
  A: 17.6%
  C: 35.0%
  G: 23.6%
  T: 23.8%
  none/other: 0.0%

Overview of removed sequences
length	count	expect	max.err	error counts
1	11212446	22503490.0	0	11212446
2	4571218	5625872.5	0	4571218
3	1271117	1406468.1	0	1271117
4	569569	351617.0	0	569569
5	304831	87904.3	0	304831
6	246417	21976.1	0	246417
7	227524	5494.0	0	227524
8	268354	1373.5	0	268354
9	244968	343.4	0	243202 1766
10	247544	85.8	1	226671 20873
11	282279	21.5	1	262661 19618
12	324891	5.4	1	303761 21130
13	289980	5.4	1	273561 16419
14	308363	5.4	1	289958 18405
15	277860	5.4	1	264583 13277
16	272705	5.4	1	254148 18557
17	241335	5.4	1	228896 12439
18	213758	5.4	1	204253 9505
19	250334	5.4	1	240276 10058
20	221636	5.4	1	214909 6727
21	282570	5.4	1	269613 12957
22	387102	5.4	1	372468 14634
23	292529	5.4	1	281116 11413
24	332679	5.4	1	319786 12893
25	375240	5.4	1	349737 25503
26	279329	5.4	1	267526 11803
27	212265	5.4	1	202893 9372
28	203726	5.4	1	196002 7724
29	198604	5.4	1	191055 7549
30	231419	5.4	1	221227 10192
31	299672	5.4	1	286313 13359
32	283912	5.4	1	273139 10773
33	355003	5.4	1	337799 17204
34	398197	5.4	1	378687 19510
35	326724	5.4	1	311243 15481
36	286820	5.4	1	268746 18074
37	257640	5.4	1	237319 20321
38	229715	5.4	1	211823 17892
39	166301	5.4	1	155524 10777
40	214018	5.4	1	200522 13496
41	251014	5.4	1	234689 16325
42	272194	5.4	1	260316 11878
43	335163	5.4	1	317246 17917
44	457639	5.4	1	438395 19244
45	313097	5.4	1	300815 12282
46	325227	5.4	1	314059 11168
47	285850	5.4	1	275703 10147
48	238634	5.4	1	230246 8388
49	203018	5.4	1	196975 6043
50	201945	5.4	1	194887 7058
51	291866	5.4	1	284824 7042
52	233923	5.4	1	227215 6708
53	361274	5.4	1	349652 11622
54	403017	5.4	1	393997 9020
55	513013	5.4	1	501522 11491
56	388624	5.4	1	382156 6468
57	284203	5.4	1	279047 5156
58	235986	5.4	1	230116 5870
59	228377	5.4	1	223594 4783
60	253723	5.4	1	245310 8413
61	206608	5.4	1	202335 4273
62	283902	5.4	1	277961 5941
63	445790	5.4	1	436723 9067
64	435603	5.4	1	426250 9353
65	847316	5.4	1	830169 17147
66	712066	5.4	1	697773 14293
67	900805	5.4	1	884610 16195
68	309334	5.4	1	294473 14861
69	88042	5.4	1	82937 5105
70	101748	5.4	1	97355 4393
71	122593	5.4	1	116179 6414
72	180104	5.4	1	173788 6316
73	275426	5.4	1	257328 18098
74	377044	5.4	1	367303 9741
75	467738	5.4	1	457581 10157
76	499228	5.4	1	490034 9194
77	420949	5.4	1	413492 7457
78	341770	5.4	1	336124 5646
79	248694	5.4	1	244443 4251
80	177157	5.4	1	173696 3461
81	183094	5.4	1	179826 3268
82	204191	5.4	1	195952 8239
83	268103	5.4	1	260450 7653
84	408474	5.4	1	401853 6621
85	562903	5.4	1	555588 7315
86	576497	5.4	1	568315 8182
87	574940	5.4	1	567345 7595
88	416043	5.4	1	410436 5607
89	248986	5.4	1	245126 3860
90	171726	5.4	1	168543 3183
91	147357	5.4	1	143293 4064
92	151533	5.4	1	148333 3200
93	160586	5.4	1	156037 4549
94	220433	5.4	1	215773 4660
95	318954	5.4	1	314139 4815
96	375420	5.4	1	368330 7090
97	396703	5.4	1	391466 5237
98	287242	5.4	1	282506 4736
99	185817	5.4	1	182437 3380
100	99910	5.4	1	97464 2446
101	54020	5.4	1	51749 2271
102	38647	5.4	1	36058 2589
103	41653	5.4	1	40236 1417
104	49871	5.4	1	47366 2505
105	64206	5.4	1	62471 1735
106	63553	5.4	1	61757 1796
107	50509	5.4	1	48640 1869
108	38303	5.4	1	36227 2076
109	33729	5.4	1	26204 7525
110	14545	5.4	1	13795 750
111	9062	5.4	1	8037 1025
112	6862	5.4	1	3524 3338
113	4743	5.4	1	3000 1743
114	12879	5.4	1	2573 10306
115	2602	5.4	1	2054 548
116	1678	5.4	1	1061 617
117	1807	5.4	1	906 901
118	5189	5.4	1	394 4795
119	2789	5.4	1	374 2415
120	850	5.4	1	177 673
121	1746	5.4	1	254 1492
122	2243	5.4	1	374 1869
123	11385	5.4	1	148 11237
124	1231	5.4	1	82 1149
125	683	5.4	1	71 612
126	893	5.4	1	53 840
127	681	5.4	1	51 630
128	1273	5.4	1	94 1179
129	2038	5.4	1	1020 1018
130	15267	5.4	1	88 15179
131	3728	5.4	1	135 3593
132	2796	5.4	1	78 2718
133	4772	5.4	1	109 4663
134	504	5.4	1	75 429
135	788	5.4	1	91 697
136	1187	5.4	1	123 1064
137	913	5.4	1	274 639
138	2336	5.4	1	235 2101
139	1107	5.4	1	70 1037
140	5031	5.4	1	97 4934
141	2729	5.4	1	225 2504
142	4079	5.4	1	31 4048
143	1141	5.4	1	57 1084
144	2417	5.4	1	21 2396
145	394	5.4	1	200 194
146	1084	5.4	1	614 470
147	1702	5.4	1	313 1389
148	743	5.4	1	32 711
149	1139	5.4	1	683 456
150	17253	5.4	1	16405 848

RUN STATISTICS FOR INPUT FILE: DATA/EXOGENOUS/NSCv2_R2_001.fastq.gz
=============================================
90013960 sequences processed in total
The length threshold of paired-end sequences gets evaluated later on (in the validation step)

Validate paired-end files NSCv2_R1_001_trimmed.fq.gz and NSCv2_R2_001_trimmed.fq.gz
file_1: NSCv2_R1_001_trimmed.fq.gz, file_2: NSCv2_R2_001_trimmed.fq.gz


>>>>> Now validing the length of the 2 paired-end infiles: NSCv2_R1_001_trimmed.fq.gz and NSCv2_R2_001_trimmed.fq.gz <<<<<
Writing validated paired-end Read 1 reads to NSCv2_R1_001_val_1.fq.gz
Writing validated paired-end Read 2 reads to NSCv2_R2_001_val_2.fq.gz

Total number of sequences analysed: 90013960

Number of sequence pairs removed because at least one read was shorter than the length cutoff (20 bp): 102977 (0.11%)


  >>> Now running FastQC on the validated data NSCv2_R1_001_val_1.fq.gz<<<

application/gzip
Started analysis of NSCv2_R1_001_val_1.fq.gz
Approx 5% complete for NSCv2_R1_001_val_1.fq.gz
Approx 10% complete for NSCv2_R1_001_val_1.fq.gz
Approx 15% complete for NSCv2_R1_001_val_1.fq.gz
Approx 20% complete for NSCv2_R1_001_val_1.fq.gz
Approx 25% complete for NSCv2_R1_001_val_1.fq.gz
Approx 30% complete for NSCv2_R1_001_val_1.fq.gz
Approx 35% complete for NSCv2_R1_001_val_1.fq.gz
Approx 40% complete for NSCv2_R1_001_val_1.fq.gz
Approx 45% complete for NSCv2_R1_001_val_1.fq.gz
Approx 50% complete for NSCv2_R1_001_val_1.fq.gz
Approx 55% complete for NSCv2_R1_001_val_1.fq.gz
Approx 60% complete for NSCv2_R1_001_val_1.fq.gz
Approx 65% complete for NSCv2_R1_001_val_1.fq.gz
Approx 70% complete for NSCv2_R1_001_val_1.fq.gz
Approx 75% complete for NSCv2_R1_001_val_1.fq.gz
Approx 80% complete for NSCv2_R1_001_val_1.fq.gz
Approx 85% complete for NSCv2_R1_001_val_1.fq.gz
Approx 90% complete for NSCv2_R1_001_val_1.fq.gz
Approx 95% complete for NSCv2_R1_001_val_1.fq.gz
Analysis complete for NSCv2_R1_001_val_1.fq.gz

  >>> Now running FastQC on the validated data NSCv2_R2_001_val_2.fq.gz<<<

application/gzip
Started analysis of NSCv2_R2_001_val_2.fq.gz
Approx 5% complete for NSCv2_R2_001_val_2.fq.gz
Approx 10% complete for NSCv2_R2_001_val_2.fq.gz
Approx 15% complete for NSCv2_R2_001_val_2.fq.gz
Approx 20% complete for NSCv2_R2_001_val_2.fq.gz
Approx 25% complete for NSCv2_R2_001_val_2.fq.gz
Approx 30% complete for NSCv2_R2_001_val_2.fq.gz
Approx 35% complete for NSCv2_R2_001_val_2.fq.gz
Approx 40% complete for NSCv2_R2_001_val_2.fq.gz
Approx 45% complete for NSCv2_R2_001_val_2.fq.gz
Approx 50% complete for NSCv2_R2_001_val_2.fq.gz
Approx 55% complete for NSCv2_R2_001_val_2.fq.gz
Approx 60% complete for NSCv2_R2_001_val_2.fq.gz
Approx 65% complete for NSCv2_R2_001_val_2.fq.gz
Approx 70% complete for NSCv2_R2_001_val_2.fq.gz
Approx 75% complete for NSCv2_R2_001_val_2.fq.gz
Approx 80% complete for NSCv2_R2_001_val_2.fq.gz
Approx 85% complete for NSCv2_R2_001_val_2.fq.gz
Approx 90% complete for NSCv2_R2_001_val_2.fq.gz
Approx 95% complete for NSCv2_R2_001_val_2.fq.gz
Analysis complete for NSCv2_R2_001_val_2.fq.gz
Deleting both intermediate output files NSCv2_R1_001_trimmed.fq.gz and NSCv2_R2_001_trimmed.fq.gz

====================================================================================================

