Using an excessive number of cores has a diminishing return! It is recommended not to exceed 8 cores per trimming process (you asked for 16 cores). Please consider re-specifying
Path to Cutadapt set as: 'cutadapt' (default)
Cutadapt seems to be working fine (tested command 'cutadapt --version')
Cutadapt version: 4.9
Could not detect version of Python used by Cutadapt from the first line of Cutadapt (but found this: >>>#!/bin/sh<<<)
Letting the (modified) Cutadapt deal with the Python version instead
pigz 2.8
Parallel gzip (pigz) detected. Proceeding with multicore (de)compression using 16 cores

igzip command line interface 2.31.0
igzip detected. Using igzip for decompressing

No quality encoding type selected. Assuming that the data provided uses Sanger encoded Phred scores (default)

Output will be written into the directory: /beegfs/scratch/ric.broccoli/kubacki.michal/MIRKO_DATA/Custom_pipeline/results/trimmed/


AUTO-DETECTING ADAPTER TYPE
===========================
Attempting to auto-detect adapter type from the first 1 million sequences of the first file (>> DATA/POL2/TG2_R1_001.fastq.gz <<)

Found perfect matches for the following adapter sequences:
Adapter type	Count	Sequence	Sequences analysed	Percentage
Nextera	887393	CTGTCTCTTATA	1000000	88.74
Illumina	5	AGATCGGAAGAGC	1000000	0.00
smallRNA	0	TGGAATTCTCGG	1000000	0.00
Using Nextera adapter for trimming (count: 887393). Second best hit was Illumina (count: 5)

Writing report to '/beegfs/scratch/ric.broccoli/kubacki.michal/MIRKO_DATA/Custom_pipeline/results/trimmed/TG2_R1_001.fastq.gz_trimming_report.txt'

SUMMARISING RUN PARAMETERS
==========================
Input filename: DATA/POL2/TG2_R1_001.fastq.gz
Trimming mode: paired-end
Trim Galore version: 0.6.10
Cutadapt version: 4.9
Python version: could not detect
Number of cores used for trimming: 16
Quality Phred score cutoff: 20
Quality encoding type selected: ASCII+33
Adapter sequence: 'CTGTCTCTTATA' (Nextera Transposase sequence; auto-detected)
Maximum trimming error rate: 0.1 (default)
Minimum required adapter overlap (stringency): 1 bp
Minimum required sequence length for both reads before a sequence pair gets removed: 20 bp
Running FastQC on the data once trimming has completed
Output file(s) will be GZIP compressed

Cutadapt seems to be fairly up-to-date (version 4.9). Setting -j 16
Writing final adapter and quality trimmed output to TG2_R1_001_trimmed.fq.gz


  >>> Now performing quality (cutoff '-q 20') and adapter trimming in a single pass for the adapter sequence: 'CTGTCTCTTATA' from file DATA/POL2/TG2_R1_001.fastq.gz <<< 
10000000 sequences processed
20000000 sequences processed
30000000 sequences processed
40000000 sequences processed
50000000 sequences processed
60000000 sequences processed
70000000 sequences processed
80000000 sequences processed
90000000 sequences processed
100000000 sequences processed
110000000 sequences processed
120000000 sequences processed
130000000 sequences processed
140000000 sequences processed
This is cutadapt 4.9 with Python 3.11.8
Command line parameters: -j 16 -e 0.1 -q 20 -O 1 -a CTGTCTCTTATA DATA/POL2/TG2_R1_001.fastq.gz
Processing single-end reads on 16 cores ...
Finished in 254.222 s (1.799 µs/read; 33.35 M reads/minute).

=== Summary ===

Total reads processed:             141,307,931
Reads with adapters:               133,930,641 (94.8%)
Reads written (passing filters):   141,307,931 (100.0%)

Total basepairs processed: 21,196,189,650 bp
Quality-trimmed:             166,791,531 bp (0.8%)
Total written (filtered):  11,728,512,725 bp (55.3%)

=== Adapter 1 ===

Sequence: CTGTCTCTTATA; Type: regular 3'; Length: 12; Trimmed: 133930641 times

Minimum overlap: 1
No. of allowed errors:
1-9 bp: 0; 10-12 bp: 1

Bases preceding removed adapters:
  A: 10.7%
  C: 45.0%
  G: 25.1%
  T: 19.2%
  none/other: 0.0%

Overview of removed sequences
length	count	expect	max.err	error counts
1	2882040	35326982.8	0	2882040
2	897032	8831745.7	0	897032
3	491434	2207936.4	0	491434
4	358249	551984.1	0	358249
5	331282	137996.0	0	331282
6	349697	34499.0	0	349697
7	324400	8624.8	0	324400
8	350849	2156.2	0	350849
9	369666	539.0	0	369529 137
10	358062	134.8	1	351386 6676
11	390218	33.7	1	379669 10549
12	380449	8.4	1	372914 7535
13	416804	8.4	1	402900 13904
14	407396	8.4	1	397325 10071
15	444720	8.4	1	426650 18070
16	514767	8.4	1	493696 21071
17	370208	8.4	1	363152 7056
18	486723	8.4	1	470552 16171
19	473112	8.4	1	460083 13029
20	451021	8.4	1	437513 13508
21	641481	8.4	1	614210 27271
22	389735	8.4	1	380762 8973
23	554016	8.4	1	538249 15767
24	470622	8.4	1	461671 8951
25	544530	8.4	1	528769 15761
26	563141	8.4	1	546109 17032
27	625330	8.4	1	594094 31236
28	591859	8.4	1	572450 19409
29	713733	8.4	1	680092 33641
30	542718	8.4	1	528846 13872
31	676389	8.4	1	651969 24420
32	632694	8.4	1	614966 17728
33	695620	8.4	1	672547 23073
34	674625	8.4	1	655157 19468
35	766076	8.4	1	733059 33017
36	676252	8.4	1	658957 17295
37	753904	8.4	1	726847 27057
38	939332	8.4	1	899946 39386
39	618122	8.4	1	601357 16765
40	816862	8.4	1	787303 29559
41	888170	8.4	1	854884 33286
42	860538	8.4	1	830052 30486
43	906182	8.4	1	874725 31457
44	1505315	8.4	1	1437733 67582
45	795741	8.4	1	771614 24127
46	2238354	8.4	1	2181008 57346
47	471502	8.4	1	451311 20191
48	2153656	8.4	1	2114336 39320
49	1421058	8.4	1	1384511 36547
50	506660	8.4	1	483160 23500
51	1151659	8.4	1	1130283 21376
52	431742	8.4	1	412027 19715
53	1210790	8.4	1	1190536 20254
54	551611	8.4	1	537671 13940
55	569371	8.4	1	557556 11815
56	1204165	8.4	1	1186267 17898
57	717280	8.4	1	701446 15834
58	1028490	8.4	1	1008690 19800
59	1621259	8.4	1	1591876 29383
60	797035	8.4	1	775299 21736
61	1158868	8.4	1	1132082 26786
62	1410855	8.4	1	1383363 27492
63	1027912	8.4	1	1004753 23159
64	1244948	8.4	1	1216485 28463
65	1677804	8.4	1	1631706 46098
66	2024947	8.4	1	1974809 50138
67	4535989	8.4	1	4455089 80900
68	4477791	8.4	1	4408722 69069
69	1566257	8.4	1	1536857 29400
70	411678	8.4	1	399405 12273
71	159814	8.4	1	151964 7850
72	80748	8.4	1	74255 6493
73	95081	8.4	1	86880 8201
74	295420	8.4	1	282097 13323
75	773256	8.4	1	752899 20357
76	1251300	8.4	1	1224389 26911
77	1457706	8.4	1	1428828 28878
78	1599528	8.4	1	1568872 30656
79	1687066	8.4	1	1654790 32276
80	1770487	8.4	1	1739706 30781
81	1855602	8.4	1	1821977 33625
82	1885805	8.4	1	1855855 29950
83	1885380	8.4	1	1855466 29914
84	1915345	8.4	1	1887003 28342
85	1901341	8.4	1	1872737 28604
86	1947477	8.4	1	1917374 30103
87	1927245	8.4	1	1897520 29725
88	1996508	8.4	1	1967440 29068
89	2092120	8.4	1	2060580 31540
90	2177788	8.4	1	2144507 33281
91	2290549	8.4	1	2253492 37057
92	2330568	8.4	1	2291313 39255
93	2334130	8.4	1	2294616 39514
94	2305307	8.4	1	2266940 38367
95	2204995	8.4	1	2161924 43071
96	2190996	8.4	1	2145231 45765
97	2109249	8.4	1	2064939 44310
98	2084833	8.4	1	2040205 44628
99	2132219	8.4	1	2085419 46800
100	2170183	8.4	1	2123003 47180
101	2202067	8.4	1	2153314 48753
102	2210849	8.4	1	2163969 46880
103	2163838	8.4	1	2119513 44325
104	2048633	8.4	1	2008324 40309
105	1778128	8.4	1	1742013 36115
106	1539494	8.4	1	1508654 30840
107	1252531	8.4	1	1230409 22122
108	1052662	8.4	1	1035651 17011
109	907080	8.4	1	892133 14947
110	777089	8.4	1	765210 11879
111	669607	8.4	1	659512 10095
112	562054	8.4	1	553423 8631
113	463902	8.4	1	456396 7506
114	353877	8.4	1	347951 5926
115	189299	8.4	1	186287 3012
116	104999	8.4	1	103123 1876
117	77209	8.4	1	75744 1465
118	50374	8.4	1	49257 1117
119	30917	8.4	1	29777 1140
120	23001	8.4	1	22256 745
121	18638	8.4	1	17980 658
122	11509	8.4	1	11015 494
123	5241	8.4	1	4819 422
124	2170	8.4	1	1852 318
125	989	8.4	1	345 644
126	880	8.4	1	348 532
127	722	8.4	1	192 530
128	314	8.4	1	135 179
129	1117	8.4	1	719 398
130	456	8.4	1	160 296
131	602	8.4	1	72 530
132	398	8.4	1	115 283
133	344	8.4	1	45 299
134	431	8.4	1	53 378
135	313	8.4	1	51 262
136	389	8.4	1	67 322
137	1553	8.4	1	193 1360
138	458	8.4	1	94 364
139	277	8.4	1	71 206
140	303	8.4	1	75 228
141	600	8.4	1	171 429
142	1200	8.4	1	108 1092
143	318	8.4	1	69 249
144	260	8.4	1	104 156
145	344	8.4	1	237 107
146	1259	8.4	1	1092 167
147	1473	8.4	1	440 1033
148	502	8.4	1	124 378
149	657	8.4	1	490 167
150	8471	8.4	1	7972 499

RUN STATISTICS FOR INPUT FILE: DATA/POL2/TG2_R1_001.fastq.gz
=============================================
141307931 sequences processed in total
The length threshold of paired-end sequences gets evaluated later on (in the validation step)

Writing report to '/beegfs/scratch/ric.broccoli/kubacki.michal/MIRKO_DATA/Custom_pipeline/results/trimmed/TG2_R2_001.fastq.gz_trimming_report.txt'

SUMMARISING RUN PARAMETERS
==========================
Input filename: DATA/POL2/TG2_R2_001.fastq.gz
Trimming mode: paired-end
Trim Galore version: 0.6.10
Cutadapt version: 4.9
Python version: could not detect
Number of cores used for trimming: 16
Quality Phred score cutoff: 20
Quality encoding type selected: ASCII+33
Adapter sequence: 'CTGTCTCTTATA' (Nextera Transposase sequence; auto-detected)
Maximum trimming error rate: 0.1 (default)
Minimum required adapter overlap (stringency): 1 bp
Minimum required sequence length for both reads before a sequence pair gets removed: 20 bp
Running FastQC on the data once trimming has completed
Output file(s) will be GZIP compressed

Cutadapt seems to be fairly up-to-date (version 4.9). Setting -j -j 16
Writing final adapter and quality trimmed output to TG2_R2_001_trimmed.fq.gz


  >>> Now performing quality (cutoff '-q 20') and adapter trimming in a single pass for the adapter sequence: 'CTGTCTCTTATA' from file DATA/POL2/TG2_R2_001.fastq.gz <<< 
10000000 sequences processed
20000000 sequences processed
30000000 sequences processed
40000000 sequences processed
50000000 sequences processed
60000000 sequences processed
70000000 sequences processed
80000000 sequences processed
90000000 sequences processed
100000000 sequences processed
110000000 sequences processed
120000000 sequences processed
130000000 sequences processed
140000000 sequences processed
This is cutadapt 4.9 with Python 3.11.8
Command line parameters: -j 16 -e 0.1 -q 20 -O 1 -a CTGTCTCTTATA DATA/POL2/TG2_R2_001.fastq.gz
Processing single-end reads on 16 cores ...
Finished in 250.591 s (1.773 µs/read; 33.83 M reads/minute).

=== Summary ===

Total reads processed:             141,307,931
Reads with adapters:               133,378,335 (94.4%)
Reads written (passing filters):   141,307,931 (100.0%)

Total basepairs processed: 21,196,189,650 bp
Quality-trimmed:              63,377,228 bp (0.3%)
Total written (filtered):  11,775,176,380 bp (55.6%)

=== Adapter 1 ===

Sequence: CTGTCTCTTATA; Type: regular 3'; Length: 12; Trimmed: 133378335 times

Minimum overlap: 1
No. of allowed errors:
1-9 bp: 0; 10-12 bp: 1

Bases preceding removed adapters:
  A: 10.5%
  C: 45.4%
  G: 25.2%
  T: 18.9%
  none/other: 0.0%

Overview of removed sequences
length	count	expect	max.err	error counts
1	2952004	35326982.8	0	2952004
2	901595	8831745.7	0	901595
3	507499	2207936.4	0	507499
4	355173	551984.1	0	355173
5	329523	137996.0	0	329523
6	338761	34499.0	0	338761
7	328582	8624.8	0	328582
8	345441	2156.2	0	345441
9	369806	539.0	0	369732 74
10	350218	134.8	1	345125 5093
11	395862	33.7	1	384103 11759
12	380551	8.4	1	373785 6766
13	409624	8.4	1	397940 11684
14	401758	8.4	1	393670 8088
15	427298	8.4	1	414254 13044
16	426547	8.4	1	416709 9838
17	430460	8.4	1	420741 9719
18	456898	8.4	1	443955 12943
19	477647	8.4	1	462036 15611
20	477461	8.4	1	466694 10767
21	480330	8.4	1	469847 10483
22	511020	8.4	1	496031 14989
23	513092	8.4	1	503196 9896
24	535760	8.4	1	522841 12919
25	553742	8.4	1	538110 15632
26	547593	8.4	1	537025 10568
27	572513	8.4	1	559103 13410
28	596297	8.4	1	576293 20004
29	596483	8.4	1	582241 14242
30	602293	8.4	1	587759 14534
31	638055	8.4	1	619525 18530
32	641368	8.4	1	626950 14418
33	659675	8.4	1	643869 15806
34	666913	8.4	1	652897 14016
35	689351	8.4	1	671791 17560
36	697204	8.4	1	682229 14975
37	727274	8.4	1	707087 20187
38	727660	8.4	1	710720 16940
39	743315	8.4	1	726062 17253
40	750497	8.4	1	734688 15809
41	792906	8.4	1	774438 18468
42	810980	8.4	1	793085 17895
43	853876	8.4	1	831877 21999
44	869317	8.4	1	844316 25001
45	860575	8.4	1	842344 18231
46	874846	8.4	1	858957 15889
47	912544	8.4	1	890556 21988
48	924472	8.4	1	904469 20003
49	941310	8.4	1	921659 19651
50	993638	8.4	1	967710 25928
51	976468	8.4	1	954433 22035
52	1009193	8.4	1	987752 21441
53	1116585	8.4	1	1091713 24872
54	995387	8.4	1	974390 20997
55	1065289	8.4	1	1045790 19499
56	1104298	8.4	1	1080367 23931
57	1097256	8.4	1	1076494 20762
58	1146819	8.4	1	1122198 24621
59	1212574	8.4	1	1184829 27745
60	1177218	8.4	1	1155508 21710
61	1238701	8.4	1	1214743 23958
62	1343001	8.4	1	1309118 33883
63	1319520	8.4	1	1291001 28519
64	1334632	8.4	1	1305196 29436
65	1501604	8.4	1	1466710 34894
66	1612336	8.4	1	1582867 29469
67	2303310	8.4	1	2278732 24578
68	453635	8.4	1	443614 10021
69	1199402	8.4	1	1183862 15540
70	1428216	8.4	1	1410381 17835
71	1486363	8.4	1	1466577 19786
72	1511824	8.4	1	1491457 20367
73	1524123	8.4	1	1504110 20013
74	1568415	8.4	1	1547376 21039
75	1580126	8.4	1	1557578 22548
76	1656691	8.4	1	1632999 23692
77	1640335	8.4	1	1616585 23750
78	1697926	8.4	1	1673735 24191
79	1745541	8.4	1	1720733 24808
80	1807328	8.4	1	1782812 24516
81	1879469	8.4	1	1853275 26194
82	1902286	8.4	1	1876358 25928
83	1896311	8.4	1	1870762 25549
84	1922666	8.4	1	1897703 24963
85	1905384	8.4	1	1881231 24153
86	1948990	8.4	1	1922933 26057
87	1927149	8.4	1	1902828 24321
88	1992938	8.4	1	1966538 26400
89	2086650	8.4	1	2059097 27553
90	2171004	8.4	1	2143344 27660
91	2282948	8.4	1	2252406 30542
92	2323450	8.4	1	2290164 33286
93	2326606	8.4	1	2292316 34290
94	2298477	8.4	1	2265425 33052
95	2197094	8.4	1	2165285 31809
96	2182212	8.4	1	2149473 32739
97	2100529	8.4	1	2070877 29652
98	2076538	8.4	1	2046600 29938
99	2124677	8.4	1	2092876 31801
100	2161823	8.4	1	2133227 28596
101	2192846	8.4	1	2164092 28754
102	2202984	8.4	1	2175790 27194
103	2156110	8.4	1	2128488 27622
104	2039758	8.4	1	2013739 26019
105	1770818	8.4	1	1747528 23290
106	1532991	8.4	1	1512127 20864
107	1248135	8.4	1	1231532 16603
108	1049768	8.4	1	1035152 14616
109	904946	8.4	1	892042 12904
110	775859	8.4	1	764797 11062
111	669326	8.4	1	659896 9430
112	562605	8.4	1	554061 8544
113	465236	8.4	1	458001 7235
114	356198	8.4	1	350121 6077
115	190449	8.4	1	187633 2816
116	105480	8.4	1	103841 1639
117	78102	8.4	1	76776 1326
118	50868	8.4	1	49932 936
119	31367	8.4	1	30066 1301
120	23202	8.4	1	22531 671
121	18822	8.4	1	18177 645
122	11748	8.4	1	11302 446
123	5356	8.4	1	4972 384
124	2135	8.4	1	1892 243
125	946	8.4	1	355 591
126	828	8.4	1	357 471
127	730	8.4	1	200 530
128	277	8.4	1	130 147
129	1254	8.4	1	774 480
130	405	8.4	1	150 255
131	652	8.4	1	71 581
132	374	8.4	1	114 260
133	274	8.4	1	53 221
134	368	8.4	1	42 326
135	202	8.4	1	44 158
136	245	8.4	1	56 189
137	1890	8.4	1	174 1716
138	371	8.4	1	71 300
139	283	8.4	1	70 213
140	278	8.4	1	75 203
141	585	8.4	1	167 418
142	1278	8.4	1	96 1182
143	260	8.4	1	41 219
144	193	8.4	1	81 112
145	320	8.4	1	199 121
146	1241	8.4	1	1162 79
147	1490	8.4	1	426 1064
148	419	8.4	1	67 352
149	257	8.4	1	186 71
150	8882	8.4	1	8616 266

RUN STATISTICS FOR INPUT FILE: DATA/POL2/TG2_R2_001.fastq.gz
=============================================
141307931 sequences processed in total
The length threshold of paired-end sequences gets evaluated later on (in the validation step)

Validate paired-end files TG2_R1_001_trimmed.fq.gz and TG2_R2_001_trimmed.fq.gz
file_1: TG2_R1_001_trimmed.fq.gz, file_2: TG2_R2_001_trimmed.fq.gz


>>>>> Now validing the length of the 2 paired-end infiles: TG2_R1_001_trimmed.fq.gz and TG2_R2_001_trimmed.fq.gz <<<<<
Writing validated paired-end Read 1 reads to TG2_R1_001_val_1.fq.gz
Writing validated paired-end Read 2 reads to TG2_R2_001_val_2.fq.gz

Total number of sequences analysed: 141307931

Number of sequence pairs removed because at least one read was shorter than the length cutoff (20 bp): 51026 (0.04%)


  >>> Now running FastQC on the validated data TG2_R1_001_val_1.fq.gz<<<

application/gzip
Started analysis of TG2_R1_001_val_1.fq.gz
Approx 5% complete for TG2_R1_001_val_1.fq.gz
Approx 10% complete for TG2_R1_001_val_1.fq.gz
Approx 15% complete for TG2_R1_001_val_1.fq.gz
Approx 20% complete for TG2_R1_001_val_1.fq.gz
Approx 25% complete for TG2_R1_001_val_1.fq.gz
Approx 30% complete for TG2_R1_001_val_1.fq.gz
Approx 35% complete for TG2_R1_001_val_1.fq.gz
Approx 40% complete for TG2_R1_001_val_1.fq.gz
Approx 45% complete for TG2_R1_001_val_1.fq.gz
Approx 50% complete for TG2_R1_001_val_1.fq.gz
Approx 55% complete for TG2_R1_001_val_1.fq.gz
Approx 60% complete for TG2_R1_001_val_1.fq.gz
Approx 65% complete for TG2_R1_001_val_1.fq.gz
Approx 70% complete for TG2_R1_001_val_1.fq.gz
Approx 75% complete for TG2_R1_001_val_1.fq.gz
Approx 80% complete for TG2_R1_001_val_1.fq.gz
Approx 85% complete for TG2_R1_001_val_1.fq.gz
Approx 90% complete for TG2_R1_001_val_1.fq.gz
Approx 95% complete for TG2_R1_001_val_1.fq.gz
Analysis complete for TG2_R1_001_val_1.fq.gz

  >>> Now running FastQC on the validated data TG2_R2_001_val_2.fq.gz<<<

application/gzip
Started analysis of TG2_R2_001_val_2.fq.gz
Approx 5% complete for TG2_R2_001_val_2.fq.gz
Approx 10% complete for TG2_R2_001_val_2.fq.gz
Approx 15% complete for TG2_R2_001_val_2.fq.gz
Approx 20% complete for TG2_R2_001_val_2.fq.gz
Approx 25% complete for TG2_R2_001_val_2.fq.gz
Approx 30% complete for TG2_R2_001_val_2.fq.gz
Approx 35% complete for TG2_R2_001_val_2.fq.gz
Approx 40% complete for TG2_R2_001_val_2.fq.gz
Approx 45% complete for TG2_R2_001_val_2.fq.gz
Approx 50% complete for TG2_R2_001_val_2.fq.gz
Approx 55% complete for TG2_R2_001_val_2.fq.gz
Approx 60% complete for TG2_R2_001_val_2.fq.gz
Approx 65% complete for TG2_R2_001_val_2.fq.gz
Approx 70% complete for TG2_R2_001_val_2.fq.gz
Approx 75% complete for TG2_R2_001_val_2.fq.gz
Approx 80% complete for TG2_R2_001_val_2.fq.gz
Approx 85% complete for TG2_R2_001_val_2.fq.gz
Approx 90% complete for TG2_R2_001_val_2.fq.gz
Approx 95% complete for TG2_R2_001_val_2.fq.gz
Analysis complete for TG2_R2_001_val_2.fq.gz
Deleting both intermediate output files TG2_R1_001_trimmed.fq.gz and TG2_R2_001_trimmed.fq.gz

====================================================================================================

