Using an excessive number of cores has a diminishing return! It is recommended not to exceed 8 cores per trimming process (you asked for 16 cores). Please consider re-specifying
Path to Cutadapt set as: 'cutadapt' (default)
Cutadapt seems to be working fine (tested command 'cutadapt --version')
Cutadapt version: 4.9
Could not detect version of Python used by Cutadapt from the first line of Cutadapt (but found this: >>>#!/bin/sh<<<)
Letting the (modified) Cutadapt deal with the Python version instead
pigz 2.8
Parallel gzip (pigz) detected. Proceeding with multicore (de)compression using 16 cores

igzip command line interface 2.31.0
igzip detected. Using igzip for decompressing

No quality encoding type selected. Assuming that the data provided uses Sanger encoded Phred scores (default)

Output will be written into the directory: /beegfs/scratch/ric.broccoli/kubacki.michal/MIRKO_DATA/Custom_pipeline/results/trimmed/


AUTO-DETECTING ADAPTER TYPE
===========================
Attempting to auto-detect adapter type from the first 1 million sequences of the first file (>> DATA/POL2/TG3_R1_001.fastq.gz <<)

Found perfect matches for the following adapter sequences:
Adapter type	Count	Sequence	Sequences analysed	Percentage
Nextera	966404	CTGTCTCTTATA	1000000	96.64
Illumina	6	AGATCGGAAGAGC	1000000	0.00
smallRNA	0	TGGAATTCTCGG	1000000	0.00
Using Nextera adapter for trimming (count: 966404). Second best hit was Illumina (count: 6)

Writing report to '/beegfs/scratch/ric.broccoli/kubacki.michal/MIRKO_DATA/Custom_pipeline/results/trimmed/TG3_R1_001.fastq.gz_trimming_report.txt'

SUMMARISING RUN PARAMETERS
==========================
Input filename: DATA/POL2/TG3_R1_001.fastq.gz
Trimming mode: paired-end
Trim Galore version: 0.6.10
Cutadapt version: 4.9
Python version: could not detect
Number of cores used for trimming: 16
Quality Phred score cutoff: 20
Quality encoding type selected: ASCII+33
Adapter sequence: 'CTGTCTCTTATA' (Nextera Transposase sequence; auto-detected)
Maximum trimming error rate: 0.1 (default)
Minimum required adapter overlap (stringency): 1 bp
Minimum required sequence length for both reads before a sequence pair gets removed: 20 bp
Running FastQC on the data once trimming has completed
Output file(s) will be GZIP compressed

Cutadapt seems to be fairly up-to-date (version 4.9). Setting -j 16
Writing final adapter and quality trimmed output to TG3_R1_001_trimmed.fq.gz


  >>> Now performing quality (cutoff '-q 20') and adapter trimming in a single pass for the adapter sequence: 'CTGTCTCTTATA' from file DATA/POL2/TG3_R1_001.fastq.gz <<< 
10000000 sequences processed
20000000 sequences processed
30000000 sequences processed
40000000 sequences processed
50000000 sequences processed
60000000 sequences processed
70000000 sequences processed
80000000 sequences processed
90000000 sequences processed
100000000 sequences processed
110000000 sequences processed
This is cutadapt 4.9 with Python 3.11.8
Command line parameters: -j 16 -e 0.1 -q 20 -O 1 -a CTGTCTCTTATA DATA/POL2/TG3_R1_001.fastq.gz
Processing single-end reads on 16 cores ...
Finished in 204.902 s (1.816 µs/read; 33.04 M reads/minute).

=== Summary ===

Total reads processed:             112,829,098
Reads with adapters:               111,221,884 (98.6%)
Reads written (passing filters):   112,829,098 (100.0%)

Total basepairs processed: 16,924,364,700 bp
Quality-trimmed:             101,173,127 bp (0.6%)
Total written (filtered):  7,443,297,574 bp (44.0%)

=== Adapter 1 ===

Sequence: CTGTCTCTTATA; Type: regular 3'; Length: 12; Trimmed: 111221884 times

Minimum overlap: 1
No. of allowed errors:
1-9 bp: 0; 10-12 bp: 1

Bases preceding removed adapters:
  A: 10.6%
  C: 43.4%
  G: 24.6%
  T: 21.3%
  none/other: 0.1%

Overview of removed sequences
length	count	expect	max.err	error counts
1	351745	28207274.5	0	351745
2	125304	7051818.6	0	125304
3	62666	1762954.7	0	62666
4	51877	440738.7	0	51877
5	48860	110184.7	0	48860
6	53233	27546.2	0	53233
7	47583	6886.5	0	47583
8	52512	1721.6	0	52512
9	57936	430.4	0	57908 28
10	57379	107.6	1	56221 1158
11	64383	26.9	1	62528 1855
12	64600	6.7	1	63370 1230
13	73646	6.7	1	71272 2374
14	72565	6.7	1	70740 1825
15	80172	6.7	1	77053 3119
16	86193	6.7	1	83059 3134
17	74687	6.7	1	72862 1825
18	93516	6.7	1	89915 3601
19	105297	6.7	1	101397 3900
20	83464	6.7	1	80926 2538
21	123935	6.7	1	118656 5279
22	90003	6.7	1	87769 2234
23	122051	6.7	1	118671 3380
24	108067	6.7	1	105950 2117
25	128813	6.7	1	125191 3622
26	126720	6.7	1	123482 3238
27	143958	6.7	1	137422 6536
28	139489	6.7	1	135568 3921
29	167692	6.7	1	159917 7775
30	145040	6.7	1	141207 3833
31	169063	6.7	1	164216 4847
32	171104	6.7	1	167142 3962
33	183661	6.7	1	179454 4207
34	205789	6.7	1	199267 6522
35	216495	6.7	1	209106 7389
36	209013	6.7	1	204064 4949
37	212838	6.7	1	208073 4765
38	239753	6.7	1	231899 7854
39	253952	6.7	1	245747 8205
40	257603	6.7	1	249852 7751
41	284455	6.7	1	275753 8702
42	342805	6.7	1	328611 14194
43	334612	6.7	1	321991 12621
44	541640	6.7	1	517635 24005
45	337280	6.7	1	326662 10618
46	704472	6.7	1	684957 19515
47	238949	6.7	1	229492 9457
48	1053334	6.7	1	1036463 16871
49	520002	6.7	1	506866 13136
50	396569	6.7	1	384745 11824
51	318621	6.7	1	309295 9326
52	287530	6.7	1	276726 10804
53	400236	6.7	1	390786 9450
54	496651	6.7	1	488772 7879
55	418972	6.7	1	412635 6337
56	506232	6.7	1	499193 7039
57	522613	6.7	1	515306 7307
58	572824	6.7	1	564872 7952
59	687253	6.7	1	676212 11041
60	602151	6.7	1	592268 9883
61	673269	6.7	1	662002 11267
62	747822	6.7	1	736106 11716
63	737294	6.7	1	725870 11424
64	799213	6.7	1	785642 13571
65	934403	6.7	1	915979 18424
66	1108737	6.7	1	1086255 22482
67	1699164	6.7	1	1666653 32511
68	3235938	6.7	1	3189608 46330
69	2846453	6.7	1	2808128 38325
70	1169037	6.7	1	1150722 18315
71	491876	6.7	1	482391 9485
72	234849	6.7	1	229185 5664
73	123314	6.7	1	118275 5039
74	146609	6.7	1	140099 6510
75	416729	6.7	1	406194 10535
76	878477	6.7	1	863187 15290
77	1169299	6.7	1	1151534 17765
78	1352688	6.7	1	1333136 19552
79	1458624	6.7	1	1438077 20547
80	1569036	6.7	1	1549296 19740
81	1669707	6.7	1	1648080 21627
82	1736174	6.7	1	1717146 19028
83	1810444	6.7	1	1790758 19686
84	1909517	6.7	1	1890615 18902
85	1993883	6.7	1	1973197 20686
86	2119074	6.7	1	2096625 22449
87	2129435	6.7	1	2107037 22398
88	2170656	6.7	1	2148747 21909
89	2249315	6.7	1	2226178 23137
90	2365681	6.7	1	2340810 24871
91	2476720	6.7	1	2447509 29211
92	2563220	6.7	1	2531371 31849
93	2667635	6.7	1	2634212 33423
94	2742970	6.7	1	2708941 34029
95	2796629	6.7	1	2754257 42372
96	2892202	6.7	1	2845367 46835
97	2857044	6.7	1	2809934 47110
98	2822084	6.7	1	2774741 47343
99	2819211	6.7	1	2771200 48011
100	2864670	6.7	1	2815906 48764
101	2899506	6.7	1	2849662 49844
102	2951794	6.7	1	2902961 48833
103	3035797	6.7	1	2987489 48308
104	2964212	6.7	1	2919240 44972
105	2737416	6.7	1	2695157 42259
106	2440245	6.7	1	2403631 36614
107	2073429	6.7	1	2047137 26292
108	1759780	6.7	1	1740967 18813
109	1470126	6.7	1	1453720 16406
110	1217213	6.7	1	1204327 12886
111	987437	6.7	1	977253 10184
112	776471	6.7	1	768558 7913
113	593466	6.7	1	587264 6202
114	424614	6.7	1	419418 5196
115	222850	6.7	1	220253 2597
116	132162	6.7	1	130445 1717
117	106598	6.7	1	104955 1643
118	73322	6.7	1	71823 1499
119	48014	6.7	1	46634 1380
120	36118	6.7	1	35202 916
121	32337	6.7	1	31331 1006
122	21362	6.7	1	20719 643
123	11387	6.7	1	10619 768
124	4437	6.7	1	4094 343
125	2668	6.7	1	1652 1016
126	1169	6.7	1	595 574
127	1373	6.7	1	383 990
128	624	6.7	1	216 408
129	841	6.7	1	217 624
130	959	6.7	1	160 799
131	879	6.7	1	130 749
132	366	6.7	1	59 307
133	606	6.7	1	61 545
134	519	6.7	1	39 480
135	454	6.7	1	56 398
136	335	6.7	1	35 300
137	2037	6.7	1	154 1883
138	624	6.7	1	131 493
139	266	6.7	1	109 157
140	425	6.7	1	76 349
141	673	6.7	1	150 523
142	1534	6.7	1	216 1318
143	333	6.7	1	72 261
144	570	6.7	1	247 323
145	605	6.7	1	360 245
146	1221	6.7	1	1031 190
147	2050	6.7	1	628 1422
148	649	6.7	1	256 393
149	2343	6.7	1	1975 368
150	38708	6.7	1	37975 733

RUN STATISTICS FOR INPUT FILE: DATA/POL2/TG3_R1_001.fastq.gz
=============================================
112829098 sequences processed in total
The length threshold of paired-end sequences gets evaluated later on (in the validation step)

Writing report to '/beegfs/scratch/ric.broccoli/kubacki.michal/MIRKO_DATA/Custom_pipeline/results/trimmed/TG3_R2_001.fastq.gz_trimming_report.txt'

SUMMARISING RUN PARAMETERS
==========================
Input filename: DATA/POL2/TG3_R2_001.fastq.gz
Trimming mode: paired-end
Trim Galore version: 0.6.10
Cutadapt version: 4.9
Python version: could not detect
Number of cores used for trimming: 16
Quality Phred score cutoff: 20
Quality encoding type selected: ASCII+33
Adapter sequence: 'CTGTCTCTTATA' (Nextera Transposase sequence; auto-detected)
Maximum trimming error rate: 0.1 (default)
Minimum required adapter overlap (stringency): 1 bp
Minimum required sequence length for both reads before a sequence pair gets removed: 20 bp
Running FastQC on the data once trimming has completed
Output file(s) will be GZIP compressed

Cutadapt seems to be fairly up-to-date (version 4.9). Setting -j -j 16
Writing final adapter and quality trimmed output to TG3_R2_001_trimmed.fq.gz


  >>> Now performing quality (cutoff '-q 20') and adapter trimming in a single pass for the adapter sequence: 'CTGTCTCTTATA' from file DATA/POL2/TG3_R2_001.fastq.gz <<< 
10000000 sequences processed
20000000 sequences processed
30000000 sequences processed
40000000 sequences processed
50000000 sequences processed
60000000 sequences processed
70000000 sequences processed
80000000 sequences processed
90000000 sequences processed
100000000 sequences processed
110000000 sequences processed
This is cutadapt 4.9 with Python 3.11.8
Command line parameters: -j 16 -e 0.1 -q 20 -O 1 -a CTGTCTCTTATA DATA/POL2/TG3_R2_001.fastq.gz
Processing single-end reads on 16 cores ...
Finished in 195.218 s (1.730 µs/read; 34.68 M reads/minute).

=== Summary ===

Total reads processed:             112,829,098
Reads with adapters:               110,547,841 (98.0%)
Reads written (passing filters):   112,829,098 (100.0%)

Total basepairs processed: 16,924,364,700 bp
Quality-trimmed:              56,593,752 bp (0.3%)
Total written (filtered):  7,498,860,258 bp (44.3%)

=== Adapter 1 ===

Sequence: CTGTCTCTTATA; Type: regular 3'; Length: 12; Trimmed: 110547841 times

Minimum overlap: 1
No. of allowed errors:
1-9 bp: 0; 10-12 bp: 1

Bases preceding removed adapters:
  A: 10.6%
  C: 44.2%
  G: 24.3%
  T: 20.8%
  none/other: 0.1%

Overview of removed sequences
length	count	expect	max.err	error counts
1	454628	28207274.5	0	454628
2	144502	7051818.6	0	144502
3	66104	1762954.7	0	66104
4	50921	440738.7	0	50921
5	48677	110184.7	0	48677
6	50686	27546.2	0	50686
7	49275	6886.5	0	49275
8	51700	1721.6	0	51700
9	59005	430.4	0	58983 22
10	55640	107.6	1	54459 1181
11	65896	26.9	1	63353 2543
12	64017	6.7	1	62593 1424
13	73139	6.7	1	70390 2749
14	70934	6.7	1	69253 1681
15	78615	6.7	1	75508 3107
16	77376	6.7	1	75122 2254
17	78250	6.7	1	76001 2249
18	88023	6.7	1	84346 3677
19	94472	6.7	1	89890 4582
20	94382	6.7	1	91550 2832
21	97673	6.7	1	95108 2565
22	111052	6.7	1	106609 4443
23	114349	6.7	1	111721 2628
24	118764	6.7	1	115170 3594
25	131380	6.7	1	126181 5199
26	125131	6.7	1	122117 3014
27	133986	6.7	1	130111 3875
28	145873	6.7	1	139043 6830
29	143941	6.7	1	139561 4380
30	151419	6.7	1	147108 4311
31	165317	6.7	1	159095 6222
32	171501	6.7	1	167092 4409
33	181389	6.7	1	176385 5004
34	189321	6.7	1	184918 4403
35	199264	6.7	1	193627 5637
36	202352	6.7	1	197729 4623
37	219575	6.7	1	212687 6888
38	221592	6.7	1	215713 5879
39	232414	6.7	1	226731 5683
40	238861	6.7	1	233576 5285
41	262795	6.7	1	256250 6545
42	277043	6.7	1	270284 6759
43	304423	6.7	1	295136 9287
44	330020	6.7	1	318581 11439
45	329190	6.7	1	321018 8172
46	332295	6.7	1	325458 6837
47	359260	6.7	1	349170 10090
48	370569	6.7	1	360989 9580
49	384599	6.7	1	375200 9399
50	427859	6.7	1	414175 13684
51	420014	6.7	1	409171 10843
52	454757	6.7	1	443795 10962
53	524924	6.7	1	512376 12548
54	476707	6.7	1	465739 10968
55	522875	6.7	1	512323 10552
56	562406	6.7	1	549167 13239
57	561044	6.7	1	549853 11191
58	598054	6.7	1	584486 13568
59	645313	6.7	1	629158 16155
60	636376	6.7	1	623504 12872
61	695480	6.7	1	681091 14389
62	793765	6.7	1	771167 22598
63	814409	6.7	1	794622 19787
64	855513	6.7	1	834973 20540
65	994528	6.7	1	969636 24892
66	1070873	6.7	1	1050542 20331
67	1543587	6.7	1	1527086 16501
68	316590	6.7	1	309540 7050
69	821006	6.7	1	810231 10775
70	983970	6.7	1	971637 12333
71	1057002	6.7	1	1043283 13719
72	1113608	6.7	1	1099255 14353
73	1170349	6.7	1	1154965 15384
74	1253170	6.7	1	1236791 16379
75	1321384	6.7	1	1302903 18481
76	1428153	6.7	1	1407802 20351
77	1424453	6.7	1	1404151 20302
78	1475749	6.7	1	1454678 21071
79	1524647	6.7	1	1502776 21871
80	1608035	6.7	1	1585806 22229
81	1692885	6.7	1	1669223 23662
82	1749646	6.7	1	1725671 23975
83	1818301	6.7	1	1793569 24732
84	1913798	6.7	1	1888662 25136
85	1993296	6.7	1	1967761 25535
86	2116287	6.7	1	2087939 28348
87	2124163	6.7	1	2097425 26738
88	2162738	6.7	1	2133950 28788
89	2237748	6.7	1	2207796 29952
90	2352957	6.7	1	2322442 30515
91	2462117	6.7	1	2429217 32900
92	2548736	6.7	1	2511688 37048
93	2651824	6.7	1	2612199 39625
94	2726362	6.7	1	2686974 39388
95	2779570	6.7	1	2739857 39713
96	2874335	6.7	1	2832483 41852
97	2838370	6.7	1	2798160 40210
98	2802993	6.7	1	2762132 40861
99	2801333	6.7	1	2760026 41307
100	2845524	6.7	1	2808163 37361
101	2879845	6.7	1	2843188 36657
102	2931286	6.7	1	2895395 35891
103	3013454	6.7	1	2975425 38029
104	2939686	6.7	1	2903271 36415
105	2715397	6.7	1	2681088 34309
106	2420468	6.7	1	2389113 31355
107	2057084	6.7	1	2030980 26104
108	1747011	6.7	1	1724185 22826
109	1460528	6.7	1	1440495 20033
110	1209265	6.7	1	1192867 16398
111	981985	6.7	1	968370 13615
112	773313	6.7	1	762022 11291
113	592225	6.7	1	583556 8669
114	424005	6.7	1	417307 6698
115	222844	6.7	1	219315 3529
116	132093	6.7	1	130055 2038
117	106714	6.7	1	104730 1984
118	73396	6.7	1	71962 1434
119	48110	6.7	1	46663 1447
120	36106	6.7	1	35252 854
121	32269	6.7	1	31370 899
122	21570	6.7	1	20883 687
123	11396	6.7	1	10658 738
124	4806	6.7	1	4190 616
125	2545	6.7	1	1678 867
126	1168	6.7	1	576 592
127	1080	6.7	1	372 708
128	642	6.7	1	208 434
129	973	6.7	1	212 761
130	677	6.7	1	125 552
131	582	6.7	1	138 444
132	565	6.7	1	48 517
133	394	6.7	1	54 340
134	363	6.7	1	22 341
135	462	6.7	1	41 421
136	253	6.7	1	23 230
137	2081	6.7	1	136 1945
138	764	6.7	1	140 624
139	471	6.7	1	93 378
140	545	6.7	1	26 519
141	505	6.7	1	82 423
142	1657	6.7	1	159 1498
143	248	6.7	1	5 243
144	523	6.7	1	201 322
145	422	6.7	1	266 156
146	1154	6.7	1	961 193
147	1685	6.7	1	497 1188
148	572	6.7	1	28 544
149	657	6.7	1	503 154
150	40824	6.7	1	39797 1027

RUN STATISTICS FOR INPUT FILE: DATA/POL2/TG3_R2_001.fastq.gz
=============================================
112829098 sequences processed in total
The length threshold of paired-end sequences gets evaluated later on (in the validation step)

Validate paired-end files TG3_R1_001_trimmed.fq.gz and TG3_R2_001_trimmed.fq.gz
file_1: TG3_R1_001_trimmed.fq.gz, file_2: TG3_R2_001_trimmed.fq.gz


>>>>> Now validing the length of the 2 paired-end infiles: TG3_R1_001_trimmed.fq.gz and TG3_R2_001_trimmed.fq.gz <<<<<
Writing validated paired-end Read 1 reads to TG3_R1_001_val_1.fq.gz
Writing validated paired-end Read 2 reads to TG3_R2_001_val_2.fq.gz

Total number of sequences analysed: 112829098

Number of sequence pairs removed because at least one read was shorter than the length cutoff (20 bp): 83163 (0.07%)


  >>> Now running FastQC on the validated data TG3_R1_001_val_1.fq.gz<<<

application/gzip
Started analysis of TG3_R1_001_val_1.fq.gz
Approx 5% complete for TG3_R1_001_val_1.fq.gz
Approx 10% complete for TG3_R1_001_val_1.fq.gz
Approx 15% complete for TG3_R1_001_val_1.fq.gz
Approx 20% complete for TG3_R1_001_val_1.fq.gz
Approx 25% complete for TG3_R1_001_val_1.fq.gz
Approx 30% complete for TG3_R1_001_val_1.fq.gz
Approx 35% complete for TG3_R1_001_val_1.fq.gz
Approx 40% complete for TG3_R1_001_val_1.fq.gz
Approx 45% complete for TG3_R1_001_val_1.fq.gz
Approx 50% complete for TG3_R1_001_val_1.fq.gz
Approx 55% complete for TG3_R1_001_val_1.fq.gz
Approx 60% complete for TG3_R1_001_val_1.fq.gz
Approx 65% complete for TG3_R1_001_val_1.fq.gz
Approx 70% complete for TG3_R1_001_val_1.fq.gz
Approx 75% complete for TG3_R1_001_val_1.fq.gz
Approx 80% complete for TG3_R1_001_val_1.fq.gz
Approx 85% complete for TG3_R1_001_val_1.fq.gz
Approx 90% complete for TG3_R1_001_val_1.fq.gz
Approx 95% complete for TG3_R1_001_val_1.fq.gz
Analysis complete for TG3_R1_001_val_1.fq.gz

  >>> Now running FastQC on the validated data TG3_R2_001_val_2.fq.gz<<<

application/gzip
Started analysis of TG3_R2_001_val_2.fq.gz
Approx 5% complete for TG3_R2_001_val_2.fq.gz
Approx 10% complete for TG3_R2_001_val_2.fq.gz
Approx 15% complete for TG3_R2_001_val_2.fq.gz
Approx 20% complete for TG3_R2_001_val_2.fq.gz
Approx 25% complete for TG3_R2_001_val_2.fq.gz
Approx 30% complete for TG3_R2_001_val_2.fq.gz
Approx 35% complete for TG3_R2_001_val_2.fq.gz
Approx 40% complete for TG3_R2_001_val_2.fq.gz
Approx 45% complete for TG3_R2_001_val_2.fq.gz
Approx 50% complete for TG3_R2_001_val_2.fq.gz
Approx 55% complete for TG3_R2_001_val_2.fq.gz
Approx 60% complete for TG3_R2_001_val_2.fq.gz
Approx 65% complete for TG3_R2_001_val_2.fq.gz
Approx 70% complete for TG3_R2_001_val_2.fq.gz
Approx 75% complete for TG3_R2_001_val_2.fq.gz
Approx 80% complete for TG3_R2_001_val_2.fq.gz
Approx 85% complete for TG3_R2_001_val_2.fq.gz
Approx 90% complete for TG3_R2_001_val_2.fq.gz
Approx 95% complete for TG3_R2_001_val_2.fq.gz
Analysis complete for TG3_R2_001_val_2.fq.gz
Deleting both intermediate output files TG3_R1_001_trimmed.fq.gz and TG3_R2_001_trimmed.fq.gz

====================================================================================================

