Using an excessive number of cores has a diminishing return! It is recommended not to exceed 8 cores per trimming process (you asked for 16 cores). Please consider re-specifying
Path to Cutadapt set as: 'cutadapt' (default)
Cutadapt seems to be working fine (tested command 'cutadapt --version')
Cutadapt version: 4.9
Could not detect version of Python used by Cutadapt from the first line of Cutadapt (but found this: >>>#!/bin/sh<<<)
Letting the (modified) Cutadapt deal with the Python version instead
pigz 2.8
Parallel gzip (pigz) detected. Proceeding with multicore (de)compression using 16 cores

igzip command line interface 2.31.0
igzip detected. Using igzip for decompressing

No quality encoding type selected. Assuming that the data provided uses Sanger encoded Phred scores (default)

Output will be written into the directory: /beegfs/scratch/ric.broccoli/kubacki.michal/MIRKO_DATA/Custom_pipeline/results/trimmed/


AUTO-DETECTING ADAPTER TYPE
===========================
Attempting to auto-detect adapter type from the first 1 million sequences of the first file (>> DATA/POL2/TM3_R1_001.fastq.gz <<)

Found perfect matches for the following adapter sequences:
Adapter type	Count	Sequence	Sequences analysed	Percentage
Nextera	802428	CTGTCTCTTATA	1000000	80.24
Illumina	5	AGATCGGAAGAGC	1000000	0.00
smallRNA	0	TGGAATTCTCGG	1000000	0.00
Using Nextera adapter for trimming (count: 802428). Second best hit was Illumina (count: 5)

Writing report to '/beegfs/scratch/ric.broccoli/kubacki.michal/MIRKO_DATA/Custom_pipeline/results/trimmed/TM3_R1_001.fastq.gz_trimming_report.txt'

SUMMARISING RUN PARAMETERS
==========================
Input filename: DATA/POL2/TM3_R1_001.fastq.gz
Trimming mode: paired-end
Trim Galore version: 0.6.10
Cutadapt version: 4.9
Python version: could not detect
Number of cores used for trimming: 16
Quality Phred score cutoff: 20
Quality encoding type selected: ASCII+33
Adapter sequence: 'CTGTCTCTTATA' (Nextera Transposase sequence; auto-detected)
Maximum trimming error rate: 0.1 (default)
Minimum required adapter overlap (stringency): 1 bp
Minimum required sequence length for both reads before a sequence pair gets removed: 20 bp
Running FastQC on the data once trimming has completed
Output file(s) will be GZIP compressed

Cutadapt seems to be fairly up-to-date (version 4.9). Setting -j 16
Writing final adapter and quality trimmed output to TM3_R1_001_trimmed.fq.gz


  >>> Now performing quality (cutoff '-q 20') and adapter trimming in a single pass for the adapter sequence: 'CTGTCTCTTATA' from file DATA/POL2/TM3_R1_001.fastq.gz <<< 
10000000 sequences processed
20000000 sequences processed
30000000 sequences processed
40000000 sequences processed
50000000 sequences processed
60000000 sequences processed
70000000 sequences processed
80000000 sequences processed
90000000 sequences processed
100000000 sequences processed
110000000 sequences processed
120000000 sequences processed
This is cutadapt 4.9 with Python 3.11.8
Command line parameters: -j 16 -e 0.1 -q 20 -O 1 -a CTGTCTCTTATA DATA/POL2/TM3_R1_001.fastq.gz
Processing single-end reads on 16 cores ...
Finished in 407.498 s (3.248 µs/read; 18.47 M reads/minute).

=== Summary ===

Total reads processed:             125,467,553
Reads with adapters:               112,037,414 (89.3%)
Reads written (passing filters):   125,467,553 (100.0%)

Total basepairs processed: 18,820,132,950 bp
Quality-trimmed:             125,743,645 bp (0.7%)
Total written (filtered):  11,725,436,658 bp (62.3%)

=== Adapter 1 ===

Sequence: CTGTCTCTTATA; Type: regular 3'; Length: 12; Trimmed: 112037414 times

Minimum overlap: 1
No. of allowed errors:
1-9 bp: 0; 10-12 bp: 1

Bases preceding removed adapters:
  A: 10.5%
  C: 44.3%
  G: 24.9%
  T: 20.3%
  none/other: 0.0%

Overview of removed sequences
length	count	expect	max.err	error counts
1	5196796	31366888.2	0	5196796
2	1533286	7841722.1	0	1533286
3	772518	1960430.5	0	772518
4	512501	490107.6	0	512501
5	449360	122526.9	0	449360
6	469564	30631.7	0	469564
7	428332	7657.9	0	428332
8	459336	1914.5	0	459336
9	485725	478.6	0	485412 313
10	469664	119.7	1	461621 8043
11	499003	29.9	1	486966 12037
12	480308	7.5	1	471708 8600
13	525556	7.5	1	510676 14880
14	511761	7.5	1	500283 11478
15	544830	7.5	1	526617 18213
16	583507	7.5	1	564226 19281
17	497374	7.5	1	487305 10069
18	593486	7.5	1	572693 20793
19	643612	7.5	1	624378 19234
20	481968	7.5	1	469175 12793
21	697072	7.5	1	672644 24428
22	463123	7.5	1	454181 8942
23	632290	7.5	1	616028 16262
24	542552	7.5	1	533292 9260
25	638000	7.5	1	619998 18002
26	620864	7.5	1	605652 15212
27	691418	7.5	1	663359 28059
28	627876	7.5	1	613053 14823
29	780073	7.5	1	748041 32032
30	603858	7.5	1	590942 12916
31	719367	7.5	1	698336 21031
32	660610	7.5	1	646349 14261
33	706063	7.5	1	687995 18068
34	738729	7.5	1	717464 21265
35	729476	7.5	1	708279 21197
36	767975	7.5	1	744206 23769
37	741127	7.5	1	722480 18647
38	757195	7.5	1	737569 19626
39	784888	7.5	1	764747 20141
40	783658	7.5	1	762071 21587
41	850469	7.5	1	822432 28037
42	841895	7.5	1	814606 27289
43	854115	7.5	1	830466 23649
44	1421344	7.5	1	1370916 50428
45	646033	7.5	1	628657 17376
46	1542762	7.5	1	1504360 38402
47	449908	7.5	1	434229 15679
48	1403017	7.5	1	1377246 25771
49	1702464	7.5	1	1674358 28106
50	1418642	7.5	1	1391542 27100
51	620113	7.5	1	601340 18773
52	731702	7.5	1	709272 22430
53	555209	7.5	1	537126 18083
54	826032	7.5	1	812034 13998
55	542006	7.5	1	530858 11148
56	639850	7.5	1	628476 11374
57	816304	7.5	1	803979 12325
58	903846	7.5	1	889890 13956
59	1027921	7.5	1	1010078 17843
60	971500	7.5	1	953744 17756
61	1039388	7.5	1	1019190 20198
62	1026547	7.5	1	1007854 18693
63	1011100	7.5	1	992834 18266
64	1032339	7.5	1	1011918 20421
65	1140892	7.5	1	1114508 26384
66	1268857	7.5	1	1239479 29378
67	1586521	7.5	1	1550210 36311
68	2611928	7.5	1	2563700 48228
69	3062963	7.5	1	3015808 47155
70	1870233	7.5	1	1841066 29167
71	941779	7.5	1	925081 16698
72	506905	7.5	1	496804 10101
73	282087	7.5	1	274180 7907
74	170252	7.5	1	162226 8026
75	260943	7.5	1	250925 10018
76	547561	7.5	1	534117 13444
77	831285	7.5	1	815719 15566
78	1032062	7.5	1	1014214 17848
79	1152918	7.5	1	1133404 19514
80	1235315	7.5	1	1217009 18306
81	1297977	7.5	1	1278236 19741
82	1310860	7.5	1	1293336 17524
83	1284608	7.5	1	1266963 17645
84	1307639	7.5	1	1291281 16358
85	1277076	7.5	1	1261253 15823
86	1315733	7.5	1	1298735 16998
87	1293028	7.5	1	1276369 16659
88	1288411	7.5	1	1272546 15865
89	1378568	7.5	1	1361043 17525
90	1400447	7.5	1	1382539 17908
91	1460865	7.5	1	1440172 20693
92	1467144	7.5	1	1445966 21178
93	1474511	7.5	1	1453448 21063
94	1421045	7.5	1	1400774 20271
95	1375869	7.5	1	1351743 24126
96	1364059	7.5	1	1338717 25342
97	1319973	7.5	1	1295118 24855
98	1315602	7.5	1	1290336 25266
99	1337383	7.5	1	1311204 26179
100	1364221	7.5	1	1337069 27152
101	1404645	7.5	1	1377507 27138
102	1429011	7.5	1	1402060 26951
103	1473742	7.5	1	1447358 26384
104	1461222	7.5	1	1436538 24684
105	1331653	7.5	1	1308521 23132
106	1207465	7.5	1	1186055 21410
107	1046601	7.5	1	1030866 15735
108	910476	7.5	1	898450 12026
109	819368	7.5	1	808430 10938
110	683528	7.5	1	675160 8368
111	580512	7.5	1	573672 6840
112	439195	7.5	1	433588 5607
113	331067	7.5	1	326897 4170
114	227918	7.5	1	224289 3629
115	118133	7.5	1	116340 1793
116	69711	7.5	1	68747 964
117	57869	7.5	1	56854 1015
118	42092	7.5	1	41069 1023
119	29551	7.5	1	28568 983
120	26525	7.5	1	25843 682
121	25356	7.5	1	24526 830
122	16320	7.5	1	15803 517
123	8416	7.5	1	7887 529
124	3230	7.5	1	2830 400
125	1246	7.5	1	480 766
126	758	7.5	1	405 353
127	1053	7.5	1	273 780
128	408	7.5	1	155 253
129	553	7.5	1	61 492
130	487	7.5	1	17 470
131	943	7.5	1	168 775
132	735	7.5	1	10 725
133	516	7.5	1	43 473
134	679	7.5	1	21 658
135	593	7.5	1	125 468
136	562	7.5	1	79 483
137	2176	7.5	1	22 2154
138	497	7.5	1	20 477
139	456	7.5	1	110 346
140	281	7.5	1	22 259
141	466	7.5	1	29 437
142	1729	7.5	1	118 1611
143	310	7.5	1	34 276
144	376	7.5	1	38 338
145	140	7.5	1	44 96
146	331	7.5	1	180 151
147	1571	7.5	1	254 1317
148	469	7.5	1	115 354
149	1113	7.5	1	948 165
150	18633	7.5	1	17964 669

RUN STATISTICS FOR INPUT FILE: DATA/POL2/TM3_R1_001.fastq.gz
=============================================
125467553 sequences processed in total
The length threshold of paired-end sequences gets evaluated later on (in the validation step)

Writing report to '/beegfs/scratch/ric.broccoli/kubacki.michal/MIRKO_DATA/Custom_pipeline/results/trimmed/TM3_R2_001.fastq.gz_trimming_report.txt'

SUMMARISING RUN PARAMETERS
==========================
Input filename: DATA/POL2/TM3_R2_001.fastq.gz
Trimming mode: paired-end
Trim Galore version: 0.6.10
Cutadapt version: 4.9
Python version: could not detect
Number of cores used for trimming: 16
Quality Phred score cutoff: 20
Quality encoding type selected: ASCII+33
Adapter sequence: 'CTGTCTCTTATA' (Nextera Transposase sequence; auto-detected)
Maximum trimming error rate: 0.1 (default)
Minimum required adapter overlap (stringency): 1 bp
Minimum required sequence length for both reads before a sequence pair gets removed: 20 bp
Running FastQC on the data once trimming has completed
Output file(s) will be GZIP compressed

Cutadapt seems to be fairly up-to-date (version 4.9). Setting -j -j 16
Writing final adapter and quality trimmed output to TM3_R2_001_trimmed.fq.gz


  >>> Now performing quality (cutoff '-q 20') and adapter trimming in a single pass for the adapter sequence: 'CTGTCTCTTATA' from file DATA/POL2/TM3_R2_001.fastq.gz <<< 
10000000 sequences processed
20000000 sequences processed
30000000 sequences processed
40000000 sequences processed
50000000 sequences processed
60000000 sequences processed
70000000 sequences processed
80000000 sequences processed
90000000 sequences processed
100000000 sequences processed
110000000 sequences processed
120000000 sequences processed
This is cutadapt 4.9 with Python 3.11.8
Command line parameters: -j 16 -e 0.1 -q 20 -O 1 -a CTGTCTCTTATA DATA/POL2/TM3_R2_001.fastq.gz
Processing single-end reads on 16 cores ...
Finished in 384.466 s (3.064 µs/read; 19.58 M reads/minute).

=== Summary ===

Total reads processed:             125,467,553
Reads with adapters:               111,495,094 (88.9%)
Reads written (passing filters):   125,467,553 (100.0%)

Total basepairs processed: 18,820,132,950 bp
Quality-trimmed:              65,219,412 bp (0.3%)
Total written (filtered):  11,763,084,971 bp (62.5%)

=== Adapter 1 ===

Sequence: CTGTCTCTTATA; Type: regular 3'; Length: 12; Trimmed: 111495094 times

Minimum overlap: 1
No. of allowed errors:
1-9 bp: 0; 10-12 bp: 1

Bases preceding removed adapters:
  A: 10.4%
  C: 44.5%
  G: 24.9%
  T: 20.2%
  none/other: 0.0%

Overview of removed sequences
length	count	expect	max.err	error counts
1	5285662	31366888.2	0	5285662
2	1547859	7841722.1	0	1547859
3	798037	1960430.5	0	798037
4	505202	490107.6	0	505202
5	448482	122526.9	0	448482
6	450999	30631.7	0	450999
7	437542	7657.9	0	437542
8	452324	1914.5	0	452324
9	490375	478.6	0	490123 252
10	457098	119.7	1	450305 6793
11	506544	29.9	1	490812 15732
12	478898	7.5	1	470147 8751
13	518908	7.5	1	503482 15426
14	503353	7.5	1	492932 10421
15	534183	7.5	1	517072 17111
16	529578	7.5	1	516999 12579
17	525251	7.5	1	512892 12359
18	554426	7.5	1	537781 16645
19	569244	7.5	1	549549 19695
20	552430	7.5	1	539569 12861
21	556093	7.5	1	543397 12696
22	596369	7.5	1	577665 18704
23	586086	7.5	1	574233 11853
24	607427	7.5	1	591620 15807
25	639531	7.5	1	620380 19151
26	615080	7.5	1	602292 12788
27	650698	7.5	1	634349 16349
28	657308	7.5	1	633489 23819
29	658942	7.5	1	642323 16619
30	660376	7.5	1	643664 16712
31	694283	7.5	1	673102 21181
32	674557	7.5	1	658942 15615
33	695847	7.5	1	678309 17538
34	703593	7.5	1	688288 15305
35	708308	7.5	1	688391 19917
36	711343	7.5	1	695270 16073
37	747278	7.5	1	725313 21965
38	752653	7.5	1	733773 18880
39	761084	7.5	1	743244 17840
40	746897	7.5	1	730482 16415
41	780122	7.5	1	761040 19082
42	788110	7.5	1	769686 18424
43	832612	7.5	1	810181 22431
44	840208	7.5	1	814559 25649
45	827887	7.5	1	809543 18344
46	825295	7.5	1	809609 15686
47	870048	7.5	1	847570 22478
48	869069	7.5	1	849156 19913
49	880295	7.5	1	861009 19286
50	930111	7.5	1	904505 25606
51	889767	7.5	1	869480 20287
52	914280	7.5	1	893962 20318
53	1000092	7.5	1	977208 22884
54	881691	7.5	1	862187 19504
55	944353	7.5	1	926053 18300
56	959214	7.5	1	937600 21614
57	967159	7.5	1	948625 18534
58	988969	7.5	1	966724 22245
59	1042913	7.5	1	1017743 25170
60	1010384	7.5	1	991217 19167
61	1056147	7.5	1	1034995 21152
62	1112530	7.5	1	1084097 28433
63	1086008	7.5	1	1062101 23907
64	1085500	7.5	1	1060834 24666
65	1212661	7.5	1	1183604 29057
66	1291683	7.5	1	1267925 23758
67	1818062	7.5	1	1797980 20082
68	368319	7.5	1	359884 8435
69	942916	7.5	1	930320 12596
70	1119692	7.5	1	1105103 14589
71	1152043	7.5	1	1136031 16012
72	1157473	7.5	1	1141426 16047
73	1155206	7.5	1	1139117 16089
74	1176889	7.5	1	1160412 16477
75	1167616	7.5	1	1150186 17430
76	1213949	7.5	1	1195722 18227
77	1204610	7.5	1	1186667 17943
78	1223986	7.5	1	1205443 18543
79	1253958	7.5	1	1235263 18695
80	1293323	7.5	1	1274696 18627
81	1333207	7.5	1	1313904 19303
82	1333469	7.5	1	1314206 19263
83	1298696	7.5	1	1280652 18044
84	1317623	7.5	1	1299874 17749
85	1282110	7.5	1	1264923 17187
86	1319801	7.5	1	1301348 18453
87	1294380	7.5	1	1277219 17161
88	1287374	7.5	1	1269347 18027
89	1375011	7.5	1	1356021 18990
90	1395873	7.5	1	1377151 18722
91	1455819	7.5	1	1434916 20903
92	1462038	7.5	1	1439952 22086
93	1469718	7.5	1	1446533 23185
94	1414795	7.5	1	1393707 21088
95	1369817	7.5	1	1349450 20367
96	1358537	7.5	1	1337331 21206
97	1314088	7.5	1	1294826 19262
98	1309688	7.5	1	1290136 19552
99	1331340	7.5	1	1310332 21008
100	1357879	7.5	1	1339402 18477
101	1397653	7.5	1	1378513 19140
102	1422054	7.5	1	1403990 18064
103	1465092	7.5	1	1446148 18944
104	1452225	7.5	1	1433381 18844
105	1323299	7.5	1	1306000 17299
106	1199395	7.5	1	1183128 16267
107	1040263	7.5	1	1026118 14145
108	904843	7.5	1	892500 12343
109	815013	7.5	1	803447 11566
110	680332	7.5	1	670614 9718
111	578549	7.5	1	570625 7924
112	437728	7.5	1	431359 6369
113	330239	7.5	1	325113 5126
114	227783	7.5	1	223870 3913
115	118142	7.5	1	116282 1860
116	69965	7.5	1	68786 1179
117	58005	7.5	1	56855 1150
118	41953	7.5	1	41165 788
119	29874	7.5	1	28640 1234
120	26717	7.5	1	25916 801
121	25525	7.5	1	24741 784
122	16635	7.5	1	16064 571
123	8500	7.5	1	7983 517
124	3255	7.5	1	2891 364
125	1063	7.5	1	399 664
126	726	7.5	1	408 318
127	1093	7.5	1	274 819
128	196	7.5	1	164 32
129	587	7.5	1	60 527
130	387	7.5	1	18 369
131	878	7.5	1	175 703
132	568	7.5	1	27 541
133	304	7.5	1	17 287
134	433	7.5	1	15 418
135	362	7.5	1	119 243
136	259	7.5	1	73 186
137	2319	7.5	1	18 2301
138	689	7.5	1	11 678
139	321	7.5	1	83 238
140	453	7.5	1	5 448
141	169	7.5	1	7 162
142	1293	7.5	1	59 1234
143	192	7.5	1	3 189
144	274	7.5	1	7 267
145	149	7.5	1	11 138
146	346	7.5	1	140 206
147	1706	7.5	1	187 1519
148	663	7.5	1	16 647
149	327	7.5	1	217 110
150	19737	7.5	1	19041 696

RUN STATISTICS FOR INPUT FILE: DATA/POL2/TM3_R2_001.fastq.gz
=============================================
125467553 sequences processed in total
The length threshold of paired-end sequences gets evaluated later on (in the validation step)

Validate paired-end files TM3_R1_001_trimmed.fq.gz and TM3_R2_001_trimmed.fq.gz
file_1: TM3_R1_001_trimmed.fq.gz, file_2: TM3_R2_001_trimmed.fq.gz


>>>>> Now validing the length of the 2 paired-end infiles: TM3_R1_001_trimmed.fq.gz and TM3_R2_001_trimmed.fq.gz <<<<<
Writing validated paired-end Read 1 reads to TM3_R1_001_val_1.fq.gz
Writing validated paired-end Read 2 reads to TM3_R2_001_val_2.fq.gz

Total number of sequences analysed: 125467553

Number of sequence pairs removed because at least one read was shorter than the length cutoff (20 bp): 70152 (0.06%)


  >>> Now running FastQC on the validated data TM3_R1_001_val_1.fq.gz<<<

application/gzip
Started analysis of TM3_R1_001_val_1.fq.gz
Approx 5% complete for TM3_R1_001_val_1.fq.gz
Approx 10% complete for TM3_R1_001_val_1.fq.gz
Approx 15% complete for TM3_R1_001_val_1.fq.gz
Approx 20% complete for TM3_R1_001_val_1.fq.gz
Approx 25% complete for TM3_R1_001_val_1.fq.gz
Approx 30% complete for TM3_R1_001_val_1.fq.gz
Approx 35% complete for TM3_R1_001_val_1.fq.gz
Approx 40% complete for TM3_R1_001_val_1.fq.gz
Approx 45% complete for TM3_R1_001_val_1.fq.gz
Approx 50% complete for TM3_R1_001_val_1.fq.gz
Approx 55% complete for TM3_R1_001_val_1.fq.gz
Approx 60% complete for TM3_R1_001_val_1.fq.gz
Approx 65% complete for TM3_R1_001_val_1.fq.gz
Approx 70% complete for TM3_R1_001_val_1.fq.gz
Approx 75% complete for TM3_R1_001_val_1.fq.gz
Approx 80% complete for TM3_R1_001_val_1.fq.gz
Approx 85% complete for TM3_R1_001_val_1.fq.gz
Approx 90% complete for TM3_R1_001_val_1.fq.gz
Approx 95% complete for TM3_R1_001_val_1.fq.gz
Analysis complete for TM3_R1_001_val_1.fq.gz

  >>> Now running FastQC on the validated data TM3_R2_001_val_2.fq.gz<<<

application/gzip
Started analysis of TM3_R2_001_val_2.fq.gz
Approx 5% complete for TM3_R2_001_val_2.fq.gz
Approx 10% complete for TM3_R2_001_val_2.fq.gz
Approx 15% complete for TM3_R2_001_val_2.fq.gz
Approx 20% complete for TM3_R2_001_val_2.fq.gz
Approx 25% complete for TM3_R2_001_val_2.fq.gz
Approx 30% complete for TM3_R2_001_val_2.fq.gz
Approx 35% complete for TM3_R2_001_val_2.fq.gz
Approx 40% complete for TM3_R2_001_val_2.fq.gz
Approx 45% complete for TM3_R2_001_val_2.fq.gz
Approx 50% complete for TM3_R2_001_val_2.fq.gz
Approx 55% complete for TM3_R2_001_val_2.fq.gz
Approx 60% complete for TM3_R2_001_val_2.fq.gz
Approx 65% complete for TM3_R2_001_val_2.fq.gz
Approx 70% complete for TM3_R2_001_val_2.fq.gz
Approx 75% complete for TM3_R2_001_val_2.fq.gz
Approx 80% complete for TM3_R2_001_val_2.fq.gz
Approx 85% complete for TM3_R2_001_val_2.fq.gz
Approx 90% complete for TM3_R2_001_val_2.fq.gz
Approx 95% complete for TM3_R2_001_val_2.fq.gz
Analysis complete for TM3_R2_001_val_2.fq.gz
Deleting both intermediate output files TM3_R1_001_trimmed.fq.gz and TM3_R2_001_trimmed.fq.gz

====================================================================================================

