Building DAG of jobs...
Unlocked working directory.
Config file config.yaml is extended by additional config specified via the command line.
Assuming unrestricted shared filesystem usage.
host: srcn02
Building DAG of jobs...
Using shell: /usr/bin/bash
Provided cores: 32
Rules claiming more threads will be scaled down.
Job stats:
job                     count
--------------------  -------
all                         1
differential_binding        3
multiqc                     1
total                       5

Select jobs to execute...
Execute 1 jobs...

[Sun Oct 13 08:12:38 2024]
localrule differential_binding:
    input: results/peaks/NSCM1_peaks.narrowPeak, results/peaks/IgM_peaks.narrowPeak, results/peaks/NeuM2_peaks.narrowPeak, results/peaks/NeuM3_peaks.narrowPeak, results/peaks/NSCM3_peaks.narrowPeak, results/peaks/NSCM2_peaks.narrowPeak, results/aligned/NSCM1.bam, results/aligned/IgM.bam, results/aligned/NeuM2.bam, results/aligned/NeuM3.bam, results/aligned/NSCM3.bam, results/aligned/NSCM2.bam
    output: results/differential_binding/ENDOGENOUS_differential_binding_results.csv
    log: results/logs/diffbind/ENDOGENOUS_diffbind.log
    jobid: 27
    reason: Missing output files: results/differential_binding/ENDOGENOUS_differential_binding_results.csv
    wildcards: experiment=ENDOGENOUS
    threads: 32
    resources: tmpdir=/beegfs/scratch/tmp

Activating conda environment: r_env
Loading required package: GenomicRanges
Loading required package: stats4
Loading required package: BiocGenerics

Attaching package: ‘BiocGenerics’

The following objects are masked from ‘package:stats’:

    IQR, mad, sd, var, xtabs

The following objects are masked from ‘package:base’:

    anyDuplicated, aperm, append, as.data.frame, basename, cbind,
    colnames, dirname, do.call, duplicated, eval, evalq, Filter, Find,
    get, grep, grepl, intersect, is.unsorted, lapply, Map, mapply,
    match, mget, order, paste, pmax, pmax.int, pmin, pmin.int,
    Position, rank, rbind, Reduce, rownames, sapply, setdiff, table,
    tapply, union, unique, unsplit, which.max, which.min

Loading required package: S4Vectors

Attaching package: ‘S4Vectors’

The following object is masked from ‘package:utils’:

    findMatches

The following objects are masked from ‘package:base’:

    expand.grid, I, unname

Loading required package: IRanges
Loading required package: GenomeInfoDb
Loading required package: SummarizedExperiment
Loading required package: MatrixGenerics
Loading required package: matrixStats

Attaching package: ‘MatrixGenerics’

The following objects are masked from ‘package:matrixStats’:

    colAlls, colAnyNAs, colAnys, colAvgsPerRowSet, colCollapse,
    colCounts, colCummaxs, colCummins, colCumprods, colCumsums,
    colDiffs, colIQRDiffs, colIQRs, colLogSumExps, colMadDiffs,
    colMads, colMaxs, colMeans2, colMedians, colMins, colOrderStats,
    colProds, colQuantiles, colRanges, colRanks, colSdDiffs, colSds,
    colSums2, colTabulates, colVarDiffs, colVars, colWeightedMads,
    colWeightedMeans, colWeightedMedians, colWeightedSds,
    colWeightedVars, rowAlls, rowAnyNAs, rowAnys, rowAvgsPerColSet,
    rowCollapse, rowCounts, rowCummaxs, rowCummins, rowCumprods,
    rowCumsums, rowDiffs, rowIQRDiffs, rowIQRs, rowLogSumExps,
    rowMadDiffs, rowMads, rowMaxs, rowMeans2, rowMedians, rowMins,
    rowOrderStats, rowProds, rowQuantiles, rowRanges, rowRanks,
    rowSdDiffs, rowSds, rowSums2, rowTabulates, rowVarDiffs, rowVars,
    rowWeightedMads, rowWeightedMeans, rowWeightedMedians,
    rowWeightedSds, rowWeightedVars

Loading required package: Biobase
Welcome to Bioconductor

    Vignettes contain introductory material; view with
    'browseVignettes()'. To cite Bioconductor, see
    'citation("Biobase")', and for packages 'citation("pkgname")'.


Attaching package: ‘Biobase’

The following object is masked from ‘package:MatrixGenerics’:

    rowMedians

The following objects are masked from ‘package:matrixStats’:

    anyMissing, rowMedians

 >>> DiffBind 3.14.0
── Attaching core tidyverse packages ──────────────────────── tidyverse 2.0.0 ──
✔ dplyr     1.1.4     ✔ readr     2.1.5
✔ forcats   1.0.0     ✔ stringr   1.5.1
✔ ggplot2   3.5.1     ✔ tibble    3.2.1
✔ lubridate 1.9.3     ✔ tidyr     1.3.1
✔ purrr     1.0.2     
── Conflicts ────────────────────────────────────────── tidyverse_conflicts() ──
✖ lubridate::%within%() masks IRanges::%within%()
✖ dplyr::collapse()     masks IRanges::collapse()
✖ dplyr::combine()      masks Biobase::combine(), BiocGenerics::combine()
✖ dplyr::count()        masks matrixStats::count()
✖ dplyr::desc()         masks IRanges::desc()
✖ tidyr::expand()       masks S4Vectors::expand()
✖ dplyr::filter()       masks stats::filter()
✖ dplyr::first()        masks S4Vectors::first()
✖ dplyr::lag()          masks stats::lag()
✖ ggplot2::Position()   masks BiocGenerics::Position(), base::Position()
✖ purrr::reduce()       masks GenomicRanges::reduce(), IRanges::reduce()
✖ dplyr::rename()       masks S4Vectors::rename()
✖ lubridate::second()   masks S4Vectors::second()
✖ lubridate::second<-() masks S4Vectors::second<-()
✖ dplyr::slice()        masks IRanges::slice()
ℹ Use the conflicted package (<http://conflicted.r-lib.org/>) to force all conflicts to become errors
NeuM2 Neuron Endo Endogenous  2 narrow
NeuM3 Neuron Endo Endogenous  3 narrow
NSCM1 NSC Endo Endogenous  1 narrow
NSCM2 NSC Endo Endogenous  2 narrow
NSCM3 NSC Endo Endogenous  3 narrow
IgM Unknown IgG Control  1 narrow
Computing summits...
Re-centering peaks...
Reads will be counted as Paired-end.
Reads will be counted as Paired-end.
Reads will be counted as Paired-end.
Reads will be counted as Paired-end.
Reads will be counted as Paired-end.
Reads will be counted as Paired-end.
Warning message:
No contrasts added. There must be at least two sample groups with at least three replicates. 
Applying Blacklist/Greylists...
Genome detected: Mmusculus.UCSC.mm10
Applying blacklist...
Removed: 2034 of 69374 intervals.
Re-normalizing...
Removed 2034 (of 69374) consensus peaks.
Forming default model design and contrast(s)...
Analyzing...
Adding contrasts(s)...
Analyze error: Error in pv.DBA(DBA, method, bTagwise = bTagwise, minMembers = 3, bParallel = bParallel): Unable to perform analysis: no contrasts specified.

Unable to complete analysis.
Warning messages:
1: No contrasts added. There must be at least two sample groups with at least three replicates. 
2: No contrasts added. There must be at least two sample groups with at least three replicates. 
Error: Specified contrast number is greater than number of contrasts
Execution halted
RuleException:
CalledProcessError in file /beegfs/scratch/ric.broccoli/kubacki.michal/SRF_ChipSeq/Custom_pipeline/Snakefile, line 174:
Command 'source /opt/common/tools/ric.cosr/miniconda3/bin/activate 'r_env'; set -euo pipefail;  Rscript --vanilla /beegfs/scratch/ric.broccoli/kubacki.michal/SRF_ChipSeq/Custom_pipeline/.snakemake/scripts/tmpbf02d6rh.run_diffbind.R' returned non-zero exit status 1.
[Sun Oct 13 08:32:58 2024]
Error in rule differential_binding:
    jobid: 27
    input: results/peaks/NSCM1_peaks.narrowPeak, results/peaks/IgM_peaks.narrowPeak, results/peaks/NeuM2_peaks.narrowPeak, results/peaks/NeuM3_peaks.narrowPeak, results/peaks/NSCM3_peaks.narrowPeak, results/peaks/NSCM2_peaks.narrowPeak, results/aligned/NSCM1.bam, results/aligned/IgM.bam, results/aligned/NeuM2.bam, results/aligned/NeuM3.bam, results/aligned/NSCM3.bam, results/aligned/NSCM2.bam
    output: results/differential_binding/ENDOGENOUS_differential_binding_results.csv
    log: results/logs/diffbind/ENDOGENOUS_diffbind.log (check log file(s) for error details)
    conda-env: r_env

Select jobs to execute...
Execute 1 jobs...

[Sun Oct 13 08:32:58 2024]
localrule differential_binding:
    input: results/peaks/TM3_peaks.narrowPeak, results/peaks/TG3_peaks.narrowPeak, results/peaks/TG2_peaks.narrowPeak, results/peaks/2G2_peaks.narrowPeak, results/peaks/2G3_peaks.narrowPeak, results/peaks/TG1_peaks.narrowPeak, results/peaks/TM2_peaks.narrowPeak, results/peaks/2G1_peaks.narrowPeak, results/peaks/2M3_peaks.narrowPeak, results/peaks/TM1_peaks.narrowPeak, results/peaks/2M1_peaks.narrowPeak, results/peaks/2M2_peaks.narrowPeak, results/aligned/TM3.bam, results/aligned/TG3.bam, results/aligned/TG2.bam, results/aligned/2G2.bam, results/aligned/2G3.bam, results/aligned/TG1.bam, results/aligned/TM2.bam, results/aligned/2G1.bam, results/aligned/2M3.bam, results/aligned/TM1.bam, results/aligned/2M1.bam, results/aligned/2M2.bam
    output: results/differential_binding/POL2_differential_binding_results.csv
    log: results/logs/diffbind/POL2_diffbind.log
    jobid: 46
    reason: Missing output files: results/differential_binding/POL2_differential_binding_results.csv
    wildcards: experiment=POL2
    threads: 32
    resources: tmpdir=/beegfs/scratch/tmp

Activating conda environment: r_env
Loading required package: GenomicRanges
Loading required package: stats4
Loading required package: BiocGenerics

Attaching package: ‘BiocGenerics’

The following objects are masked from ‘package:stats’:

    IQR, mad, sd, var, xtabs

The following objects are masked from ‘package:base’:

    anyDuplicated, aperm, append, as.data.frame, basename, cbind,
    colnames, dirname, do.call, duplicated, eval, evalq, Filter, Find,
    get, grep, grepl, intersect, is.unsorted, lapply, Map, mapply,
    match, mget, order, paste, pmax, pmax.int, pmin, pmin.int,
    Position, rank, rbind, Reduce, rownames, sapply, setdiff, table,
    tapply, union, unique, unsplit, which.max, which.min

Loading required package: S4Vectors

Attaching package: ‘S4Vectors’

The following object is masked from ‘package:utils’:

    findMatches

The following objects are masked from ‘package:base’:

    expand.grid, I, unname

Loading required package: IRanges
Loading required package: GenomeInfoDb
Loading required package: SummarizedExperiment
Loading required package: MatrixGenerics
Loading required package: matrixStats

Attaching package: ‘MatrixGenerics’

The following objects are masked from ‘package:matrixStats’:

    colAlls, colAnyNAs, colAnys, colAvgsPerRowSet, colCollapse,
    colCounts, colCummaxs, colCummins, colCumprods, colCumsums,
    colDiffs, colIQRDiffs, colIQRs, colLogSumExps, colMadDiffs,
    colMads, colMaxs, colMeans2, colMedians, colMins, colOrderStats,
    colProds, colQuantiles, colRanges, colRanks, colSdDiffs, colSds,
    colSums2, colTabulates, colVarDiffs, colVars, colWeightedMads,
    colWeightedMeans, colWeightedMedians, colWeightedSds,
    colWeightedVars, rowAlls, rowAnyNAs, rowAnys, rowAvgsPerColSet,
    rowCollapse, rowCounts, rowCummaxs, rowCummins, rowCumprods,
    rowCumsums, rowDiffs, rowIQRDiffs, rowIQRs, rowLogSumExps,
    rowMadDiffs, rowMads, rowMaxs, rowMeans2, rowMedians, rowMins,
    rowOrderStats, rowProds, rowQuantiles, rowRanges, rowRanks,
    rowSdDiffs, rowSds, rowSums2, rowTabulates, rowVarDiffs, rowVars,
    rowWeightedMads, rowWeightedMeans, rowWeightedMedians,
    rowWeightedSds, rowWeightedVars

Loading required package: Biobase
Welcome to Bioconductor

    Vignettes contain introductory material; view with
    'browseVignettes()'. To cite Bioconductor, see
    'citation("Biobase")', and for packages 'citation("pkgname")'.


Attaching package: ‘Biobase’

The following object is masked from ‘package:MatrixGenerics’:

    rowMedians

The following objects are masked from ‘package:matrixStats’:

    anyMissing, rowMedians

 >>> DiffBind 3.14.0
── Attaching core tidyverse packages ──────────────────────── tidyverse 2.0.0 ──
✔ dplyr     1.1.4     ✔ readr     2.1.5
✔ forcats   1.0.0     ✔ stringr   1.5.1
✔ ggplot2   3.5.1     ✔ tibble    3.2.1
✔ lubridate 1.9.3     ✔ tidyr     1.3.1
✔ purrr     1.0.2     
── Conflicts ────────────────────────────────────────── tidyverse_conflicts() ──
✖ lubridate::%within%() masks IRanges::%within%()
✖ dplyr::collapse()     masks IRanges::collapse()
✖ dplyr::combine()      masks Biobase::combine(), BiocGenerics::combine()
✖ dplyr::count()        masks matrixStats::count()
✖ dplyr::desc()         masks IRanges::desc()
✖ tidyr::expand()       masks S4Vectors::expand()
✖ dplyr::filter()       masks stats::filter()
✖ dplyr::first()        masks S4Vectors::first()
✖ dplyr::lag()          masks stats::lag()
✖ ggplot2::Position()   masks BiocGenerics::Position(), base::Position()
✖ purrr::reduce()       masks GenomicRanges::reduce(), IRanges::reduce()
✖ dplyr::rename()       masks S4Vectors::rename()
✖ lubridate::second()   masks S4Vectors::second()
✖ lubridate::second<-() masks S4Vectors::second<-()
✖ dplyr::slice()        masks IRanges::slice()
ℹ Use the conflicted package (<http://conflicted.r-lib.org/>) to force all conflicts to become errors
2G1 Unknown POL2 POL2  1 narrow
2G2 Unknown POL2 POL2  2 narrow
2G3 Unknown POL2 POL2  3 narrow
2M1 Unknown POL2 POL2  1 narrow
2M2 Unknown POL2 POL2  2 narrow
2M3 Unknown POL2 POL2  3 narrow
TG1 Unknown POL2 POL2  1 narrow
TG2 Unknown POL2 POL2  2 narrow
TG3 Unknown POL2 POL2  3 narrow
TM1 Unknown POL2 POL2  1 narrow
TM2 Unknown POL2 POL2  2 narrow
TM3 Unknown POL2 POL2  3 narrow
Computing summits...
Re-centering peaks...
Reads will be counted as Paired-end.
Reads will be counted as Paired-end.
Reads will be counted as Paired-end.
Reads will be counted as Paired-end.
Reads will be counted as Paired-end.
Reads will be counted as Paired-end.
Reads will be counted as Paired-end.
Reads will be counted as Paired-end.
Reads will be counted as Paired-end.
Reads will be counted as Paired-end.
Reads will be counted as Paired-end.
Reads will be counted as Paired-end.
